<?xml version="1.0" encoding="UTF-8" standalone="yes"?><!DOCTYPE report PUBLIC "-//JACOCO//DTD Report 1.1//EN" "report.dtd"><report name="WebApi"><sessioninfo id="DESKTOP-2U456GH-2ffabb99" start="1654316610758" dump="1654316614010"/><sessioninfo id="DESKTOP-2U456GH-43600e93" start="1654316820310" dump="1654316823430"/><sessioninfo id="DESKTOP-2U456GH-c6c5aa29" start="1654319311088" dump="1654319315770"/><sessioninfo id="DESKTOP-2U456GH-f8f946f5" start="1654322813777" dump="1654322817555"/><sessioninfo id="DESKTOP-2U456GH-23384188" start="1654324698806" dump="1654324702048"/><sessioninfo id="DESKTOP-2U456GH-775ef4b4" start="1654325702389" dump="1654325706707"/><sessioninfo id="DESKTOP-2U456GH-c39f2145" start="1654336713148" dump="1654336718189"/><sessioninfo id="DESKTOP-2U456GH-c9f27f78" start="1654337089658" dump="1654337095349"/><sessioninfo id="DESKTOP-2U456GH-68747361" start="1654337226292" dump="1654337230108"/><sessioninfo id="DESKTOP-2U456GH-556d313" start="1654337832533" dump="1654337839863"/><sessioninfo id="DESKTOP-2U456GH-5ca75d81" start="1654338467745" dump="1654338475727"/><sessioninfo id="DESKTOP-2U456GH-3cc3af87" start="1654338830505" dump="1654338838596"/><sessioninfo id="DESKTOP-2U456GH-1e4aa7fa" start="1654338984186" dump="1654338990541"/><sessioninfo id="DESKTOP-2U456GH-2f71695a" start="1654339164528" dump="1654339170255"/><sessioninfo id="DESKTOP-2U456GH-c492fb3" start="1654339583963" dump="1654339587546"/><sessioninfo id="DESKTOP-2U456GH-a0e3ee00" start="1654339770706" dump="1654339780338"/><sessioninfo id="DESKTOP-2U456GH-7a689b82" start="1654339860328" dump="1654339865989"/><sessioninfo id="DESKTOP-2U456GH-5c77544b" start="1654340133884" dump="1654340141598"/><sessioninfo id="DESKTOP-2U456GH-d8995ec9" start="1654340320901" dump="1654340327122"/><sessioninfo id="DESKTOP-2U456GH-c7ab0c72" start="1654340859312" dump="1654340865718"/><sessioninfo id="DESKTOP-2U456GH-4e8b0bb5" start="1654340926266" dump="1654340932477"/><sessioninfo id="DESKTOP-2U456GH-288fe1b3" start="1654341232030" dump="1654341237372"/><sessioninfo id="DESKTOP-2U456GH-1c60956d" start="1654341731025" dump="1654341735527"/><sessioninfo id="DESKTOP-2U456GH-b011aa9b" start="1654342051666" dump="1654342055538"/><sessioninfo id="DESKTOP-2U456GH-a7ce3ddf" start="1654342386657" dump="1654342392647"/><sessioninfo id="DESKTOP-2U456GH-152a460" start="1654342488172" dump="1654342495031"/><sessioninfo id="DESKTOP-2U456GH-c4082be2" start="1654342768604" dump="1654342773707"/><sessioninfo id="DESKTOP-2U456GH-7b9d3838" start="1654342878415" dump="1654342883720"/><sessioninfo id="DESKTOP-2U456GH-ebf8f483" start="1654343324037" dump="1654343329429"/><sessioninfo id="DESKTOP-2U456GH-cf0b9aa4" start="1654343424535" dump="1654343429928"/><sessioninfo id="DESKTOP-2U456GH-931dd5b9" start="1654343520748" dump="1654343526084"/><sessioninfo id="DESKTOP-2U456GH-69a15808" start="1654343701960" dump="1654343707426"/><sessioninfo id="DESKTOP-2U456GH-6ca34bd8" start="1654343923599" dump="1654343928388"/><sessioninfo id="DESKTOP-2U456GH-3a4d1a7b" start="1654344249430" dump="1654344253151"/><sessioninfo id="DESKTOP-2U456GH-e3c6b8dc" start="1654344687260" dump="1654344692554"/><package name=""><class name="App" sourcefilename="App.java"><method name="&lt;init&gt;" desc="()V" line="1"><counter type="INSTRUCTION" missed="0" covered="3"/><counter type="LINE" missed="0" covered="1"/><counter type="COMPLEXITY" missed="0" covered="1"/><counter type="METHOD" missed="0" covered="1"/></method><method name="main" desc="([Ljava/lang/String;)V" line="4"><counter type="INSTRUCTION" missed="0" covered="3"/><counter type="LINE" missed="0" covered="3"/><counter type="COMPLEXITY" missed="0" covered="1"/><counter type="METHOD" missed="0" covered="1"/></method><counter type="INSTRUCTION" missed="0" covered="6"/><counter type="LINE" missed="0" covered="4"/><counter type="COMPLEXITY" missed="0" covered="2"/><counter type="METHOD" missed="0" covered="2"/><counter type="CLASS" missed="0" covered="1"/></class><class name="WebApi" sourcefilename="WebApi.java"><method name="&lt;init&gt;" desc="()V" line="6"><counter type="INSTRUCTION" missed="0" covered="3"/><counter type="LINE" missed="0" covered="1"/><counter type="COMPLEXITY" missed="0" covered="1"/><counter type="METHOD" missed="0" covered="1"/></method><method name="AddControllers" desc="()V" line="9"><counter type="INSTRUCTION" missed="0" covered="8"/><counter type="LINE" missed="0" covered="5"/><counter type="COMPLEXITY" missed="0" covered="1"/><counter type="METHOD" missed="0" covered="1"/></method><counter type="INSTRUCTION" missed="0" covered="11"/><counter type="LINE" missed="0" covered="6"/><counter type="COMPLEXITY" missed="0" covered="2"/><counter type="METHOD" missed="0" covered="2"/><counter type="CLASS" missed="0" covered="1"/></class><sourcefile name="App.java"><line nr="1" mi="0" ci="3" mb="0" cb="0"/><line nr="4" mi="0" ci="1" mb="0" cb="0"/><line nr="5" mi="0" ci="1" mb="0" cb="0"/><line nr="6" mi="0" ci="1" mb="0" cb="0"/><counter type="INSTRUCTION" missed="0" covered="6"/><counter type="LINE" missed="0" covered="4"/><counter type="COMPLEXITY" missed="0" covered="2"/><counter type="METHOD" missed="0" covered="2"/><counter type="CLASS" missed="0" covered="1"/></sourcefile><sourcefile name="WebApi.java"><line nr="6" mi="0" ci="3" mb="0" cb="0"/><line nr="9" mi="0" ci="2" mb="0" cb="0"/><line nr="10" mi="0" ci="2" mb="0" cb="0"/><line nr="11" mi="0" ci="1" mb="0" cb="0"/><line nr="13" mi="0" ci="2" mb="0" cb="0"/><line nr="14" mi="0" ci="1" mb="0" cb="0"/><counter type="INSTRUCTION" missed="0" covered="11"/><counter type="LINE" missed="0" covered="6"/><counter type="COMPLEXITY" missed="0" covered="2"/><counter type="METHOD" missed="0" covered="2"/><counter type="CLASS" missed="0" covered="1"/></sourcefile><counter type="INSTRUCTION" missed="0" covered="17"/><counter type="LINE" missed="0" covered="10"/><counter type="COMPLEXITY" missed="0" covered="4"/><counter type="METHOD" missed="0" covered="4"/><counter type="CLASS" missed="0" covered="2"/></package><package name="Controllers"><class name="Controllers/VueloController" sourcefilename="VueloController.java"><method name="&lt;init&gt;" desc="(Lfourteam/mediator/Mediator;)V" line="31"><counter type="INSTRUCTION" missed="0" covered="6"/><counter type="LINE" missed="0" covered="3"/><counter type="COMPLEXITY" missed="0" covered="1"/><counter type="METHOD" missed="0" covered="1"/></method><method name="getAll" desc="()Lfourteam/mediator/Response;" line="37"><counter type="INSTRUCTION" missed="0" covered="10"/><counter type="LINE" missed="0" covered="2"/><counter type="COMPLEXITY" missed="0" covered="1"/><counter type="METHOD" missed="0" covered="1"/></method><method name="register" desc="(LUseCases/Command/Vuelos/Crear/CrearVueloCommand;)Lfourteam/mediator/Response;" line="43"><counter type="INSTRUCTION" missed="0" covered="8"/><counter type="LINE" missed="0" covered="2"/><counter type="COMPLEXITY" missed="0" covered="1"/><counter type="METHOD" missed="0" covered="1"/></method><method name="getByKey" desc="(LUseCases/Queries/Vuelos/GetByKey/GetVueloByKeyQuery;)Lfourteam/mediator/Response;" line="49"><counter type="INSTRUCTION" missed="0" covered="8"/><counter type="LINE" missed="0" covered="2"/><counter type="COMPLEXITY" missed="0" covered="1"/><counter type="METHOD" missed="0" covered="1"/></method><method name="edit" desc="(LModel/Vuelos/Vuelo;LUseCases/Command/Vuelos/Editar/EditarVueloCommand;)Lfourteam/mediator/Response;" line="56"><counter type="INSTRUCTION" missed="0" covered="38"/><counter type="LINE" missed="0" covered="8"/><counter type="COMPLEXITY" missed="0" covered="1"/><counter type="METHOD" missed="0" covered="1"/></method><method name="delete" desc="(LUseCases/Command/Vuelos/Eliminar/EliminarVueloCommand;)Lfourteam/mediator/Response;" line="68"><counter type="INSTRUCTION" missed="0" covered="8"/><counter type="LINE" missed="0" covered="2"/><counter type="COMPLEXITY" missed="0" covered="1"/><counter type="METHOD" missed="0" covered="1"/></method><counter type="INSTRUCTION" missed="0" covered="78"/><counter type="LINE" missed="0" covered="19"/><counter type="COMPLEXITY" missed="0" covered="6"/><counter type="METHOD" missed="0" covered="6"/><counter type="CLASS" missed="0" covered="1"/></class><class name="Controllers/TripulanteController" sourcefilename="TripulanteController.java"><method name="&lt;init&gt;" desc="(Lfourteam/mediator/Mediator;)V" line="31"><counter type="INSTRUCTION" missed="0" covered="6"/><counter type="LINE" missed="0" covered="3"/><counter type="COMPLEXITY" missed="0" covered="1"/><counter type="METHOD" missed="0" covered="1"/></method><method name="getAll" desc="()Lfourteam/mediator/Response;" line="37"><counter type="INSTRUCTION" missed="0" covered="7"/><counter type="LINE" missed="0" covered="1"/><counter type="COMPLEXITY" missed="0" covered="1"/><counter type="METHOD" missed="0" covered="1"/></method><method name="register" desc="(LUseCases/Command/Tripulantes/Crear/CrearTripulanteCommand;)Lfourteam/mediator/Response;" line="42"><counter type="INSTRUCTION" missed="0" covered="5"/><counter type="LINE" missed="0" covered="1"/><counter type="COMPLEXITY" missed="0" covered="1"/><counter type="METHOD" missed="0" covered="1"/></method><method name="getByKey" desc="(LUseCases/Queries/Tripulantes/GetByKey/GetTripulanteByKeyQuery;)Lfourteam/mediator/Response;" line="47"><counter type="INSTRUCTION" missed="0" covered="5"/><counter type="LINE" missed="0" covered="1"/><counter type="COMPLEXITY" missed="0" covered="1"/><counter type="METHOD" missed="0" covered="1"/></method><method name="edit" desc="(LModel/Vuelos/Tripulante;LUseCases/Command/Tripulantes/Editar/EditarTripulanteCommand;)Lfourteam/mediator/Response;" line="53"><counter type="INSTRUCTION" missed="0" covered="23"/><counter type="LINE" missed="0" covered="5"/><counter type="COMPLEXITY" missed="0" covered="1"/><counter type="METHOD" missed="0" covered="1"/></method><method name="delete" desc="(LUseCases/Command/Tripulantes/Eliminar/EliminarTripulanteCommand;)Lfourteam/mediator/Response;" line="62"><counter type="INSTRUCTION" missed="0" covered="5"/><counter type="LINE" missed="0" covered="1"/><counter type="COMPLEXITY" missed="0" covered="1"/><counter type="METHOD" missed="0" covered="1"/></method><counter type="INSTRUCTION" missed="0" covered="51"/><counter type="LINE" missed="0" covered="12"/><counter type="COMPLEXITY" missed="0" covered="6"/><counter type="METHOD" missed="0" covered="6"/><counter type="CLASS" missed="0" covered="1"/></class><sourcefile name="TripulanteController.java"><line nr="31" mi="0" ci="2" mb="0" cb="0"/><line nr="32" mi="0" ci="3" mb="0" cb="0"/><line nr="33" mi="0" ci="1" mb="0" cb="0"/><line nr="37" mi="0" ci="7" mb="0" cb="0"/><line nr="42" mi="0" ci="5" mb="0" cb="0"/><line nr="47" mi="0" ci="5" mb="0" cb="0"/><line nr="53" mi="0" ci="5" mb="0" cb="0"/><line nr="54" mi="0" ci="5" mb="0" cb="0"/><line nr="55" mi="0" ci="5" mb="0" cb="0"/><line nr="56" mi="0" ci="3" mb="0" cb="0"/><line nr="57" mi="0" ci="5" mb="0" cb="0"/><line nr="62" mi="0" ci="5" mb="0" cb="0"/><counter type="INSTRUCTION" missed="0" covered="51"/><counter type="LINE" missed="0" covered="12"/><counter type="COMPLEXITY" missed="0" covered="6"/><counter type="METHOD" missed="0" covered="6"/><counter type="CLASS" missed="0" covered="1"/></sourcefile><sourcefile name="VueloController.java"><line nr="31" mi="0" ci="2" mb="0" cb="0"/><line nr="32" mi="0" ci="3" mb="0" cb="0"/><line nr="33" mi="0" ci="1" mb="0" cb="0"/><line nr="37" mi="0" ci="3" mb="0" cb="0"/><line nr="38" mi="0" ci="7" mb="0" cb="0"/><line nr="43" mi="0" ci="3" mb="0" cb="0"/><line nr="44" mi="0" ci="5" mb="0" cb="0"/><line nr="49" mi="0" ci="3" mb="0" cb="0"/><line nr="50" mi="0" ci="5" mb="0" cb="0"/><line nr="56" mi="0" ci="5" mb="0" cb="0"/><line nr="57" mi="0" ci="5" mb="0" cb="0"/><line nr="58" mi="0" ci="5" mb="0" cb="0"/><line nr="59" mi="0" ci="5" mb="0" cb="0"/><line nr="60" mi="0" ci="5" mb="0" cb="0"/><line nr="61" mi="0" ci="5" mb="0" cb="0"/><line nr="62" mi="0" ci="3" mb="0" cb="0"/><line nr="63" mi="0" ci="5" mb="0" cb="0"/><line nr="68" mi="0" ci="3" mb="0" cb="0"/><line nr="69" mi="0" ci="5" mb="0" cb="0"/><counter type="INSTRUCTION" missed="0" covered="78"/><counter type="LINE" missed="0" covered="19"/><counter type="COMPLEXITY" missed="0" covered="6"/><counter type="METHOD" missed="0" covered="6"/><counter type="CLASS" missed="0" covered="1"/></sourcefile><counter type="INSTRUCTION" missed="0" covered="129"/><counter type="LINE" missed="0" covered="31"/><counter type="COMPLEXITY" missed="0" covered="12"/><counter type="METHOD" missed="0" covered="12"/><counter type="CLASS" missed="0" covered="2"/></package><counter type="INSTRUCTION" missed="0" covered="146"/><counter type="LINE" missed="0" covered="41"/><counter type="COMPLEXITY" missed="0" covered="16"/><counter type="METHOD" missed="0" covered="16"/><counter type="CLASS" missed="0" covered="4"/></report>
<report name="WebApi">
  <sessioninfo id="DESKTOP-2U456GH-2ffabb99" start="" dump="" />
  <sessioninfo id="DESKTOP-2U456GH-43600e93" start="" dump="" />
  <sessioninfo id="DESKTOP-2U456GH-c6c5aa29" start="" dump="" />
  <sessioninfo id="DESKTOP-2U456GH-f8f946f5" start="" dump="" />
  <sessioninfo id="DESKTOP-2U456GH-23384188" start="" dump="" />
  <sessioninfo id="DESKTOP-2U456GH-775ef4b4" start="" dump="" />
  <sessioninfo id="DESKTOP-2U456GH-c39f2145" start="" dump="" />
  <sessioninfo id="DESKTOP-2U456GH-c9f27f78" start="" dump="" />
  <sessioninfo id="DESKTOP-2U456GH-68747361" start="" dump="" />
  <sessioninfo id="DESKTOP-2U456GH-556d313" start="" dump="" />
  <sessioninfo id="DESKTOP-2U456GH-5ca75d81" start="" dump="" />
  <sessioninfo id="DESKTOP-2U456GH-3cc3af87" start="" dump="" />
  <sessioninfo id="DESKTOP-2U456GH-1e4aa7fa" start="" dump="" />
  <sessioninfo id="DESKTOP-2U456GH-2f71695a" start="" dump="" />
  <sessioninfo id="DESKTOP-2U456GH-c492fb3" start="" dump="" />
  <sessioninfo id="DESKTOP-2U456GH-a0e3ee00" start="" dump="" />
  <sessioninfo id="DESKTOP-2U456GH-7a689b82" start="" dump="" />
  <sessioninfo id="DESKTOP-2U456GH-5c77544b" start="" dump="" />
  <sessioninfo id="DESKTOP-2U456GH-d8995ec9" start="" dump="" />
  <sessioninfo id="DESKTOP-2U456GH-c7ab0c72" start="" dump="" />
  <sessioninfo id="DESKTOP-2U456GH-4e8b0bb5" start="" dump="" />
  <sessioninfo id="DESKTOP-2U456GH-288fe1b3" start="" dump="" />
  <sessioninfo id="DESKTOP-2U456GH-1c60956d" start="" dump="" />
  <sessioninfo id="DESKTOP-2U456GH-b011aa9b" start="" dump="" />
  <sessioninfo id="DESKTOP-2U456GH-a7ce3ddf" start="" dump="" />
  <sessioninfo id="DESKTOP-2U456GH-152a460" start="" dump="" />
  <sessioninfo id="DESKTOP-2U456GH-c4082be2" start="" dump="" />
  <sessioninfo id="DESKTOP-2U456GH-7b9d3838" start="" dump="" />
  <sessioninfo id="DESKTOP-2U456GH-ebf8f483" start="" dump="" />
  <sessioninfo id="DESKTOP-2U456GH-cf0b9aa4" start="" dump="" />
  <sessioninfo id="DESKTOP-2U456GH-931dd5b9" start="" dump="" />
  <sessioninfo id="DESKTOP-2U456GH-69a15808" start="" dump="" />
  <sessioninfo id="DESKTOP-2U456GH-6ca34bd8" start="" dump="" />
  <sessioninfo id="DESKTOP-2U456GH-3a4d1a7b" start="" dump="" />
  <sessioninfo id="DESKTOP-2U456GH-e3c6b8dc" start="" dump="" />
  <package name="">
    <class name="App" sourcefilename="App.java">
      <method name="&lt;init&gt;" desc="()V" line="">
        <counter type="INSTRUCTION" missed="" covered="" />
        <counter type="LINE" missed="" covered="" />
        <counter type="COMPLEXITY" missed="" covered="" />
        <counter type="METHOD" missed="" covered="" />
      </method>
      <method name="main" desc="([Ljava/lang/String;)V" line="">
        <counter type="INSTRUCTION" missed="" covered="" />
        <counter type="LINE" missed="" covered="" />
        <counter type="COMPLEXITY" missed="" covered="" />
        <counter type="METHOD" missed="" covered="" />
      </method>
      <counter type="INSTRUCTION" missed="" covered="" />
      <counter type="LINE" missed="" covered="" />
      <counter type="COMPLEXITY" missed="" covered="" />
      <counter type="METHOD" missed="" covered="" />
      <counter type="CLASS" missed="" covered="" />
    </class>
    <class name="WebApi" sourcefilename="WebApi.java">
      <method name="&lt;init&gt;" desc="()V" line="">
        <counter type="INSTRUCTION" missed="" covered="" />
        <counter type="LINE" missed="" covered="" />
        <counter type="COMPLEXITY" missed="" covered="" />
        <counter type="METHOD" missed="" covered="" />
      </method>
      <method name="AddControllers" desc="()V" line="">
        <counter type="INSTRUCTION" missed="" covered="" />
        <counter type="LINE" missed="" covered="" />
        <counter type="COMPLEXITY" missed="" covered="" />
        <counter type="METHOD" missed="" covered="" />
      </method>
      <counter type="INSTRUCTION" missed="" covered="" />
      <counter type="LINE" missed="" covered="" />
      <counter type="COMPLEXITY" missed="" covered="" />
      <counter type="METHOD" missed="" covered="" />
      <counter type="CLASS" missed="" covered="" />
    </class>
    <sourcefile name="App.java">
      <line nr="" mi="" ci="" mb="" cb="" />
      <line nr="" mi="" ci="" mb="" cb="" />
      <line nr="" mi="" ci="" mb="" cb="" />
      <line nr="" mi="" ci="" mb="" cb="" />
      <counter type="INSTRUCTION" missed="" covered="" />
      <counter type="LINE" missed="" covered="" />
      <counter type="COMPLEXITY" missed="" covered="" />
      <counter type="METHOD" missed="" covered="" />
      <counter type="CLASS" missed="" covered="" />
    </sourcefile>
    <sourcefile name="WebApi.java">
      <line nr="" mi="" ci="" mb="" cb="" />
      <line nr="" mi="" ci="" mb="" cb="" />
      <line nr="" mi="" ci="" mb="" cb="" />
      <line nr="" mi="" ci="" mb="" cb="" />
      <line nr="" mi="" ci="" mb="" cb="" />
      <line nr="" mi="" ci="" mb="" cb="" />
      <counter type="INSTRUCTION" missed="" covered="" />
      <counter type="LINE" missed="" covered="" />
      <counter type="COMPLEXITY" missed="" covered="" />
      <counter type="METHOD" missed="" covered="" />
      <counter type="CLASS" missed="" covered="" />
    </sourcefile>
    <counter type="INSTRUCTION" missed="" covered="" />
    <counter type="LINE" missed="" covered="" />
    <counter type="COMPLEXITY" missed="" covered="" />
    <counter type="METHOD" missed="" covered="" />
    <counter type="CLASS" missed="" covered="" />
  </package>
  <package name="Controllers">
    <class
      name="Controllers/VueloController"
      sourcefilename="VueloController.java"
    >
      <method name="&lt;init&gt;" desc="(Lfourteam/mediator/Mediator;)V" line=""
      >
        <counter type="INSTRUCTION" missed="" covered="" />
        <counter type="LINE" missed="" covered="" />
        <counter type="COMPLEXITY" missed="" covered="" />
        <counter type="METHOD" missed="" covered="" />
      </method>
      <method name="getAll" desc="()Lfourteam/mediator/Response;" line="">
        <counter type="INSTRUCTION" missed="" covered="" />
        <counter type="LINE" missed="" covered="" />
        <counter type="COMPLEXITY" missed="" covered="" />
        <counter type="METHOD" missed="" covered="" />
      </method>
      <method
        name="register"
        desc="(LUseCases/Command/Vuelos/Crear/CrearVueloCommand;)Lfourteam/mediator/Response;"
        line=""
      >
        <counter type="INSTRUCTION" missed="" covered="" />
        <counter type="LINE" missed="" covered="" />
        <counter type="COMPLEXITY" missed="" covered="" />
        <counter type="METHOD" missed="" covered="" />
      </method>
      <method
        name="getByKey"
        desc="(LUseCases/Queries/Vuelos/GetByKey/GetVueloByKeyQuery;)Lfourteam/mediator/Response;"
        line=""
      >
        <counter type="INSTRUCTION" missed="" covered="" />
        <counter type="LINE" missed="" covered="" />
        <counter type="COMPLEXITY" missed="" covered="" />
        <counter type="METHOD" missed="" covered="" />
      </method>
      <method
        name="edit"
        desc="(LModel/Vuelos/Vuelo;LUseCases/Command/Vuelos/Editar/EditarVueloCommand;)Lfourteam/mediator/Response;"
        line=""
      >
        <counter type="INSTRUCTION" missed="" covered="" />
        <counter type="LINE" missed="" covered="" />
        <counter type="COMPLEXITY" missed="" covered="" />
        <counter type="METHOD" missed="" covered="" />
      </method>
      <method
        name="delete"
        desc="(LUseCases/Command/Vuelos/Eliminar/EliminarVueloCommand;)Lfourteam/mediator/Response;"
        line=""
      >
        <counter type="INSTRUCTION" missed="" covered="" />
        <counter type="LINE" missed="" covered="" />
        <counter type="COMPLEXITY" missed="" covered="" />
        <counter type="METHOD" missed="" covered="" />
      </method>
      <counter type="INSTRUCTION" missed="" covered="" />
      <counter type="LINE" missed="" covered="" />
      <counter type="COMPLEXITY" missed="" covered="" />
      <counter type="METHOD" missed="" covered="" />
      <counter type="CLASS" missed="" covered="" />
    </class>
    <class
      name="Controllers/TripulanteController"
      sourcefilename="TripulanteController.java"
    >
      <method name="&lt;init&gt;" desc="(Lfourteam/mediator/Mediator;)V" line=""
      >
        <counter type="INSTRUCTION" missed="" covered="" />
        <counter type="LINE" missed="" covered="" />
        <counter type="COMPLEXITY" missed="" covered="" />
        <counter type="METHOD" missed="" covered="" />
      </method>
      <method name="getAll" desc="()Lfourteam/mediator/Response;" line="">
        <counter type="INSTRUCTION" missed="" covered="" />
        <counter type="LINE" missed="" covered="" />
        <counter type="COMPLEXITY" missed="" covered="" />
        <counter type="METHOD" missed="" covered="" />
      </method>
      <method
        name="register"
        desc="(LUseCases/Command/Tripulantes/Crear/CrearTripulanteCommand;)Lfourteam/mediator/Response;"
        line=""
      >
        <counter type="INSTRUCTION" missed="" covered="" />
        <counter type="LINE" missed="" covered="" />
        <counter type="COMPLEXITY" missed="" covered="" />
        <counter type="METHOD" missed="" covered="" />
      </method>
      <method
        name="getByKey"
        desc="(LUseCases/Queries/Tripulantes/GetByKey/GetTripulanteByKeyQuery;)Lfourteam/mediator/Response;"
        line=""
      >
        <counter type="INSTRUCTION" missed="" covered="" />
        <counter type="LINE" missed="" covered="" />
        <counter type="COMPLEXITY" missed="" covered="" />
        <counter type="METHOD" missed="" covered="" />
      </method>
      <method
        name="edit"
        desc="(LModel/Vuelos/Tripulante;LUseCases/Command/Tripulantes/Editar/EditarTripulanteCommand;)Lfourteam/mediator/Response;"
        line=""
      >
        <counter type="INSTRUCTION" missed="" covered="" />
        <counter type="LINE" missed="" covered="" />
        <counter type="COMPLEXITY" missed="" covered="" />
        <counter type="METHOD" missed="" covered="" />
      </method>
      <method
        name="delete"
        desc="(LUseCases/Command/Tripulantes/Eliminar/EliminarTripulanteCommand;)Lfourteam/mediator/Response;"
        line=""
      >
        <counter type="INSTRUCTION" missed="" covered="" />
        <counter type="LINE" missed="" covered="" />
        <counter type="COMPLEXITY" missed="" covered="" />
        <counter type="METHOD" missed="" covered="" />
      </method>
      <counter type="INSTRUCTION" missed="" covered="" />
      <counter type="LINE" missed="" covered="" />
      <counter type="COMPLEXITY" missed="" covered="" />
      <counter type="METHOD" missed="" covered="" />
      <counter type="CLASS" missed="" covered="" />
    </class>
    <sourcefile name="TripulanteController.java">
      <line nr="" mi="" ci="" mb="" cb="" />
      <line nr="" mi="" ci="" mb="" cb="" />
      <line nr="" mi="" ci="" mb="" cb="" />
      <line nr="" mi="" ci="" mb="" cb="" />
      <line nr="" mi="" ci="" mb="" cb="" />
      <line nr="" mi="" ci="" mb="" cb="" />
      <line nr="" mi="" ci="" mb="" cb="" />
      <line nr="" mi="" ci="" mb="" cb="" />
      <line nr="" mi="" ci="" mb="" cb="" />
      <line nr="" mi="" ci="" mb="" cb="" />
      <line nr="" mi="" ci="" mb="" cb="" />
      <line nr="" mi="" ci="" mb="" cb="" />
      <counter type="INSTRUCTION" missed="" covered="" />
      <counter type="LINE" missed="" covered="" />
      <counter type="COMPLEXITY" missed="" covered="" />
      <counter type="METHOD" missed="" covered="" />
      <counter type="CLASS" missed="" covered="" />
    </sourcefile>
    <sourcefile name="VueloController.java">
      <line nr="" mi="" ci="" mb="" cb="" />
      <line nr="" mi="" ci="" mb="" cb="" />
      <line nr="" mi="" ci="" mb="" cb="" />
      <line nr="" mi="" ci="" mb="" cb="" />
      <line nr="" mi="" ci="" mb="" cb="" />
      <line nr="" mi="" ci="" mb="" cb="" />
      <line nr="" mi="" ci="" mb="" cb="" />
      <line nr="" mi="" ci="" mb="" cb="" />
      <line nr="" mi="" ci="" mb="" cb="" />
      <line nr="" mi="" ci="" mb="" cb="" />
      <line nr="" mi="" ci="" mb="" cb="" />
      <line nr="" mi="" ci="" mb="" cb="" />
      <line nr="" mi="" ci="" mb="" cb="" />
      <line nr="" mi="" ci="" mb="" cb="" />
      <line nr="" mi="" ci="" mb="" cb="" />
      <line nr="" mi="" ci="" mb="" cb="" />
      <line nr="" mi="" ci="" mb="" cb="" />
      <line nr="" mi="" ci="" mb="" cb="" />
      <line nr="" mi="" ci="" mb="" cb="" />
      <counter type="INSTRUCTION" missed="" covered="" />
      <counter type="LINE" missed="" covered="" />
      <counter type="COMPLEXITY" missed="" covered="" />
      <counter type="METHOD" missed="" covered="" />
      <counter type="CLASS" missed="" covered="" />
    </sourcefile>
    <counter type="INSTRUCTION" missed="" covered="" />
    <counter type="LINE" missed="" covered="" />
    <counter type="COMPLEXITY" missed="" covered="" />
    <counter type="METHOD" missed="" covered="" />
    <counter type="CLASS" missed="" covered="" />
  </package>
  <counter type="INSTRUCTION" missed="" covered="" />
  <counter type="LINE" missed="" covered="" />
  <counter type="COMPLEXITY" missed="" covered="" />
  <counter type="METHOD" missed="" covered="" />
  <counter type="CLASS" missed="" covered="" />
</report>
<report name="WebApi">
  <sessioninfo id="DESKTOP-2U456GH-2ffabb99" start="" dump="" />
  <sessioninfo id="DESKTOP-2U456GH-43600e93" start="" dump="" />
  <sessioninfo id="DESKTOP-2U456GH-c6c5aa29" start="" dump="" />
  <sessioninfo id="DESKTOP-2U456GH-f8f946f5" start="" dump="" />
  <sessioninfo id="DESKTOP-2U456GH-23384188" start="" dump="" />
  <sessioninfo id="DESKTOP-2U456GH-775ef4b4" start="" dump="" />
  <sessioninfo id="DESKTOP-2U456GH-c39f2145" start="" dump="" />
  <sessioninfo id="DESKTOP-2U456GH-c9f27f78" start="" dump="" />
  <sessioninfo id="DESKTOP-2U456GH-68747361" start="" dump="" />
  <sessioninfo id="DESKTOP-2U456GH-556d313" start="" dump="" />
  <sessioninfo id="DESKTOP-2U456GH-5ca75d81" start="" dump="" />
  <sessioninfo id="DESKTOP-2U456GH-3cc3af87" start="" dump="" />
  <sessioninfo id="DESKTOP-2U456GH-1e4aa7fa" start="" dump="" />
  <sessioninfo id="DESKTOP-2U456GH-2f71695a" start="" dump="" />
  <sessioninfo id="DESKTOP-2U456GH-c492fb3" start="" dump="" />
  <sessioninfo id="DESKTOP-2U456GH-a0e3ee00" start="" dump="" />
  <sessioninfo id="DESKTOP-2U456GH-7a689b82" start="" dump="" />
  <sessioninfo id="DESKTOP-2U456GH-5c77544b" start="" dump="" />
  <sessioninfo id="DESKTOP-2U456GH-d8995ec9" start="" dump="" />
  <sessioninfo id="DESKTOP-2U456GH-c7ab0c72" start="" dump="" />
  <sessioninfo id="DESKTOP-2U456GH-4e8b0bb5" start="" dump="" />
  <sessioninfo id="DESKTOP-2U456GH-288fe1b3" start="" dump="" />
  <sessioninfo id="DESKTOP-2U456GH-1c60956d" start="" dump="" />
  <sessioninfo id="DESKTOP-2U456GH-b011aa9b" start="" dump="" />
  <sessioninfo id="DESKTOP-2U456GH-a7ce3ddf" start="" dump="" />
  <sessioninfo id="DESKTOP-2U456GH-152a460" start="" dump="" />
  <sessioninfo id="DESKTOP-2U456GH-c4082be2" start="" dump="" />
  <sessioninfo id="DESKTOP-2U456GH-7b9d3838" start="" dump="" />
  <sessioninfo id="DESKTOP-2U456GH-ebf8f483" start="" dump="" />
  <sessioninfo id="DESKTOP-2U456GH-cf0b9aa4" start="" dump="" />
  <sessioninfo id="DESKTOP-2U456GH-931dd5b9" start="" dump="" />
  <sessioninfo id="DESKTOP-2U456GH-69a15808" start="" dump="" />
  <sessioninfo id="DESKTOP-2U456GH-6ca34bd8" start="" dump="" />
  <sessioninfo id="DESKTOP-2U456GH-3a4d1a7b" start="" dump="" />
  <sessioninfo id="DESKTOP-2U456GH-e3c6b8dc" start="" dump="" />
  <package name="">
    <class name="App" sourcefilename="App.java">
      <method name="&lt;init&gt;" desc="()V" line="">
        <counter type="INSTRUCTION" missed="" covered="" />
        <counter type="LINE" missed="" covered="" />
        <counter type="COMPLEXITY" missed="" covered="" />
        <counter type="METHOD" missed="" covered="" />
      </method>
      <method name="main" desc="([Ljava/lang/String;)V" line="">
        <counter type="INSTRUCTION" missed="" covered="" />
        <counter type="LINE" missed="" covered="" />
        <counter type="COMPLEXITY" missed="" covered="" />
        <counter type="METHOD" missed="" covered="" />
      </method>
      <counter type="INSTRUCTION" missed="" covered="" />
      <counter type="LINE" missed="" covered="" />
      <counter type="COMPLEXITY" missed="" covered="" />
      <counter type="METHOD" missed="" covered="" />
      <counter type="CLASS" missed="" covered="" />
    </class>
    <class name="WebApi" sourcefilename="WebApi.java">
      <method name="&lt;init&gt;" desc="()V" line="">
        <counter type="INSTRUCTION" missed="" covered="" />
        <counter type="LINE" missed="" covered="" />
        <counter type="COMPLEXITY" missed="" covered="" />
        <counter type="METHOD" missed="" covered="" />
      </method>
      <method name="AddControllers" desc="()V" line="">
        <counter type="INSTRUCTION" missed="" covered="" />
        <counter type="LINE" missed="" covered="" />
        <counter type="COMPLEXITY" missed="" covered="" />
        <counter type="METHOD" missed="" covered="" />
      </method>
      <counter type="INSTRUCTION" missed="" covered="" />
      <counter type="LINE" missed="" covered="" />
      <counter type="COMPLEXITY" missed="" covered="" />
      <counter type="METHOD" missed="" covered="" />
      <counter type="CLASS" missed="" covered="" />
    </class>
    <sourcefile name="App.java">
      <line nr="" mi="" ci="" mb="" cb="" />
      <line nr="" mi="" ci="" mb="" cb="" />
      <line nr="" mi="" ci="" mb="" cb="" />
      <line nr="" mi="" ci="" mb="" cb="" />
      <counter type="INSTRUCTION" missed="" covered="" />
      <counter type="LINE" missed="" covered="" />
      <counter type="COMPLEXITY" missed="" covered="" />
      <counter type="METHOD" missed="" covered="" />
      <counter type="CLASS" missed="" covered="" />
    </sourcefile>
    <sourcefile name="WebApi.java">
      <line nr="" mi="" ci="" mb="" cb="" />
      <line nr="" mi="" ci="" mb="" cb="" />
      <line nr="" mi="" ci="" mb="" cb="" />
      <line nr="" mi="" ci="" mb="" cb="" />
      <line nr="" mi="" ci="" mb="" cb="" />
      <line nr="" mi="" ci="" mb="" cb="" />
      <counter type="INSTRUCTION" missed="" covered="" />
      <counter type="LINE" missed="" covered="" />
      <counter type="COMPLEXITY" missed="" covered="" />
      <counter type="METHOD" missed="" covered="" />
      <counter type="CLASS" missed="" covered="" />
    </sourcefile>
    <counter type="INSTRUCTION" missed="" covered="" />
    <counter type="LINE" missed="" covered="" />
    <counter type="COMPLEXITY" missed="" covered="" />
    <counter type="METHOD" missed="" covered="" />
    <counter type="CLASS" missed="" covered="" />
  </package>
  <package name="Controllers">
    <class
      name="Controllers/VueloController"
      sourcefilename="VueloController.java"
    >
      <method name="&lt;init&gt;" desc="(Lfourteam/mediator/Mediator;)V" line=""
      >
        <counter type="INSTRUCTION" missed="" covered="" />
        <counter type="LINE" missed="" covered="" />
        <counter type="COMPLEXITY" missed="" covered="" />
        <counter type="METHOD" missed="" covered="" />
      </method>
      <method name="getAll" desc="()Lfourteam/mediator/Response;" line="">
        <counter type="INSTRUCTION" missed="" covered="" />
        <counter type="LINE" missed="" covered="" />
        <counter type="COMPLEXITY" missed="" covered="" />
        <counter type="METHOD" missed="" covered="" />
      </method>
      <method
        name="register"
        desc="(LUseCases/Command/Vuelos/Crear/CrearVueloCommand;)Lfourteam/mediator/Response;"
        line=""
      >
        <counter type="INSTRUCTION" missed="" covered="" />
        <counter type="LINE" missed="" covered="" />
        <counter type="COMPLEXITY" missed="" covered="" />
        <counter type="METHOD" missed="" covered="" />
      </method>
      <method
        name="getByKey"
        desc="(LUseCases/Queries/Vuelos/GetByKey/GetVueloByKeyQuery;)Lfourteam/mediator/Response;"
        line=""
      >
        <counter type="INSTRUCTION" missed="" covered="" />
        <counter type="LINE" missed="" covered="" />
        <counter type="COMPLEXITY" missed="" covered="" />
        <counter type="METHOD" missed="" covered="" />
      </method>
      <method
        name="edit"
        desc="(LModel/Vuelos/Vuelo;LUseCases/Command/Vuelos/Editar/EditarVueloCommand;)Lfourteam/mediator/Response;"
        line=""
      >
        <counter type="INSTRUCTION" missed="" covered="" />
        <counter type="LINE" missed="" covered="" />
        <counter type="COMPLEXITY" missed="" covered="" />
        <counter type="METHOD" missed="" covered="" />
      </method>
      <method
        name="delete"
        desc="(LUseCases/Command/Vuelos/Eliminar/EliminarVueloCommand;)Lfourteam/mediator/Response;"
        line=""
      >
        <counter type="INSTRUCTION" missed="" covered="" />
        <counter type="LINE" missed="" covered="" />
        <counter type="COMPLEXITY" missed="" covered="" />
        <counter type="METHOD" missed="" covered="" />
      </method>
      <counter type="INSTRUCTION" missed="" covered="" />
      <counter type="LINE" missed="" covered="" />
      <counter type="COMPLEXITY" missed="" covered="" />
      <counter type="METHOD" missed="" covered="" />
      <counter type="CLASS" missed="" covered="" />
    </class>
    <class
      name="Controllers/TripulanteController"
      sourcefilename="TripulanteController.java"
    >
      <method name="&lt;init&gt;" desc="(Lfourteam/mediator/Mediator;)V" line=""
      >
        <counter type="INSTRUCTION" missed="" covered="" />
        <counter type="LINE" missed="" covered="" />
        <counter type="COMPLEXITY" missed="" covered="" />
        <counter type="METHOD" missed="" covered="" />
      </method>
      <method name="getAll" desc="()Lfourteam/mediator/Response;" line="">
        <counter type="INSTRUCTION" missed="" covered="" />
        <counter type="LINE" missed="" covered="" />
        <counter type="COMPLEXITY" missed="" covered="" />
        <counter type="METHOD" missed="" covered="" />
      </method>
      <method
        name="register"
        desc="(LUseCases/Command/Tripulantes/Crear/CrearTripulanteCommand;)Lfourteam/mediator/Response;"
        line=""
      >
        <counter type="INSTRUCTION" missed="" covered="" />
        <counter type="LINE" missed="" covered="" />
        <counter type="COMPLEXITY" missed="" covered="" />
        <counter type="METHOD" missed="" covered="" />
      </method>
      <method
        name="getByKey"
        desc="(LUseCases/Queries/Tripulantes/GetByKey/GetTripulanteByKeyQuery;)Lfourteam/mediator/Response;"
        line=""
      >
        <counter type="INSTRUCTION" missed="" covered="" />
        <counter type="LINE" missed="" covered="" />
        <counter type="COMPLEXITY" missed="" covered="" />
        <counter type="METHOD" missed="" covered="" />
      </method>
      <method
        name="edit"
        desc="(LModel/Vuelos/Tripulante;LUseCases/Command/Tripulantes/Editar/EditarTripulanteCommand;)Lfourteam/mediator/Response;"
        line=""
      >
        <counter type="INSTRUCTION" missed="" covered="" />
        <counter type="LINE" missed="" covered="" />
        <counter type="COMPLEXITY" missed="" covered="" />
        <counter type="METHOD" missed="" covered="" />
      </method>
      <method
        name="delete"
        desc="(LUseCases/Command/Tripulantes/Eliminar/EliminarTripulanteCommand;)Lfourteam/mediator/Response;"
        line=""
      >
        <counter type="INSTRUCTION" missed="" covered="" />
        <counter type="LINE" missed="" covered="" />
        <counter type="COMPLEXITY" missed="" covered="" />
        <counter type="METHOD" missed="" covered="" />
      </method>
      <counter type="INSTRUCTION" missed="" covered="" />
      <counter type="LINE" missed="" covered="" />
      <counter type="COMPLEXITY" missed="" covered="" />
      <counter type="METHOD" missed="" covered="" />
      <counter type="CLASS" missed="" covered="" />
    </class>
    <sourcefile name="TripulanteController.java">
      <line nr="" mi="" ci="" mb="" cb="" />
      <line nr="" mi="" ci="" mb="" cb="" />
      <line nr="" mi="" ci="" mb="" cb="" />
      <line nr="" mi="" ci="" mb="" cb="" />
      <line nr="" mi="" ci="" mb="" cb="" />
      <line nr="" mi="" ci="" mb="" cb="" />
      <line nr="" mi="" ci="" mb="" cb="" />
      <line nr="" mi="" ci="" mb="" cb="" />
      <line nr="" mi="" ci="" mb="" cb="" />
      <line nr="" mi="" ci="" mb="" cb="" />
      <line nr="" mi="" ci="" mb="" cb="" />
      <line nr="" mi="" ci="" mb="" cb="" />
      <counter type="INSTRUCTION" missed="" covered="" />
      <counter type="LINE" missed="" covered="" />
      <counter type="COMPLEXITY" missed="" covered="" />
      <counter type="METHOD" missed="" covered="" />
      <counter type="CLASS" missed="" covered="" />
    </sourcefile>
    <sourcefile name="VueloController.java">
      <line nr="" mi="" ci="" mb="" cb="" />
      <line nr="" mi="" ci="" mb="" cb="" />
      <line nr="" mi="" ci="" mb="" cb="" />
      <line nr="" mi="" ci="" mb="" cb="" />
      <line nr="" mi="" ci="" mb="" cb="" />
      <line nr="" mi="" ci="" mb="" cb="" />
      <line nr="" mi="" ci="" mb="" cb="" />
      <line nr="" mi="" ci="" mb="" cb="" />
      <line nr="" mi="" ci="" mb="" cb="" />
      <line nr="" mi="" ci="" mb="" cb="" />
      <line nr="" mi="" ci="" mb="" cb="" />
      <line nr="" mi="" ci="" mb="" cb="" />
      <line nr="" mi="" ci="" mb="" cb="" />
      <line nr="" mi="" ci="" mb="" cb="" />
      <line nr="" mi="" ci="" mb="" cb="" />
      <line nr="" mi="" ci="" mb="" cb="" />
      <line nr="" mi="" ci="" mb="" cb="" />
      <line nr="" mi="" ci="" mb="" cb="" />
      <line nr="" mi="" ci="" mb="" cb="" />
      <counter type="INSTRUCTION" missed="" covered="" />
      <counter type="LINE" missed="" covered="" />
      <counter type="COMPLEXITY" missed="" covered="" />
      <counter type="METHOD" missed="" covered="" />
      <counter type="CLASS" missed="" covered="" />
    </sourcefile>
    <counter type="INSTRUCTION" missed="" covered="" />
    <counter type="LINE" missed="" covered="" />
    <counter type="COMPLEXITY" missed="" covered="" />
    <counter type="METHOD" missed="" covered="" />
    <counter type="CLASS" missed="" covered="" />
  </package>
  <counter type="INSTRUCTION" missed="" covered="" />
  <counter type="LINE" missed="" covered="" />
  <counter type="COMPLEXITY" missed="" covered="" />
  <counter type="METHOD" missed="" covered="" />
  <counter type="CLASS" missed="" covered="" />
</report>
<report name="WebApi">
  <sessioninfo id="DESKTOP-2U456GH-2ffabb99" start="" dump="" />
  <sessioninfo id="DESKTOP-2U456GH-43600e93" start="" dump="" />
  <sessioninfo id="DESKTOP-2U456GH-c6c5aa29" start="" dump="" />
  <sessioninfo id="DESKTOP-2U456GH-f8f946f5" start="" dump="" />
  <sessioninfo id="DESKTOP-2U456GH-23384188" start="" dump="" />
  <sessioninfo id="DESKTOP-2U456GH-775ef4b4" start="" dump="" />
  <sessioninfo id="DESKTOP-2U456GH-c39f2145" start="" dump="" />
  <sessioninfo id="DESKTOP-2U456GH-c9f27f78" start="" dump="" />
  <sessioninfo id="DESKTOP-2U456GH-68747361" start="" dump="" />
  <sessioninfo id="DESKTOP-2U456GH-556d313" start="" dump="" />
  <sessioninfo id="DESKTOP-2U456GH-5ca75d81" start="" dump="" />
  <sessioninfo id="DESKTOP-2U456GH-3cc3af87" start="" dump="" />
  <sessioninfo id="DESKTOP-2U456GH-1e4aa7fa" start="" dump="" />
  <sessioninfo id="DESKTOP-2U456GH-2f71695a" start="" dump="" />
  <sessioninfo id="DESKTOP-2U456GH-c492fb3" start="" dump="" />
  <sessioninfo id="DESKTOP-2U456GH-a0e3ee00" start="" dump="" />
  <sessioninfo id="DESKTOP-2U456GH-7a689b82" start="" dump="" />
  <sessioninfo id="DESKTOP-2U456GH-5c77544b" start="" dump="" />
  <sessioninfo id="DESKTOP-2U456GH-d8995ec9" start="" dump="" />
  <sessioninfo id="DESKTOP-2U456GH-c7ab0c72" start="" dump="" />
  <sessioninfo id="DESKTOP-2U456GH-4e8b0bb5" start="" dump="" />
  <sessioninfo id="DESKTOP-2U456GH-288fe1b3" start="" dump="" />
  <sessioninfo id="DESKTOP-2U456GH-1c60956d" start="" dump="" />
  <sessioninfo id="DESKTOP-2U456GH-b011aa9b" start="" dump="" />
  <sessioninfo id="DESKTOP-2U456GH-a7ce3ddf" start="" dump="" />
  <sessioninfo id="DESKTOP-2U456GH-152a460" start="" dump="" />
  <sessioninfo id="DESKTOP-2U456GH-c4082be2" start="" dump="" />
  <sessioninfo id="DESKTOP-2U456GH-7b9d3838" start="" dump="" />
  <sessioninfo id="DESKTOP-2U456GH-ebf8f483" start="" dump="" />
  <sessioninfo id="DESKTOP-2U456GH-cf0b9aa4" start="" dump="" />
  <sessioninfo id="DESKTOP-2U456GH-931dd5b9" start="" dump="" />
  <sessioninfo id="DESKTOP-2U456GH-69a15808" start="" dump="" />
  <sessioninfo id="DESKTOP-2U456GH-6ca34bd8" start="" dump="" />
  <sessioninfo id="DESKTOP-2U456GH-3a4d1a7b" start="" dump="" />
  <sessioninfo id="DESKTOP-2U456GH-e3c6b8dc" start="" dump="" />
  <package name="">
    <class name="App" sourcefilename="App.java">
      <method name="&lt;init&gt;" desc="()V" line="">
        <counter type="INSTRUCTION" missed="" covered="" />
        <counter type="LINE" missed="" covered="" />
        <counter type="COMPLEXITY" missed="" covered="" />
        <counter type="METHOD" missed="" covered="" />
      </method>
      <method name="main" desc="([Ljava/lang/String;)V" line="">
        <counter type="INSTRUCTION" missed="" covered="" />
        <counter type="LINE" missed="" covered="" />
        <counter type="COMPLEXITY" missed="" covered="" />
        <counter type="METHOD" missed="" covered="" />
      </method>
      <counter type="INSTRUCTION" missed="" covered="" />
      <counter type="LINE" missed="" covered="" />
      <counter type="COMPLEXITY" missed="" covered="" />
      <counter type="METHOD" missed="" covered="" />
      <counter type="CLASS" missed="" covered="" />
    </class>
    <class name="WebApi" sourcefilename="WebApi.java">
      <method name="&lt;init&gt;" desc="()V" line="">
        <counter type="INSTRUCTION" missed="" covered="" />
        <counter type="LINE" missed="" covered="" />
        <counter type="COMPLEXITY" missed="" covered="" />
        <counter type="METHOD" missed="" covered="" />
      </method>
      <method name="AddControllers" desc="()V" line="">
        <counter type="INSTRUCTION" missed="" covered="" />
        <counter type="LINE" missed="" covered="" />
        <counter type="COMPLEXITY" missed="" covered="" />
        <counter type="METHOD" missed="" covered="" />
      </method>
      <counter type="INSTRUCTION" missed="" covered="" />
      <counter type="LINE" missed="" covered="" />
      <counter type="COMPLEXITY" missed="" covered="" />
      <counter type="METHOD" missed="" covered="" />
      <counter type="CLASS" missed="" covered="" />
    </class>
    <sourcefile name="App.java">
      <line nr="" mi="" ci="" mb="" cb="" />
      <line nr="" mi="" ci="" mb="" cb="" />
      <line nr="" mi="" ci="" mb="" cb="" />
      <line nr="" mi="" ci="" mb="" cb="" />
      <counter type="INSTRUCTION" missed="" covered="" />
      <counter type="LINE" missed="" covered="" />
      <counter type="COMPLEXITY" missed="" covered="" />
      <counter type="METHOD" missed="" covered="" />
      <counter type="CLASS" missed="" covered="" />
    </sourcefile>
    <sourcefile name="WebApi.java">
      <line nr="" mi="" ci="" mb="" cb="" />
      <line nr="" mi="" ci="" mb="" cb="" />
      <line nr="" mi="" ci="" mb="" cb="" />
      <line nr="" mi="" ci="" mb="" cb="" />
      <line nr="" mi="" ci="" mb="" cb="" />
      <line nr="" mi="" ci="" mb="" cb="" />
      <counter type="INSTRUCTION" missed="" covered="" />
      <counter type="LINE" missed="" covered="" />
      <counter type="COMPLEXITY" missed="" covered="" />
      <counter type="METHOD" missed="" covered="" />
      <counter type="CLASS" missed="" covered="" />
    </sourcefile>
    <counter type="INSTRUCTION" missed="" covered="" />
    <counter type="LINE" missed="" covered="" />
    <counter type="COMPLEXITY" missed="" covered="" />
    <counter type="METHOD" missed="" covered="" />
    <counter type="CLASS" missed="" covered="" />
  </package>
  <package name="Controllers">
    <class
      name="Controllers/VueloController"
      sourcefilename="VueloController.java"
    >
      <method name="&lt;init&gt;" desc="(Lfourteam/mediator/Mediator;)V" line=""
      >
        <counter type="INSTRUCTION" missed="" covered="" />
        <counter type="LINE" missed="" covered="" />
        <counter type="COMPLEXITY" missed="" covered="" />
        <counter type="METHOD" missed="" covered="" />
      </method>
      <method name="getAll" desc="()Lfourteam/mediator/Response;" line="">
        <counter type="INSTRUCTION" missed="" covered="" />
        <counter type="LINE" missed="" covered="" />
        <counter type="COMPLEXITY" missed="" covered="" />
        <counter type="METHOD" missed="" covered="" />
      </method>
      <method
        name="register"
        desc="(LUseCases/Command/Vuelos/Crear/CrearVueloCommand;)Lfourteam/mediator/Response;"
        line=""
      >
        <counter type="INSTRUCTION" missed="" covered="" />
        <counter type="LINE" missed="" covered="" />
        <counter type="COMPLEXITY" missed="" covered="" />
        <counter type="METHOD" missed="" covered="" />
      </method>
      <method
        name="getByKey"
        desc="(LUseCases/Queries/Vuelos/GetByKey/GetVueloByKeyQuery;)Lfourteam/mediator/Response;"
        line=""
      >
        <counter type="INSTRUCTION" missed="" covered="" />
        <counter type="LINE" missed="" covered="" />
        <counter type="COMPLEXITY" missed="" covered="" />
        <counter type="METHOD" missed="" covered="" />
      </method>
      <method
        name="edit"
        desc="(LModel/Vuelos/Vuelo;LUseCases/Command/Vuelos/Editar/EditarVueloCommand;)Lfourteam/mediator/Response;"
        line=""
      >
        <counter type="INSTRUCTION" missed="" covered="" />
        <counter type="LINE" missed="" covered="" />
        <counter type="COMPLEXITY" missed="" covered="" />
        <counter type="METHOD" missed="" covered="" />
      </method>
      <method
        name="delete"
        desc="(LUseCases/Command/Vuelos/Eliminar/EliminarVueloCommand;)Lfourteam/mediator/Response;"
        line=""
      >
        <counter type="INSTRUCTION" missed="" covered="" />
        <counter type="LINE" missed="" covered="" />
        <counter type="COMPLEXITY" missed="" covered="" />
        <counter type="METHOD" missed="" covered="" />
      </method>
      <counter type="INSTRUCTION" missed="" covered="" />
      <counter type="LINE" missed="" covered="" />
      <counter type="COMPLEXITY" missed="" covered="" />
      <counter type="METHOD" missed="" covered="" />
      <counter type="CLASS" missed="" covered="" />
    </class>
    <class
      name="Controllers/TripulanteController"
      sourcefilename="TripulanteController.java"
    >
      <method name="&lt;init&gt;" desc="(Lfourteam/mediator/Mediator;)V" line=""
      >
        <counter type="INSTRUCTION" missed="" covered="" />
        <counter type="LINE" missed="" covered="" />
        <counter type="COMPLEXITY" missed="" covered="" />
        <counter type="METHOD" missed="" covered="" />
      </method>
      <method name="getAll" desc="()Lfourteam/mediator/Response;" line="">
        <counter type="INSTRUCTION" missed="" covered="" />
        <counter type="LINE" missed="" covered="" />
        <counter type="COMPLEXITY" missed="" covered="" />
        <counter type="METHOD" missed="" covered="" />
      </method>
      <method
        name="register"
        desc="(LUseCases/Command/Tripulantes/Crear/CrearTripulanteCommand;)Lfourteam/mediator/Response;"
        line=""
      >
        <counter type="INSTRUCTION" missed="" covered="" />
        <counter type="LINE" missed="" covered="" />
        <counter type="COMPLEXITY" missed="" covered="" />
        <counter type="METHOD" missed="" covered="" />
      </method>
      <method
        name="getByKey"
        desc="(LUseCases/Queries/Tripulantes/GetByKey/GetTripulanteByKeyQuery;)Lfourteam/mediator/Response;"
        line=""
      >
        <counter type="INSTRUCTION" missed="" covered="" />
        <counter type="LINE" missed="" covered="" />
        <counter type="COMPLEXITY" missed="" covered="" />
        <counter type="METHOD" missed="" covered="" />
      </method>
      <method
        name="edit"
        desc="(LModel/Vuelos/Tripulante;LUseCases/Command/Tripulantes/Editar/EditarTripulanteCommand;)Lfourteam/mediator/Response;"
        line=""
      >
        <counter type="INSTRUCTION" missed="" covered="" />
        <counter type="LINE" missed="" covered="" />
        <counter type="COMPLEXITY" missed="" covered="" />
        <counter type="METHOD" missed="" covered="" />
      </method>
      <method
        name="delete"
        desc="(LUseCases/Command/Tripulantes/Eliminar/EliminarTripulanteCommand;)Lfourteam/mediator/Response;"
        line=""
      >
        <counter type="INSTRUCTION" missed="" covered="" />
        <counter type="LINE" missed="" covered="" />
        <counter type="COMPLEXITY" missed="" covered="" />
        <counter type="METHOD" missed="" covered="" />
      </method>
      <counter type="INSTRUCTION" missed="" covered="" />
      <counter type="LINE" missed="" covered="" />
      <counter type="COMPLEXITY" missed="" covered="" />
      <counter type="METHOD" missed="" covered="" />
      <counter type="CLASS" missed="" covered="" />
    </class>
    <sourcefile name="TripulanteController.java">
      <line nr="" mi="" ci="" mb="" cb="" />
      <line nr="" mi="" ci="" mb="" cb="" />
      <line nr="" mi="" ci="" mb="" cb="" />
      <line nr="" mi="" ci="" mb="" cb="" />
      <line nr="" mi="" ci="" mb="" cb="" />
      <line nr="" mi="" ci="" mb="" cb="" />
      <line nr="" mi="" ci="" mb="" cb="" />
      <line nr="" mi="" ci="" mb="" cb="" />
      <line nr="" mi="" ci="" mb="" cb="" />
      <line nr="" mi="" ci="" mb="" cb="" />
      <line nr="" mi="" ci="" mb="" cb="" />
      <line nr="" mi="" ci="" mb="" cb="" />
      <counter type="INSTRUCTION" missed="" covered="" />
      <counter type="LINE" missed="" covered="" />
      <counter type="COMPLEXITY" missed="" covered="" />
      <counter type="METHOD" missed="" covered="" />
      <counter type="CLASS" missed="" covered="" />
    </sourcefile>
    <sourcefile name="VueloController.java">
      <line nr="" mi="" ci="" mb="" cb="" />
      <line nr="" mi="" ci="" mb="" cb="" />
      <line nr="" mi="" ci="" mb="" cb="" />
      <line nr="" mi="" ci="" mb="" cb="" />
      <line nr="" mi="" ci="" mb="" cb="" />
      <line nr="" mi="" ci="" mb="" cb="" />
      <line nr="" mi="" ci="" mb="" cb="" />
      <line nr="" mi="" ci="" mb="" cb="" />
      <line nr="" mi="" ci="" mb="" cb="" />
      <line nr="" mi="" ci="" mb="" cb="" />
      <line nr="" mi="" ci="" mb="" cb="" />
      <line nr="" mi="" ci="" mb="" cb="" />
      <line nr="" mi="" ci="" mb="" cb="" />
      <line nr="" mi="" ci="" mb="" cb="" />
      <line nr="" mi="" ci="" mb="" cb="" />
      <line nr="" mi="" ci="" mb="" cb="" />
      <line nr="" mi="" ci="" mb="" cb="" />
      <line nr="" mi="" ci="" mb="" cb="" />
      <line nr="" mi="" ci="" mb="" cb="" />
      <counter type="INSTRUCTION" missed="" covered="" />
      <counter type="LINE" missed="" covered="" />
      <counter type="COMPLEXITY" missed="" covered="" />
      <counter type="METHOD" missed="" covered="" />
      <counter type="CLASS" missed="" covered="" />
    </sourcefile>
    <counter type="INSTRUCTION" missed="" covered="" />
    <counter type="LINE" missed="" covered="" />
    <counter type="COMPLEXITY" missed="" covered="" />
    <counter type="METHOD" missed="" covered="" />
    <counter type="CLASS" missed="" covered="" />
  </package>
  <counter type="INSTRUCTION" missed="" covered="" />
  <counter type="LINE" missed="" covered="" />
  <counter type="COMPLEXITY" missed="" covered="" />
  <counter type="METHOD" missed="" covered="" />
  <counter type="CLASS" missed="" covered="" />
</report>
<report name="WebApi">
  <sessioninfo id="DESKTOP-2U456GH-2ffabb99" start="" dump="" />
  <sessioninfo id="DESKTOP-2U456GH-43600e93" start="" dump="" />
  <sessioninfo id="DESKTOP-2U456GH-c6c5aa29" start="" dump="" />
  <sessioninfo id="DESKTOP-2U456GH-f8f946f5" start="" dump="" />
  <sessioninfo id="DESKTOP-2U456GH-23384188" start="" dump="" />
  <sessioninfo id="DESKTOP-2U456GH-775ef4b4" start="" dump="" />
  <sessioninfo id="DESKTOP-2U456GH-c39f2145" start="" dump="" />
  <sessioninfo id="DESKTOP-2U456GH-c9f27f78" start="" dump="" />
  <sessioninfo id="DESKTOP-2U456GH-68747361" start="" dump="" />
  <sessioninfo id="DESKTOP-2U456GH-556d313" start="" dump="" />
  <sessioninfo id="DESKTOP-2U456GH-5ca75d81" start="" dump="" />
  <sessioninfo id="DESKTOP-2U456GH-3cc3af87" start="" dump="" />
  <sessioninfo id="DESKTOP-2U456GH-1e4aa7fa" start="" dump="" />
  <sessioninfo id="DESKTOP-2U456GH-2f71695a" start="" dump="" />
  <sessioninfo id="DESKTOP-2U456GH-c492fb3" start="" dump="" />
  <sessioninfo id="DESKTOP-2U456GH-a0e3ee00" start="" dump="" />
  <sessioninfo id="DESKTOP-2U456GH-7a689b82" start="" dump="" />
  <sessioninfo id="DESKTOP-2U456GH-5c77544b" start="" dump="" />
  <sessioninfo id="DESKTOP-2U456GH-d8995ec9" start="" dump="" />
  <sessioninfo id="DESKTOP-2U456GH-c7ab0c72" start="" dump="" />
  <sessioninfo id="DESKTOP-2U456GH-4e8b0bb5" start="" dump="" />
  <sessioninfo id="DESKTOP-2U456GH-288fe1b3" start="" dump="" />
  <sessioninfo id="DESKTOP-2U456GH-1c60956d" start="" dump="" />
  <sessioninfo id="DESKTOP-2U456GH-b011aa9b" start="" dump="" />
  <sessioninfo id="DESKTOP-2U456GH-a7ce3ddf" start="" dump="" />
  <sessioninfo id="DESKTOP-2U456GH-152a460" start="" dump="" />
  <sessioninfo id="DESKTOP-2U456GH-c4082be2" start="" dump="" />
  <sessioninfo id="DESKTOP-2U456GH-7b9d3838" start="" dump="" />
  <sessioninfo id="DESKTOP-2U456GH-ebf8f483" start="" dump="" />
  <sessioninfo id="DESKTOP-2U456GH-cf0b9aa4" start="" dump="" />
  <sessioninfo id="DESKTOP-2U456GH-931dd5b9" start="" dump="" />
  <sessioninfo id="DESKTOP-2U456GH-69a15808" start="" dump="" />
  <sessioninfo id="DESKTOP-2U456GH-6ca34bd8" start="" dump="" />
  <sessioninfo id="DESKTOP-2U456GH-3a4d1a7b" start="" dump="" />
  <sessioninfo id="DESKTOP-2U456GH-e3c6b8dc" start="" dump="" />
  <package name="">
    <class name="App" sourcefilename="App.java">
      <method name="&lt;init&gt;" desc="()V" line="">
        <counter type="INSTRUCTION" missed="" covered="" />
        <counter type="LINE" missed="" covered="" />
        <counter type="COMPLEXITY" missed="" covered="" />
        <counter type="METHOD" missed="" covered="" />
      </method>
      <method name="main" desc="([Ljava/lang/String;)V" line="">
        <counter type="INSTRUCTION" missed="" covered="" />
        <counter type="LINE" missed="" covered="" />
        <counter type="COMPLEXITY" missed="" covered="" />
        <counter type="METHOD" missed="" covered="" />
      </method>
      <counter type="INSTRUCTION" missed="" covered="" />
      <counter type="LINE" missed="" covered="" />
      <counter type="COMPLEXITY" missed="" covered="" />
      <counter type="METHOD" missed="" covered="" />
      <counter type="CLASS" missed="" covered="" />
    </class>
    <class name="WebApi" sourcefilename="WebApi.java">
      <method name="&lt;init&gt;" desc="()V" line="">
        <counter type="INSTRUCTION" missed="" covered="" />
        <counter type="LINE" missed="" covered="" />
        <counter type="COMPLEXITY" missed="" covered="" />
        <counter type="METHOD" missed="" covered="" />
      </method>
      <method name="AddControllers" desc="()V" line="">
        <counter type="INSTRUCTION" missed="" covered="" />
        <counter type="LINE" missed="" covered="" />
        <counter type="COMPLEXITY" missed="" covered="" />
        <counter type="METHOD" missed="" covered="" />
      </method>
      <counter type="INSTRUCTION" missed="" covered="" />
      <counter type="LINE" missed="" covered="" />
      <counter type="COMPLEXITY" missed="" covered="" />
      <counter type="METHOD" missed="" covered="" />
      <counter type="CLASS" missed="" covered="" />
    </class>
    <sourcefile name="App.java">
      <line nr="" mi="" ci="" mb="" cb="" />
      <line nr="" mi="" ci="" mb="" cb="" />
      <line nr="" mi="" ci="" mb="" cb="" />
      <line nr="" mi="" ci="" mb="" cb="" />
      <counter type="INSTRUCTION" missed="" covered="" />
      <counter type="LINE" missed="" covered="" />
      <counter type="COMPLEXITY" missed="" covered="" />
      <counter type="METHOD" missed="" covered="" />
      <counter type="CLASS" missed="" covered="" />
    </sourcefile>
    <sourcefile name="WebApi.java">
      <line nr="" mi="" ci="" mb="" cb="" />
      <line nr="" mi="" ci="" mb="" cb="" />
      <line nr="" mi="" ci="" mb="" cb="" />
      <line nr="" mi="" ci="" mb="" cb="" />
      <line nr="" mi="" ci="" mb="" cb="" />
      <line nr="" mi="" ci="" mb="" cb="" />
      <counter type="INSTRUCTION" missed="" covered="" />
      <counter type="LINE" missed="" covered="" />
      <counter type="COMPLEXITY" missed="" covered="" />
      <counter type="METHOD" missed="" covered="" />
      <counter type="CLASS" missed="" covered="" />
    </sourcefile>
    <counter type="INSTRUCTION" missed="" covered="" />
    <counter type="LINE" missed="" covered="" />
    <counter type="COMPLEXITY" missed="" covered="" />
    <counter type="METHOD" missed="" covered="" />
    <counter type="CLASS" missed="" covered="" />
  </package>
  <package name="Controllers">
    <class
      name="Controllers/VueloController"
      sourcefilename="VueloController.java"
    >
      <method name="&lt;init&gt;" desc="(Lfourteam/mediator/Mediator;)V" line=""
      >
        <counter type="INSTRUCTION" missed="" covered="" />
        <counter type="LINE" missed="" covered="" />
        <counter type="COMPLEXITY" missed="" covered="" />
        <counter type="METHOD" missed="" covered="" />
      </method>
      <method name="getAll" desc="()Lfourteam/mediator/Response;" line="">
        <counter type="INSTRUCTION" missed="" covered="" />
        <counter type="LINE" missed="" covered="" />
        <counter type="COMPLEXITY" missed="" covered="" />
        <counter type="METHOD" missed="" covered="" />
      </method>
      <method
        name="register"
        desc="(LUseCases/Command/Vuelos/Crear/CrearVueloCommand;)Lfourteam/mediator/Response;"
        line=""
      >
        <counter type="INSTRUCTION" missed="" covered="" />
        <counter type="LINE" missed="" covered="" />
        <counter type="COMPLEXITY" missed="" covered="" />
        <counter type="METHOD" missed="" covered="" />
      </method>
      <method
        name="getByKey"
        desc="(LUseCases/Queries/Vuelos/GetByKey/GetVueloByKeyQuery;)Lfourteam/mediator/Response;"
        line=""
      >
        <counter type="INSTRUCTION" missed="" covered="" />
        <counter type="LINE" missed="" covered="" />
        <counter type="COMPLEXITY" missed="" covered="" />
        <counter type="METHOD" missed="" covered="" />
      </method>
      <method
        name="edit"
        desc="(LModel/Vuelos/Vuelo;LUseCases/Command/Vuelos/Editar/EditarVueloCommand;)Lfourteam/mediator/Response;"
        line=""
      >
        <counter type="INSTRUCTION" missed="" covered="" />
        <counter type="LINE" missed="" covered="" />
        <counter type="COMPLEXITY" missed="" covered="" />
        <counter type="METHOD" missed="" covered="" />
      </method>
      <method
        name="delete"
        desc="(LUseCases/Command/Vuelos/Eliminar/EliminarVueloCommand;)Lfourteam/mediator/Response;"
        line=""
      >
        <counter type="INSTRUCTION" missed="" covered="" />
        <counter type="LINE" missed="" covered="" />
        <counter type="COMPLEXITY" missed="" covered="" />
        <counter type="METHOD" missed="" covered="" />
      </method>
      <counter type="INSTRUCTION" missed="" covered="" />
      <counter type="LINE" missed="" covered="" />
      <counter type="COMPLEXITY" missed="" covered="" />
      <counter type="METHOD" missed="" covered="" />
      <counter type="CLASS" missed="" covered="" />
    </class>
    <class
      name="Controllers/TripulanteController"
      sourcefilename="TripulanteController.java"
    >
      <method name="&lt;init&gt;" desc="(Lfourteam/mediator/Mediator;)V" line=""
      >
        <counter type="INSTRUCTION" missed="" covered="" />
        <counter type="LINE" missed="" covered="" />
        <counter type="COMPLEXITY" missed="" covered="" />
        <counter type="METHOD" missed="" covered="" />
      </method>
      <method name="getAll" desc="()Lfourteam/mediator/Response;" line="">
        <counter type="INSTRUCTION" missed="" covered="" />
        <counter type="LINE" missed="" covered="" />
        <counter type="COMPLEXITY" missed="" covered="" />
        <counter type="METHOD" missed="" covered="" />
      </method>
      <method
        name="register"
        desc="(LUseCases/Command/Tripulantes/Crear/CrearTripulanteCommand;)Lfourteam/mediator/Response;"
        line=""
      >
        <counter type="INSTRUCTION" missed="" covered="" />
        <counter type="LINE" missed="" covered="" />
        <counter type="COMPLEXITY" missed="" covered="" />
        <counter type="METHOD" missed="" covered="" />
      </method>
      <method
        name="getByKey"
        desc="(LUseCases/Queries/Tripulantes/GetByKey/GetTripulanteByKeyQuery;)Lfourteam/mediator/Response;"
        line=""
      >
        <counter type="INSTRUCTION" missed="" covered="" />
        <counter type="LINE" missed="" covered="" />
        <counter type="COMPLEXITY" missed="" covered="" />
        <counter type="METHOD" missed="" covered="" />
      </method>
      <method
        name="edit"
        desc="(LModel/Vuelos/Tripulante;LUseCases/Command/Tripulantes/Editar/EditarTripulanteCommand;)Lfourteam/mediator/Response;"
        line=""
      >
        <counter type="INSTRUCTION" missed="" covered="" />
        <counter type="LINE" missed="" covered="" />
        <counter type="COMPLEXITY" missed="" covered="" />
        <counter type="METHOD" missed="" covered="" />
      </method>
      <method
        name="delete"
        desc="(LUseCases/Command/Tripulantes/Eliminar/EliminarTripulanteCommand;)Lfourteam/mediator/Response;"
        line=""
      >
        <counter type="INSTRUCTION" missed="" covered="" />
        <counter type="LINE" missed="" covered="" />
        <counter type="COMPLEXITY" missed="" covered="" />
        <counter type="METHOD" missed="" covered="" />
      </method>
      <counter type="INSTRUCTION" missed="" covered="" />
      <counter type="LINE" missed="" covered="" />
      <counter type="COMPLEXITY" missed="" covered="" />
      <counter type="METHOD" missed="" covered="" />
      <counter type="CLASS" missed="" covered="" />
    </class>
    <sourcefile name="TripulanteController.java">
      <line nr="" mi="" ci="" mb="" cb="" />
      <line nr="" mi="" ci="" mb="" cb="" />
      <line nr="" mi="" ci="" mb="" cb="" />
      <line nr="" mi="" ci="" mb="" cb="" />
      <line nr="" mi="" ci="" mb="" cb="" />
      <line nr="" mi="" ci="" mb="" cb="" />
      <line nr="" mi="" ci="" mb="" cb="" />
      <line nr="" mi="" ci="" mb="" cb="" />
      <line nr="" mi="" ci="" mb="" cb="" />
      <line nr="" mi="" ci="" mb="" cb="" />
      <line nr="" mi="" ci="" mb="" cb="" />
      <line nr="" mi="" ci="" mb="" cb="" />
      <counter type="INSTRUCTION" missed="" covered="" />
      <counter type="LINE" missed="" covered="" />
      <counter type="COMPLEXITY" missed="" covered="" />
      <counter type="METHOD" missed="" covered="" />
      <counter type="CLASS" missed="" covered="" />
    </sourcefile>
    <sourcefile name="VueloController.java">
      <line nr="" mi="" ci="" mb="" cb="" />
      <line nr="" mi="" ci="" mb="" cb="" />
      <line nr="" mi="" ci="" mb="" cb="" />
      <line nr="" mi="" ci="" mb="" cb="" />
      <line nr="" mi="" ci="" mb="" cb="" />
      <line nr="" mi="" ci="" mb="" cb="" />
      <line nr="" mi="" ci="" mb="" cb="" />
      <line nr="" mi="" ci="" mb="" cb="" />
      <line nr="" mi="" ci="" mb="" cb="" />
      <line nr="" mi="" ci="" mb="" cb="" />
      <line nr="" mi="" ci="" mb="" cb="" />
      <line nr="" mi="" ci="" mb="" cb="" />
      <line nr="" mi="" ci="" mb="" cb="" />
      <line nr="" mi="" ci="" mb="" cb="" />
      <line nr="" mi="" ci="" mb="" cb="" />
      <line nr="" mi="" ci="" mb="" cb="" />
      <line nr="" mi="" ci="" mb="" cb="" />
      <line nr="" mi="" ci="" mb="" cb="" />
      <line nr="" mi="" ci="" mb="" cb="" />
      <counter type="INSTRUCTION" missed="" covered="" />
      <counter type="LINE" missed="" covered="" />
      <counter type="COMPLEXITY" missed="" covered="" />
      <counter type="METHOD" missed="" covered="" />
      <counter type="CLASS" missed="" covered="" />
    </sourcefile>
    <counter type="INSTRUCTION" missed="" covered="" />
    <counter type="LINE" missed="" covered="" />
    <counter type="COMPLEXITY" missed="" covered="" />
    <counter type="METHOD" missed="" covered="" />
    <counter type="CLASS" missed="" covered="" />
  </package>
  <counter type="INSTRUCTION" missed="" covered="" />
  <counter type="LINE" missed="" covered="" />
  <counter type="COMPLEXITY" missed="" covered="" />
  <counter type="METHOD" missed="" covered="" />
  <counter type="CLASS" missed="" covered="" />
</report>
<report name="WebApi">
  <sessioninfo id="DESKTOP-2U456GH-2ffabb99" start="" dump="" />
  <sessioninfo id="DESKTOP-2U456GH-43600e93" start="" dump="" />
  <sessioninfo id="DESKTOP-2U456GH-c6c5aa29" start="" dump="" />
  <sessioninfo id="DESKTOP-2U456GH-f8f946f5" start="" dump="" />
  <sessioninfo id="DESKTOP-2U456GH-23384188" start="" dump="" />
  <sessioninfo id="DESKTOP-2U456GH-775ef4b4" start="" dump="" />
  <sessioninfo id="DESKTOP-2U456GH-c39f2145" start="" dump="" />
  <sessioninfo id="DESKTOP-2U456GH-c9f27f78" start="" dump="" />
  <sessioninfo id="DESKTOP-2U456GH-68747361" start="" dump="" />
  <sessioninfo id="DESKTOP-2U456GH-556d313" start="" dump="" />
  <sessioninfo id="DESKTOP-2U456GH-5ca75d81" start="" dump="" />
  <sessioninfo id="DESKTOP-2U456GH-3cc3af87" start="" dump="" />
  <sessioninfo id="DESKTOP-2U456GH-1e4aa7fa" start="" dump="" />
  <sessioninfo id="DESKTOP-2U456GH-2f71695a" start="" dump="" />
  <sessioninfo id="DESKTOP-2U456GH-c492fb3" start="" dump="" />
  <sessioninfo id="DESKTOP-2U456GH-a0e3ee00" start="" dump="" />
  <sessioninfo id="DESKTOP-2U456GH-7a689b82" start="" dump="" />
  <sessioninfo id="DESKTOP-2U456GH-5c77544b" start="" dump="" />
  <sessioninfo id="DESKTOP-2U456GH-d8995ec9" start="" dump="" />
  <sessioninfo id="DESKTOP-2U456GH-c7ab0c72" start="" dump="" />
  <sessioninfo id="DESKTOP-2U456GH-4e8b0bb5" start="" dump="" />
  <sessioninfo id="DESKTOP-2U456GH-288fe1b3" start="" dump="" />
  <sessioninfo id="DESKTOP-2U456GH-1c60956d" start="" dump="" />
  <sessioninfo id="DESKTOP-2U456GH-b011aa9b" start="" dump="" />
  <sessioninfo id="DESKTOP-2U456GH-a7ce3ddf" start="" dump="" />
  <sessioninfo id="DESKTOP-2U456GH-152a460" start="" dump="" />
  <sessioninfo id="DESKTOP-2U456GH-c4082be2" start="" dump="" />
  <sessioninfo id="DESKTOP-2U456GH-7b9d3838" start="" dump="" />
  <sessioninfo id="DESKTOP-2U456GH-ebf8f483" start="" dump="" />
  <sessioninfo id="DESKTOP-2U456GH-cf0b9aa4" start="" dump="" />
  <sessioninfo id="DESKTOP-2U456GH-931dd5b9" start="" dump="" />
  <sessioninfo id="DESKTOP-2U456GH-69a15808" start="" dump="" />
  <sessioninfo id="DESKTOP-2U456GH-6ca34bd8" start="" dump="" />
  <sessioninfo id="DESKTOP-2U456GH-3a4d1a7b" start="" dump="" />
  <sessioninfo id="DESKTOP-2U456GH-e3c6b8dc" start="" dump="" />
  <package name="">
    <class name="App" sourcefilename="App.java">
      <method name="&lt;init&gt;" desc="()V" line="">
        <counter type="INSTRUCTION" missed="" covered="" />
        <counter type="LINE" missed="" covered="" />
        <counter type="COMPLEXITY" missed="" covered="" />
        <counter type="METHOD" missed="" covered="" />
      </method>
      <method name="main" desc="([Ljava/lang/String;)V" line="">
        <counter type="INSTRUCTION" missed="" covered="" />
        <counter type="LINE" missed="" covered="" />
        <counter type="COMPLEXITY" missed="" covered="" />
        <counter type="METHOD" missed="" covered="" />
      </method>
      <counter type="INSTRUCTION" missed="" covered="" />
      <counter type="LINE" missed="" covered="" />
      <counter type="COMPLEXITY" missed="" covered="" />
      <counter type="METHOD" missed="" covered="" />
      <counter type="CLASS" missed="" covered="" />
    </class>
    <class name="WebApi" sourcefilename="WebApi.java">
      <method name="&lt;init&gt;" desc="()V" line="">
        <counter type="INSTRUCTION" missed="" covered="" />
        <counter type="LINE" missed="" covered="" />
        <counter type="COMPLEXITY" missed="" covered="" />
        <counter type="METHOD" missed="" covered="" />
      </method>
      <method name="AddControllers" desc="()V" line="">
        <counter type="INSTRUCTION" missed="" covered="" />
        <counter type="LINE" missed="" covered="" />
        <counter type="COMPLEXITY" missed="" covered="" />
        <counter type="METHOD" missed="" covered="" />
      </method>
      <counter type="INSTRUCTION" missed="" covered="" />
      <counter type="LINE" missed="" covered="" />
      <counter type="COMPLEXITY" missed="" covered="" />
      <counter type="METHOD" missed="" covered="" />
      <counter type="CLASS" missed="" covered="" />
    </class>
    <sourcefile name="App.java">
      <line nr="" mi="" ci="" mb="" cb="" />
      <line nr="" mi="" ci="" mb="" cb="" />
      <line nr="" mi="" ci="" mb="" cb="" />
      <line nr="" mi="" ci="" mb="" cb="" />
      <counter type="INSTRUCTION" missed="" covered="" />
      <counter type="LINE" missed="" covered="" />
      <counter type="COMPLEXITY" missed="" covered="" />
      <counter type="METHOD" missed="" covered="" />
      <counter type="CLASS" missed="" covered="" />
    </sourcefile>
    <sourcefile name="WebApi.java">
      <line nr="" mi="" ci="" mb="" cb="" />
      <line nr="" mi="" ci="" mb="" cb="" />
      <line nr="" mi="" ci="" mb="" cb="" />
      <line nr="" mi="" ci="" mb="" cb="" />
      <line nr="" mi="" ci="" mb="" cb="" />
      <line nr="" mi="" ci="" mb="" cb="" />
      <counter type="INSTRUCTION" missed="" covered="" />
      <counter type="LINE" missed="" covered="" />
      <counter type="COMPLEXITY" missed="" covered="" />
      <counter type="METHOD" missed="" covered="" />
      <counter type="CLASS" missed="" covered="" />
    </sourcefile>
    <counter type="INSTRUCTION" missed="" covered="" />
    <counter type="LINE" missed="" covered="" />
    <counter type="COMPLEXITY" missed="" covered="" />
    <counter type="METHOD" missed="" covered="" />
    <counter type="CLASS" missed="" covered="" />
  </package>
  <package name="Controllers">
    <class
      name="Controllers/VueloController"
      sourcefilename="VueloController.java"
    >
      <method name="&lt;init&gt;" desc="(Lfourteam/mediator/Mediator;)V" line=""
      >
        <counter type="INSTRUCTION" missed="" covered="" />
        <counter type="LINE" missed="" covered="" />
        <counter type="COMPLEXITY" missed="" covered="" />
        <counter type="METHOD" missed="" covered="" />
      </method>
      <method name="getAll" desc="()Lfourteam/mediator/Response;" line="">
        <counter type="INSTRUCTION" missed="" covered="" />
        <counter type="LINE" missed="" covered="" />
        <counter type="COMPLEXITY" missed="" covered="" />
        <counter type="METHOD" missed="" covered="" />
      </method>
      <method
        name="register"
        desc="(LUseCases/Command/Vuelos/Crear/CrearVueloCommand;)Lfourteam/mediator/Response;"
        line=""
      >
        <counter type="INSTRUCTION" missed="" covered="" />
        <counter type="LINE" missed="" covered="" />
        <counter type="COMPLEXITY" missed="" covered="" />
        <counter type="METHOD" missed="" covered="" />
      </method>
      <method
        name="getByKey"
        desc="(LUseCases/Queries/Vuelos/GetByKey/GetVueloByKeyQuery;)Lfourteam/mediator/Response;"
        line=""
      >
        <counter type="INSTRUCTION" missed="" covered="" />
        <counter type="LINE" missed="" covered="" />
        <counter type="COMPLEXITY" missed="" covered="" />
        <counter type="METHOD" missed="" covered="" />
      </method>
      <method
        name="edit"
        desc="(LModel/Vuelos/Vuelo;LUseCases/Command/Vuelos/Editar/EditarVueloCommand;)Lfourteam/mediator/Response;"
        line=""
      >
        <counter type="INSTRUCTION" missed="" covered="" />
        <counter type="LINE" missed="" covered="" />
        <counter type="COMPLEXITY" missed="" covered="" />
        <counter type="METHOD" missed="" covered="" />
      </method>
      <method
        name="delete"
        desc="(LUseCases/Command/Vuelos/Eliminar/EliminarVueloCommand;)Lfourteam/mediator/Response;"
        line=""
      >
        <counter type="INSTRUCTION" missed="" covered="" />
        <counter type="LINE" missed="" covered="" />
        <counter type="COMPLEXITY" missed="" covered="" />
        <counter type="METHOD" missed="" covered="" />
      </method>
      <counter type="INSTRUCTION" missed="" covered="" />
      <counter type="LINE" missed="" covered="" />
      <counter type="COMPLEXITY" missed="" covered="" />
      <counter type="METHOD" missed="" covered="" />
      <counter type="CLASS" missed="" covered="" />
    </class>
    <class
      name="Controllers/TripulanteController"
      sourcefilename="TripulanteController.java"
    >
      <method name="&lt;init&gt;" desc="(Lfourteam/mediator/Mediator;)V" line=""
      >
        <counter type="INSTRUCTION" missed="" covered="" />
        <counter type="LINE" missed="" covered="" />
        <counter type="COMPLEXITY" missed="" covered="" />
        <counter type="METHOD" missed="" covered="" />
      </method>
      <method name="getAll" desc="()Lfourteam/mediator/Response;" line="">
        <counter type="INSTRUCTION" missed="" covered="" />
        <counter type="LINE" missed="" covered="" />
        <counter type="COMPLEXITY" missed="" covered="" />
        <counter type="METHOD" missed="" covered="" />
      </method>
      <method
        name="register"
        desc="(LUseCases/Command/Tripulantes/Crear/CrearTripulanteCommand;)Lfourteam/mediator/Response;"
        line=""
      >
        <counter type="INSTRUCTION" missed="" covered="" />
        <counter type="LINE" missed="" covered="" />
        <counter type="COMPLEXITY" missed="" covered="" />
        <counter type="METHOD" missed="" covered="" />
      </method>
      <method
        name="getByKey"
        desc="(LUseCases/Queries/Tripulantes/GetByKey/GetTripulanteByKeyQuery;)Lfourteam/mediator/Response;"
        line=""
      >
        <counter type="INSTRUCTION" missed="" covered="" />
        <counter type="LINE" missed="" covered="" />
        <counter type="COMPLEXITY" missed="" covered="" />
        <counter type="METHOD" missed="" covered="" />
      </method>
      <method
        name="edit"
        desc="(LModel/Vuelos/Tripulante;LUseCases/Command/Tripulantes/Editar/EditarTripulanteCommand;)Lfourteam/mediator/Response;"
        line=""
      >
        <counter type="INSTRUCTION" missed="" covered="" />
        <counter type="LINE" missed="" covered="" />
        <counter type="COMPLEXITY" missed="" covered="" />
        <counter type="METHOD" missed="" covered="" />
      </method>
      <method
        name="delete"
        desc="(LUseCases/Command/Tripulantes/Eliminar/EliminarTripulanteCommand;)Lfourteam/mediator/Response;"
        line=""
      >
        <counter type="INSTRUCTION" missed="" covered="" />
        <counter type="LINE" missed="" covered="" />
        <counter type="COMPLEXITY" missed="" covered="" />
        <counter type="METHOD" missed="" covered="" />
      </method>
      <counter type="INSTRUCTION" missed="" covered="" />
      <counter type="LINE" missed="" covered="" />
      <counter type="COMPLEXITY" missed="" covered="" />
      <counter type="METHOD" missed="" covered="" />
      <counter type="CLASS" missed="" covered="" />
    </class>
    <sourcefile name="TripulanteController.java">
      <line nr="" mi="" ci="" mb="" cb="" />
      <line nr="" mi="" ci="" mb="" cb="" />
      <line nr="" mi="" ci="" mb="" cb="" />
      <line nr="" mi="" ci="" mb="" cb="" />
      <line nr="" mi="" ci="" mb="" cb="" />
      <line nr="" mi="" ci="" mb="" cb="" />
      <line nr="" mi="" ci="" mb="" cb="" />
      <line nr="" mi="" ci="" mb="" cb="" />
      <line nr="" mi="" ci="" mb="" cb="" />
      <line nr="" mi="" ci="" mb="" cb="" />
      <line nr="" mi="" ci="" mb="" cb="" />
      <line nr="" mi="" ci="" mb="" cb="" />
      <counter type="INSTRUCTION" missed="" covered="" />
      <counter type="LINE" missed="" covered="" />
      <counter type="COMPLEXITY" missed="" covered="" />
      <counter type="METHOD" missed="" covered="" />
      <counter type="CLASS" missed="" covered="" />
    </sourcefile>
    <sourcefile name="VueloController.java">
      <line nr="" mi="" ci="" mb="" cb="" />
      <line nr="" mi="" ci="" mb="" cb="" />
      <line nr="" mi="" ci="" mb="" cb="" />
      <line nr="" mi="" ci="" mb="" cb="" />
      <line nr="" mi="" ci="" mb="" cb="" />
      <line nr="" mi="" ci="" mb="" cb="" />
      <line nr="" mi="" ci="" mb="" cb="" />
      <line nr="" mi="" ci="" mb="" cb="" />
      <line nr="" mi="" ci="" mb="" cb="" />
      <line nr="" mi="" ci="" mb="" cb="" />
      <line nr="" mi="" ci="" mb="" cb="" />
      <line nr="" mi="" ci="" mb="" cb="" />
      <line nr="" mi="" ci="" mb="" cb="" />
      <line nr="" mi="" ci="" mb="" cb="" />
      <line nr="" mi="" ci="" mb="" cb="" />
      <line nr="" mi="" ci="" mb="" cb="" />
      <line nr="" mi="" ci="" mb="" cb="" />
[...]
      <method
        name="edit"
        desc="(LModel/Vuelos/Vuelo;LUseCases/Command/Vuelos/Editar/EditarVueloCommand;)Lfourteam/mediator/Response;"
        line=""
      >
        <counter type="INSTRUCTION" missed="" covered="" />
        <counter type="LINE" missed="" covered="" />
        <counter type="COMPLEXITY" missed="" covered="" />
        <counter type="METHOD" missed="" covered="" />
      </method>
      <method
        name="delete"
        desc="(LUseCases/Command/Vuelos/Eliminar/EliminarVueloCommand;)Lfourteam/mediator/Response;"
        line=""
      >
        <counter type="INSTRUCTION" missed="" covered="" />
        <counter type="LINE" missed="" covered="" />
        <counter type="COMPLEXITY" missed="" covered="" />
        <counter type="METHOD" missed="" covered="" />
      </method>
      <counter type="INSTRUCTION" missed="" covered="" />
      <counter type="LINE" missed="" covered="" />
      <counter type="COMPLEXITY" missed="" covered="" />
      <counter type="METHOD" missed="" covered="" />
      <counter type="CLASS" missed="" covered="" />
    </class>
    <class
      name="Controllers/TripulanteController"
      sourcefilename="TripulanteController.java"
    >
      <method name="&lt;init&gt;" desc="(Lfourteam/mediator/Mediator;)V" line=""
      >
        <counter type="INSTRUCTION" missed="" covered="" />
        <counter type="LINE" missed="" covered="" />
        <counter type="COMPLEXITY" missed="" covered="" />
        <counter type="METHOD" missed="" covered="" />
      </method>
      <method name="getAll" desc="()Lfourteam/mediator/Response;" line="">
        <counter type="INSTRUCTION" missed="" covered="" />
        <counter type="LINE" missed="" covered="" />
        <counter type="COMPLEXITY" missed="" covered="" />
        <counter type="METHOD" missed="" covered="" />
      </method>
      <method
        name="register"
        desc="(LUseCases/Command/Tripulantes/Crear/CrearTripulanteCommand;)Lfourteam/mediator/Response;"
        line=""
      >
        <counter type="INSTRUCTION" missed="" covered="" />
        <counter type="LINE" missed="" covered="" />
        <counter type="COMPLEXITY" missed="" covered="" />
        <counter type="METHOD" missed="" covered="" />
      </method>
      <method
        name="getByKey"
        desc="(LUseCases/Queries/Tripulantes/GetByKey/GetTripulanteByKeyQuery;)Lfourteam/mediator/Response;"
        line=""
      >
        <counter type="INSTRUCTION" missed="" covered="" />
        <counter type="LINE" missed="" covered="" />
        <counter type="COMPLEXITY" missed="" covered="" />
        <counter type="METHOD" missed="" covered="" />
      </method>
      <method
        name="edit"
        desc="(LModel/Vuelos/Tripulante;LUseCases/Command/Tripulantes/Editar/EditarTripulanteCommand;)Lfourteam/mediator/Response;"
        line=""
      >
        <counter type="INSTRUCTION" missed="" covered="" />
        <counter type="LINE" missed="" covered="" />
        <counter type="COMPLEXITY" missed="" covered="" />
        <counter type="METHOD" missed="" covered="" />
      </method>
      <method
        name="delete"
        desc="(LUseCases/Command/Tripulantes/Eliminar/EliminarTripulanteCommand;)Lfourteam/mediator/Response;"
        line=""
      >
        <counter type="INSTRUCTION" missed="" covered="" />
        <counter type="LINE" missed="" covered="" />
        <counter type="COMPLEXITY" missed="" covered="" />
        <counter type="METHOD" missed="" covered="" />
      </method>
      <counter type="INSTRUCTION" missed="" covered="" />
      <counter type="LINE" missed="" covered="" />
      <counter type="COMPLEXITY" missed="" covered="" />
      <counter type="METHOD" missed="" covered="" />
      <counter type="CLASS" missed="" covered="" />
    </class>
    <sourcefile name="TripulanteController.java">
      <line nr="" mi="" ci="" mb="" cb="" />
      <line nr="" mi="" ci="" mb="" cb="" />
      <line nr="" mi="" ci="" mb="" cb="" />
      <line nr="" mi="" ci="" mb="" cb="" />
      <line nr="" mi="" ci="" mb="" cb="" />
      <line nr="" mi="" ci="" mb="" cb="" />
      <line nr="" mi="" ci="" mb="" cb="" />
      <line nr="" mi="" ci="" mb="" cb="" />
      <line nr="" mi="" ci="" mb="" cb="" />
      <line nr="" mi="" ci="" mb="" cb="" />
      <line nr="" mi="" ci="" mb="" cb="" />
      <line nr="" mi="" ci="" mb="" cb="" />
      <counter type="INSTRUCTION" missed="" covered="" />
      <counter type="LINE" missed="" covered="" />
      <counter type="COMPLEXITY" missed="" covered="" />
      <counter type="METHOD" missed="" covered="" />
      <counter type="CLASS" missed="" covered="" />
    </sourcefile>
    <sourcefile name="VueloController.java">
      <line nr="" mi="" ci="" mb="" cb="" />
      <line nr="" mi="" ci="" mb="" cb="" />
      <line nr="" mi="" ci="" mb="" cb="" />
      <line nr="" mi="" ci="" mb="" cb="" />
      <line nr="" mi="" ci="" mb="" cb="" />
      <line nr="" mi="" ci="" mb="" cb="" />
      <line nr="" mi="" ci="" mb="" cb="" />
      <line nr="" mi="" ci="" mb="" cb="" />
      <line nr="" mi="" ci="" mb="" cb="" />
      <line nr="" mi="" ci="" mb="" cb="" />
      <line nr="" mi="" ci="" mb="" cb="" />
      <line nr="" mi="" ci="" mb="" cb="" />
      <line nr="" mi="" ci="" mb="" cb="" />
      <line nr="" mi="" ci="" mb="" cb="" />
      <line nr="" mi="" ci="" mb="" cb="" />
      <line nr="" mi="" ci="" mb="" cb="" />
      <line nr="" mi="" ci="" mb="" cb="" />
      <line nr="" mi="" ci="" mb="" cb="" />
      <line nr="" mi="" ci="" mb="" cb="" />
      <counter type="INSTRUCTION" missed="" covered="" />
      <counter type="LINE" missed="" covered="" />
      <counter type="COMPLEXITY" missed="" covered="" />
      <counter type="METHOD" missed="" covered="" />
      <counter type="CLASS" missed="" covered="" />
    </sourcefile>
    <counter type="INSTRUCTION" missed="" covered="" />
    <counter type="LINE" missed="" covered="" />
    <counter type="COMPLEXITY" missed="" covered="" />
    <counter type="METHOD" missed="" covered="" />
    <counter type="CLASS" missed="" covered="" />
  </package>
  <counter type="INSTRUCTION" missed="" covered="" />
  <counter type="LINE" missed="" covered="" />
  <counter type="COMPLEXITY" missed="" covered="" />
  <counter type="METHOD" missed="" covered="" />
  <counter type="CLASS" missed="" covered="" />
</report>
<report name="WebApi">
  <sessioninfo id="DESKTOP-2U456GH-2ffabb99" start="" dump="" />
  <sessioninfo id="DESKTOP-2U456GH-43600e93" start="" dump="" />
  <sessioninfo id="DESKTOP-2U456GH-c6c5aa29" start="" dump="" />
  <sessioninfo id="DESKTOP-2U456GH-f8f946f5" start="" dump="" />
  <sessioninfo id="DESKTOP-2U456GH-23384188" start="" dump="" />
  <sessioninfo id="DESKTOP-2U456GH-775ef4b4" start="" dump="" />
  <sessioninfo id="DESKTOP-2U456GH-c39f2145" start="" dump="" />
  <sessioninfo id="DESKTOP-2U456GH-c9f27f78" start="" dump="" />
  <sessioninfo id="DESKTOP-2U456GH-68747361" start="" dump="" />
  <sessioninfo id="DESKTOP-2U456GH-556d313" start="" dump="" />
  <sessioninfo id="DESKTOP-2U456GH-5ca75d81" start="" dump="" />
  <sessioninfo id="DESKTOP-2U456GH-3cc3af87" start="" dump="" />
  <sessioninfo id="DESKTOP-2U456GH-1e4aa7fa" start="" dump="" />
  <sessioninfo id="DESKTOP-2U456GH-2f71695a" start="" dump="" />
  <sessioninfo id="DESKTOP-2U456GH-c492fb3" start="" dump="" />
  <sessioninfo id="DESKTOP-2U456GH-a0e3ee00" start="" dump="" />
  <sessioninfo id="DESKTOP-2U456GH-7a689b82" start="" dump="" />
  <sessioninfo id="DESKTOP-2U456GH-5c77544b" start="" dump="" />
  <sessioninfo id="DESKTOP-2U456GH-d8995ec9" start="" dump="" />
  <sessioninfo id="DESKTOP-2U456GH-c7ab0c72" start="" dump="" />
  <sessioninfo id="DESKTOP-2U456GH-4e8b0bb5" start="" dump="" />
  <sessioninfo id="DESKTOP-2U456GH-288fe1b3" start="" dump="" />
  <sessioninfo id="DESKTOP-2U456GH-1c60956d" start="" dump="" />
  <sessioninfo id="DESKTOP-2U456GH-b011aa9b" start="" dump="" />
  <sessioninfo id="DESKTOP-2U456GH-a7ce3ddf" start="" dump="" />
  <sessioninfo id="DESKTOP-2U456GH-152a460" start="" dump="" />
  <sessioninfo id="DESKTOP-2U456GH-c4082be2" start="" dump="" />
  <sessioninfo id="DESKTOP-2U456GH-7b9d3838" start="" dump="" />
  <sessioninfo id="DESKTOP-2U456GH-ebf8f483" start="" dump="" />
  <sessioninfo id="DESKTOP-2U456GH-cf0b9aa4" start="" dump="" />
  <sessioninfo id="DESKTOP-2U456GH-931dd5b9" start="" dump="" />
  <sessioninfo id="DESKTOP-2U456GH-69a15808" start="" dump="" />
  <sessioninfo id="DESKTOP-2U456GH-6ca34bd8" start="" dump="" />
  <sessioninfo id="DESKTOP-2U456GH-3a4d1a7b" start="" dump="" />
  <sessioninfo id="DESKTOP-2U456GH-e3c6b8dc" start="" dump="" />
  <package name="">
    <class name="App" sourcefilename="App.java">
      <method name="&lt;init&gt;" desc="()V" line="">
        <counter type="INSTRUCTION" missed="" covered="" />
        <counter type="LINE" missed="" covered="" />
        <counter type="COMPLEXITY" missed="" covered="" />
        <counter type="METHOD" missed="" covered="" />
      </method>
      <method name="main" desc="([Ljava/lang/String;)V" line="">
        <counter type="INSTRUCTION" missed="" covered="" />
        <counter type="LINE" missed="" covered="" />
        <counter type="COMPLEXITY" missed="" covered="" />
        <counter type="METHOD" missed="" covered="" />
      </method>
      <counter type="INSTRUCTION" missed="" covered="" />
      <counter type="LINE" missed="" covered="" />
      <counter type="COMPLEXITY" missed="" covered="" />
      <counter type="METHOD" missed="" covered="" />
      <counter type="CLASS" missed="" covered="" />
    </class>
    <class name="WebApi" sourcefilename="WebApi.java">
      <method name="&lt;init&gt;" desc="()V" line="">
        <counter type="INSTRUCTION" missed="" covered="" />
        <counter type="LINE" missed="" covered="" />
        <counter type="COMPLEXITY" missed="" covered="" />
        <counter type="METHOD" missed="" covered="" />
      </method>
      <method name="AddControllers" desc="()V" line="">
        <counter type="INSTRUCTION" missed="" covered="" />
        <counter type="LINE" missed="" covered="" />
        <counter type="COMPLEXITY" missed="" covered="" />
        <counter type="METHOD" missed="" covered="" />
      </method>
      <counter type="INSTRUCTION" missed="" covered="" />
      <counter type="LINE" missed="" covered="" />
      <counter type="COMPLEXITY" missed="" covered="" />
      <counter type="METHOD" missed="" covered="" />
      <counter type="CLASS" missed="" covered="" />
    </class>
    <sourcefile name="App.java">
      <line nr="" mi="" ci="" mb="" cb="" />
      <line nr="" mi="" ci="" mb="" cb="" />
      <line nr="" mi="" ci="" mb="" cb="" />
      <line nr="" mi="" ci="" mb="" cb="" />
      <counter type="INSTRUCTION" missed="" covered="" />
      <counter type="LINE" missed="" covered="" />
      <counter type="COMPLEXITY" missed="" covered="" />
      <counter type="METHOD" missed="" covered="" />
      <counter type="CLASS" missed="" covered="" />
    </sourcefile>
    <sourcefile name="WebApi.java">
      <line nr="" mi="" ci="" mb="" cb="" />
      <line nr="" mi="" ci="" mb="" cb="" />
      <line nr="" mi="" ci="" mb="" cb="" />
      <line nr="" mi="" ci="" mb="" cb="" />
      <line nr="" mi="" ci="" mb="" cb="" />
      <line nr="" mi="" ci="" mb="" cb="" />
      <counter type="INSTRUCTION" missed="" covered="" />
      <counter type="LINE" missed="" covered="" />
      <counter type="COMPLEXITY" missed="" covered="" />
      <counter type="METHOD" missed="" covered="" />
      <counter type="CLASS" missed="" covered="" />
    </sourcefile>
    <counter type="INSTRUCTION" missed="" covered="" />
    <counter type="LINE" missed="" covered="" />
    <counter type="COMPLEXITY" missed="" covered="" />
    <counter type="METHOD" missed="" covered="" />
    <counter type="CLASS" missed="" covered="" />
  </package>
  <package name="Controllers">
    <class
      name="Controllers/VueloController"
      sourcefilename="VueloController.java"
    >
      <method name="&lt;init&gt;" desc="(Lfourteam/mediator/Mediator;)V" line=""
      >
        <counter type="INSTRUCTION" missed="" covered="" />
        <counter type="LINE" missed="" covered="" />
        <counter type="COMPLEXITY" missed="" covered="" />
        <counter type="METHOD" missed="" covered="" />
      </method>
      <method name="getAll" desc="()Lfourteam/mediator/Response;" line="">
        <counter type="INSTRUCTION" missed="" covered="" />
        <counter type="LINE" missed="" covered="" />
        <counter type="COMPLEXITY" missed="" covered="" />
        <counter type="METHOD" missed="" covered="" />
      </method>
      <method
        name="register"
        desc="(LUseCases/Command/Vuelos/Crear/CrearVueloCommand;)Lfourteam/mediator/Response;"
        line=""
      >
        <counter type="INSTRUCTION" missed="" covered="" />
        <counter type="LINE" missed="" covered="" />
        <counter type="COMPLEXITY" missed="" covered="" />
        <counter type="METHOD" missed="" covered="" />
      </method>
      <method
        name="getByKey"
        desc="(LUseCases/Queries/Vuelos/GetByKey/GetVueloByKeyQuery;)Lfourteam/mediator/Response;"
        line=""
      >
        <counter type="INSTRUCTION" missed="" covered="" />
        <counter type="LINE" missed="" covered="" />
        <counter type="COMPLEXITY" missed="" covered="" />
        <counter type="METHOD" missed="" covered="" />
      </method>
      <method
        name="edit"
        desc="(LModel/Vuelos/Vuelo;LUseCases/Command/Vuelos/Editar/EditarVueloCommand;)Lfourteam/mediator/Response;"
        line=""
      >
        <counter type="INSTRUCTION" missed="" covered="" />
        <counter type="LINE" missed="" covered="" />
        <counter type="COMPLEXITY" missed="" covered="" />
        <counter type="METHOD" missed="" covered="" />
      </method>
      <method
        name="delete"
        desc="(LUseCases/Command/Vuelos/Eliminar/EliminarVueloCommand;)Lfourteam/mediator/Response;"
        line=""
      >
        <counter type="INSTRUCTION" missed="" covered="" />
        <counter type="LINE" missed="" covered="" />
        <counter type="COMPLEXITY" missed="" covered="" />
        <counter type="METHOD" missed="" covered="" />
      </method>
      <counter type="INSTRUCTION" missed="" covered="" />
      <counter type="LINE" missed="" covered="" />
      <counter type="COMPLEXITY" missed="" covered="" />
      <counter type="METHOD" missed="" covered="" />
      <counter type="CLASS" missed="" covered="" />
    </class>
    <class
      name="Controllers/TripulanteController"
      sourcefilename="TripulanteController.java"
    >
      <method name="&lt;init&gt;" desc="(Lfourteam/mediator/Mediator;)V" line=""
      >
        <counter type="INSTRUCTION" missed="" covered="" />
        <counter type="LINE" missed="" covered="" />
        <counter type="COMPLEXITY" missed="" covered="" />
        <counter type="METHOD" missed="" covered="" />
      </method>
      <method name="getAll" desc="()Lfourteam/mediator/Response;" line="">
        <counter type="INSTRUCTION" missed="" covered="" />
        <counter type="LINE" missed="" covered="" />
        <counter type="COMPLEXITY" missed="" covered="" />
        <counter type="METHOD" missed="" covered="" />
      </method>
      <method
        name="register"
        desc="(LUseCases/Command/Tripulantes/Crear/CrearTripulanteCommand;)Lfourteam/mediator/Response;"
        line=""
      >
        <counter type="INSTRUCTION" missed="" covered="" />
        <counter type="LINE" missed="" covered="" />
        <counter type="COMPLEXITY" missed="" covered="" />
        <counter type="METHOD" missed="" covered="" />
      </method>
      <method
        name="getByKey"
        desc="(LUseCases/Queries/Tripulantes/GetByKey/GetTripulanteByKeyQuery;)Lfourteam/mediator/Response;"
        line=""
      >
        <counter type="INSTRUCTION" missed="" covered="" />
        <counter type="LINE" missed="" covered="" />
        <counter type="COMPLEXITY" missed="" covered="" />
        <counter type="METHOD" missed="" covered="" />
      </method>
      <method
        name="edit"
        desc="(LModel/Vuelos/Tripulante;LUseCases/Command/Tripulantes/Editar/EditarTripulanteCommand;)Lfourteam/mediator/Response;"
        line=""
      >
        <counter type="INSTRUCTION" missed="" covered="" />
        <counter type="LINE" missed="" covered="" />
        <counter type="COMPLEXITY" missed="" covered="" />
        <counter type="METHOD" missed="" covered="" />
      </method>
      <method
        name="delete"
        desc="(LUseCases/Command/Tripulantes/Eliminar/EliminarTripulanteCommand;)Lfourteam/mediator/Response;"
        line=""
      >
        <counter type="INSTRUCTION" missed="" covered="" />
        <counter type="LINE" missed="" covered="" />
        <counter type="COMPLEXITY" missed="" covered="" />
        <counter type="METHOD" missed="" covered="" />
      </method>
      <counter type="INSTRUCTION" missed="" covered="" />
      <counter type="LINE" missed="" covered="" />
      <counter type="COMPLEXITY" missed="" covered="" />
      <counter type="METHOD" missed="" covered="" />
      <counter type="CLASS" missed="" covered="" />
    </class>
    <sourcefile name="TripulanteController.java">
      <line nr="" mi="" ci="" mb="" cb="" />
      <line nr="" mi="" ci="" mb="" cb="" />
      <line nr="" mi="" ci="" mb="" cb="" />
      <line nr="" mi="" ci="" mb="" cb="" />
      <line nr="" mi="" ci="" mb="" cb="" />
      <line nr="" mi="" ci="" mb="" cb="" />
      <line nr="" mi="" ci="" mb="" cb="" />
      <line nr="" mi="" ci="" mb="" cb="" />
      <line nr="" mi="" ci="" mb="" cb="" />
      <line nr="" mi="" ci="" mb="" cb="" />
      <line nr="" mi="" ci="" mb="" cb="" />
      <line nr="" mi="" ci="" mb="" cb="" />
      <counter type="INSTRUCTION" missed="" covered="" />
      <counter type="LINE" missed="" covered="" />
      <counter type="COMPLEXITY" missed="" covered="" />
      <counter type="METHOD" missed="" covered="" />
      <counter type="CLASS" missed="" covered="" />
    </sourcefile>
    <sourcefile name="VueloController.java">
      <line nr="" mi="" ci="" mb="" cb="" />
      <line nr="" mi="" ci="" mb="" cb="" />
      <line nr="" mi="" ci="" mb="" cb="" />
      <line nr="" mi="" ci="" mb="" cb="" />
      <line nr="" mi="" ci="" mb="" cb="" />
      <line nr="" mi="" ci="" mb="" cb="" />
      <line nr="" mi="" ci="" mb="" cb="" />
      <line nr="" mi="" ci="" mb="" cb="" />
      <line nr="" mi="" ci="" mb="" cb="" />
      <line nr="" mi="" ci="" mb="" cb="" />
      <line nr="" mi="" ci="" mb="" cb="" />
      <line nr="" mi="" ci="" mb="" cb="" />
      <line nr="" mi="" ci="" mb="" cb="" />
      <line nr="" mi="" ci="" mb="" cb="" />
      <line nr="" mi="" ci="" mb="" cb="" />
      <line nr="" mi="" ci="" mb="" cb="" />
      <line nr="" mi="" ci="" mb="" cb="" />
      <line nr="" mi="" ci="" mb="" cb="" />
      <line nr="" mi="" ci="" mb="" cb="" />
      <counter type="INSTRUCTION" missed="" covered="" />
      <counter type="LINE" missed="" covered="" />
      <counter type="COMPLEXITY" missed="" covered="" />
      <counter type="METHOD" missed="" covered="" />
      <counter type="CLASS" missed="" covered="" />
    </sourcefile>
    <counter type="INSTRUCTION" missed="" covered="" />
    <counter type="LINE" missed="" covered="" />
    <counter type="COMPLEXITY" missed="" covered="" />
    <counter type="METHOD" missed="" covered="" />
    <counter type="CLASS" missed="" covered="" />
  </package>
  <counter type="INSTRUCTION" missed="" covered="" />
  <counter type="LINE" missed="" covered="" />
  <counter type="COMPLEXITY" missed="" covered="" />
  <counter type="METHOD" missed="" covered="" />
  <counter type="CLASS" missed="" covered="" />
</report>
