<?xml version="1.0" encoding="UTF-8"?>
<testsuite xmlns:xsi="http://www.w3.org/2001/XMLSchema-instance" xsi:noNamespaceSchemaLocation="https://maven.apache.org/surefire/maven-surefire-plugin/xsd/surefire-test-report.xsd" name="UseCases.Command.Vuelos2.Eliminar.EliminarVueloHandlerTest" time="0.001" tests="2" errors="0" skipped="0" failures="0">
  <properties>
[...]
</properties>
  <testcase name="HandleFailed" classname="UseCases.Command.Vuelos2.Eliminar.EliminarVueloHandlerTest" time="0.001"/>
  <testcase name="HandleCorrectly" classname="UseCases.Command.Vuelos2.Eliminar.EliminarVueloHandlerTest" time="0"/>
</testsuite>