<?xml version="1.0" encoding="UTF-8" standalone="yes"?><!DOCTYPE report PUBLIC "-//JACOCO//DTD Report 1.1//EN" "report.dtd"><report name="Infraestructure"><sessioninfo id="DESKTOP-2U456GH-9b221453" start="1654316597690" dump="1654316608838"/><sessioninfo id="DESKTOP-2U456GH-973b8d31" start="1654316812034" dump="1654316819309"/><sessioninfo id="DESKTOP-2U456GH-2897d33a" start="1654319166102" dump="1654319169300"/><sessioninfo id="DESKTOP-2U456GH-5a970dfa" start="1654319301051" dump="1654319309878"/><sessioninfo id="DESKTOP-2U456GH-57f19537" start="1654322804924" dump="1654322812717"/><sessioninfo id="DESKTOP-2U456GH-317d0746" start="1654324690780" dump="1654324697722"/><sessioninfo id="DESKTOP-2U456GH-658cf4f3" start="1654325692479" dump="1654325699741"/><sessioninfo id="DESKTOP-2U456GH-854d73fc" start="1654336702254" dump="1654336712066"/><sessioninfo id="DESKTOP-2U456GH-5e2dcc94" start="1654337075250" dump="1654337088149"/><sessioninfo id="DESKTOP-2U456GH-522e9b13" start="1654337217426" dump="1654337225213"/><sessioninfo id="DESKTOP-2U456GH-91c0d1a0" start="1654337395862" dump="1654337404722"/><sessioninfo id="DESKTOP-2U456GH-b502e744" start="1654337817556" dump="1654337831117"/><sessioninfo id="DESKTOP-2U456GH-2fe2fbfe" start="1654338246042" dump="1654338256468"/><sessioninfo id="DESKTOP-2U456GH-9a090b2c" start="1654338455634" dump="1654338466312"/><sessioninfo id="DESKTOP-2U456GH-d304e489" start="1654338689595" dump="1654338704130"/><sessioninfo id="DESKTOP-2U456GH-cb64690" start="1654338817022" dump="1654338829043"/><sessioninfo id="DESKTOP-2U456GH-480e0b4e" start="1654338971371" dump="1654338983040"/><sessioninfo id="DESKTOP-2U456GH-75a27663" start="1654339149466" dump="1654339162161"/><sessioninfo id="DESKTOP-2U456GH-a88ed1d" start="1654339574216" dump="1654339581647"/><sessioninfo id="DESKTOP-2U456GH-b818bf51" start="1654339748734" dump="1654339767876"/><sessioninfo id="DESKTOP-2U456GH-529e440b" start="1654339847627" dump="1654339858784"/><sessioninfo id="DESKTOP-2U456GH-7ae899ef" start="1654340119449" dump="1654340132530"/><sessioninfo id="DESKTOP-2U456GH-64035b51" start="1654340306333" dump="1654340318658"/><sessioninfo id="DESKTOP-2U456GH-ef3244a4" start="1654340843851" dump="1654340857830"/><sessioninfo id="DESKTOP-2U456GH-bbc45db0" start="1654340912597" dump="1654340924780"/><sessioninfo id="DESKTOP-2U456GH-e83cb2e9" start="1654341218085" dump="1654341230667"/><sessioninfo id="DESKTOP-2U456GH-e9c491e1" start="1654341715047" dump="1654341729684"/><sessioninfo id="DESKTOP-2U456GH-f57a66d8" start="1654342042824" dump="1654342050549"/><sessioninfo id="DESKTOP-2U456GH-2e3924a6" start="1654342376327" dump="1654342385999"/><sessioninfo id="DESKTOP-2U456GH-f4e08daa" start="1654342476263" dump="1654342486931"/><sessioninfo id="DESKTOP-2U456GH-fc599f15" start="1654342755507" dump="1654342767236"/><sessioninfo id="DESKTOP-2U456GH-4a3cefed" start="1654342866765" dump="1654342876886"/><sessioninfo id="DESKTOP-2U456GH-cb07d6b" start="1654343313648" dump="1654343323090"/><sessioninfo id="DESKTOP-2U456GH-79ba059b" start="1654343414004" dump="1654343423676"/><sessioninfo id="DESKTOP-2U456GH-49668281" start="1654343510350" dump="1654343519430"/><sessioninfo id="DESKTOP-2U456GH-fcd6bab3" start="1654343691325" dump="1654343700918"/><sessioninfo id="DESKTOP-2U456GH-706e746f" start="1654343911843" dump="1654343922371"/><sessioninfo id="DESKTOP-2U456GH-8315385e" start="1654344237529" dump="1654344248235"/><sessioninfo id="DESKTOP-2U456GH-8add087" start="1654344676152" dump="1654344686099"/><package name=""><class name="UnitOfWork" sourcefilename="UnitOfWork.java"><method name="&lt;init&gt;" desc="(LContext/IWriteDbContext;Lfourteam/mediator/Mediator;)V" line="13"><counter type="INSTRUCTION" missed="0" covered="9"/><counter type="LINE" missed="0" covered="4"/><counter type="COMPLEXITY" missed="0" covered="1"/><counter type="METHOD" missed="0" covered="1"/></method><method name="commit" desc="()V" line="20"><counter type="INSTRUCTION" missed="0" covered="26"/><counter type="BRANCH" missed="0" covered="2"/><counter type="LINE" missed="0" covered="7"/><counter type="COMPLEXITY" missed="0" covered="2"/><counter type="METHOD" missed="0" covered="1"/></method><counter type="INSTRUCTION" missed="0" covered="35"/><counter type="BRANCH" missed="0" covered="2"/><counter type="LINE" missed="0" covered="11"/><counter type="COMPLEXITY" missed="0" covered="3"/><counter type="METHOD" missed="0" covered="2"/><counter type="CLASS" missed="0" covered="1"/></class><class name="Infraestructure" sourcefilename="Infraestructure.java"><method name="&lt;init&gt;" desc="()V" line="18"><counter type="INSTRUCTION" missed="0" covered="3"/><counter type="LINE" missed="0" covered="1"/><counter type="COMPLEXITY" missed="0" covered="1"/><counter type="METHOD" missed="0" covered="1"/></method><method name="AddInfraestructure" desc="()V" line="21"><counter type="INSTRUCTION" missed="0" covered="15"/><counter type="LINE" missed="0" covered="7"/><counter type="COMPLEXITY" missed="0" covered="1"/><counter type="METHOD" missed="0" covered="1"/></method><counter type="INSTRUCTION" missed="0" covered="18"/><counter type="LINE" missed="0" covered="8"/><counter type="COMPLEXITY" missed="0" covered="2"/><counter type="METHOD" missed="0" covered="2"/><counter type="CLASS" missed="0" covered="1"/></class><sourcefile name="UnitOfWork.java"><line nr="13" mi="0" ci="2" mb="0" cb="0"/><line nr="14" mi="0" ci="3" mb="0" cb="0"/><line nr="15" mi="0" ci="3" mb="0" cb="0"/><line nr="16" mi="0" ci="1" mb="0" cb="0"/><line nr="20" mi="0" ci="4" mb="0" cb="0"/><line nr="21" mi="0" ci="9" mb="0" cb="2"/><line nr="22" mi="0" ci="3" mb="0" cb="0"/><line nr="23" mi="0" ci="5" mb="0" cb="0"/><line nr="24" mi="0" ci="1" mb="0" cb="0"/><line nr="25" mi="0" ci="3" mb="0" cb="0"/><line nr="26" mi="0" ci="1" mb="0" cb="0"/><counter type="INSTRUCTION" missed="0" covered="35"/><counter type="BRANCH" missed="0" covered="2"/><counter type="LINE" missed="0" covered="11"/><counter type="COMPLEXITY" missed="0" covered="3"/><counter type="METHOD" missed="0" covered="2"/><counter type="CLASS" missed="0" covered="1"/></sourcefile><sourcefile name="Infraestructure.java"><line nr="18" mi="0" ci="3" mb="0" cb="0"/><line nr="21" mi="0" ci="1" mb="0" cb="0"/><line nr="23" mi="0" ci="3" mb="0" cb="0"/><line nr="24" mi="0" ci="3" mb="0" cb="0"/><line nr="25" mi="0" ci="3" mb="0" cb="0"/><line nr="26" mi="0" ci="3" mb="0" cb="0"/><line nr="30" mi="0" ci="1" mb="0" cb="0"/><line nr="31" mi="0" ci="1" mb="0" cb="0"/><counter type="INSTRUCTION" missed="0" covered="18"/><counter type="LINE" missed="0" covered="8"/><counter type="COMPLEXITY" missed="0" covered="2"/><counter type="METHOD" missed="0" covered="2"/><counter type="CLASS" missed="0" covered="1"/></sourcefile><counter type="INSTRUCTION" missed="0" covered="53"/><counter type="BRANCH" missed="0" covered="2"/><counter type="LINE" missed="0" covered="19"/><counter type="COMPLEXITY" missed="0" covered="5"/><counter type="METHOD" missed="0" covered="4"/><counter type="CLASS" missed="0" covered="2"/></package><package name="Context"><class name="Context/IWriteDbContext" sourcefilename="IWriteDbContext.java"><method name="&lt;init&gt;" desc="(Ljava/lang/Class;)V" line="12"><counter type="INSTRUCTION" missed="0" covered="4"/><counter type="LINE" missed="0" covered="2"/><counter type="COMPLEXITY" missed="0" covered="1"/><counter type="METHOD" missed="0" covered="1"/></method><counter type="INSTRUCTION" missed="0" covered="4"/><counter type="LINE" missed="0" covered="2"/><counter type="COMPLEXITY" missed="0" covered="1"/><counter type="METHOD" missed="0" covered="1"/><counter type="CLASS" missed="0" covered="1"/></class><sourcefile name="IWriteDbContext.java"><line nr="12" mi="0" ci="3" mb="0" cb="0"/><line nr="13" mi="0" ci="1" mb="0" cb="0"/><counter type="INSTRUCTION" missed="0" covered="4"/><counter type="LINE" missed="0" covered="2"/><counter type="COMPLEXITY" missed="0" covered="1"/><counter type="METHOD" missed="0" covered="1"/><counter type="CLASS" missed="0" covered="1"/></sourcefile><counter type="INSTRUCTION" missed="0" covered="4"/><counter type="LINE" missed="0" covered="2"/><counter type="COMPLEXITY" missed="0" covered="1"/><counter type="METHOD" missed="0" covered="1"/><counter type="CLASS" missed="0" covered="1"/></package><package name="Repository"><class name="Repository/TripulanteRepository" sourcefilename="TripulanteRepository.java"><method name="&lt;init&gt;" desc="(LContext/IWriteDbContext;)V" line="15"><counter type="INSTRUCTION" missed="0" covered="7"/><counter type="LINE" missed="0" covered="3"/><counter type="COMPLEXITY" missed="0" covered="1"/><counter type="METHOD" missed="0" covered="1"/></method><method name="GetAll" desc="()Ljava/util/List;" line="21"><counter type="INSTRUCTION" missed="0" covered="4"/><counter type="LINE" missed="0" covered="1"/><counter type="COMPLEXITY" missed="0" covered="1"/><counter type="METHOD" missed="0" covered="1"/></method><method name="FindByKey" desc="(Ljava/util/UUID;)LModel/Vuelos/Tripulante;" line="26"><counter type="INSTRUCTION" missed="0" covered="7"/><counter type="LINE" missed="0" covered="1"/><counter type="COMPLEXITY" missed="0" covered="1"/><counter type="METHOD" missed="0" covered="1"/></method><method name="Create" desc="(LModel/Vuelos/Tripulante;)V" line="31"><counter type="INSTRUCTION" missed="0" covered="5"/><counter type="LINE" missed="0" covered="2"/><counter type="COMPLEXITY" missed="0" covered="1"/><counter type="METHOD" missed="0" covered="1"/></method><method name="Update" desc="(LModel/Vuelos/Tripulante;)LModel/Vuelos/Tripulante;" line="36"><counter type="INSTRUCTION" missed="0" covered="8"/><counter type="LINE" missed="0" covered="2"/><counter type="COMPLEXITY" missed="0" covered="1"/><counter type="METHOD" missed="0" covered="1"/></method><method name="Delete" desc="(LModel/Vuelos/Tripulante;)LModel/Vuelos/Tripulante;" line="42"><counter type="INSTRUCTION" missed="0" covered="7"/><counter type="LINE" missed="0" covered="2"/><counter type="COMPLEXITY" missed="0" covered="1"/><counter type="METHOD" missed="0" covered="1"/></method><method name="lambda$Delete$2" desc="(LModel/Vuelos/Tripulante;LModel/Vuelos/Tripulante;)Z" line="42"><counter type="INSTRUCTION" missed="0" covered="7"/><counter type="LINE" missed="0" covered="1"/><counter type="COMPLEXITY" missed="0" covered="1"/><counter type="METHOD" missed="0" covered="1"/></method><method name="lambda$Update$1" desc="(LModel/Vuelos/Tripulante;LModel/Vuelos/Tripulante;)Z" line="36"><counter type="INSTRUCTION" missed="0" covered="7"/><counter type="LINE" missed="0" covered="1"/><counter type="COMPLEXITY" missed="0" covered="1"/><counter type="METHOD" missed="0" covered="1"/></method><method name="lambda$FindByKey$0" desc="(Ljava/util/UUID;LModel/Vuelos/Tripulante;)Z" line="26"><counter type="INSTRUCTION" missed="0" covered="6"/><counter type="LINE" missed="0" covered="1"/><counter type="COMPLEXITY" missed="0" covered="1"/><counter type="METHOD" missed="0" covered="1"/></method><counter type="INSTRUCTION" missed="0" covered="58"/><counter type="LINE" missed="0" covered="11"/><counter type="COMPLEXITY" missed="0" covered="9"/><counter type="METHOD" missed="0" covered="9"/><counter type="CLASS" missed="0" covered="1"/></class><class name="Repository/VueloRepository" sourcefilename="VueloRepository.java"><method name="&lt;init&gt;" desc="(LContext/IWriteDbContext;)V" line="15"><counter type="INSTRUCTION" missed="0" covered="7"/><counter type="LINE" missed="0" covered="3"/><counter type="COMPLEXITY" missed="0" covered="1"/><counter type="METHOD" missed="0" covered="1"/></method><method name="GetAll" desc="()Ljava/util/List;" line="21"><counter type="INSTRUCTION" missed="0" covered="4"/><counter type="LINE" missed="0" covered="1"/><counter type="COMPLEXITY" missed="0" covered="1"/><counter type="METHOD" missed="0" covered="1"/></method><method name="FindByKey" desc="(Ljava/util/UUID;)LModel/Vuelos/Vuelo;" line="26"><counter type="INSTRUCTION" missed="0" covered="7"/><counter type="LINE" missed="0" covered="1"/><counter type="COMPLEXITY" missed="0" covered="1"/><counter type="METHOD" missed="0" covered="1"/></method><method name="Create" desc="(LModel/Vuelos/Vuelo;)V" line="31"><counter type="INSTRUCTION" missed="0" covered="5"/><counter type="LINE" missed="0" covered="2"/><counter type="COMPLEXITY" missed="0" covered="1"/><counter type="METHOD" missed="0" covered="1"/></method><method name="Update" desc="(LModel/Vuelos/Vuelo;)LModel/Vuelos/Vuelo;" line="36"><counter type="INSTRUCTION" missed="0" covered="8"/><counter type="LINE" missed="0" covered="2"/><counter type="COMPLEXITY" missed="0" covered="1"/><counter type="METHOD" missed="0" covered="1"/></method><method name="Delete" desc="(LModel/Vuelos/Vuelo;)LModel/Vuelos/Vuelo;" line="42"><counter type="INSTRUCTION" missed="0" covered="7"/><counter type="LINE" missed="0" covered="2"/><counter type="COMPLEXITY" missed="0" covered="1"/><counter type="METHOD" missed="0" covered="1"/></method><method name="lambda$Delete$2" desc="(LModel/Vuelos/Vuelo;LModel/Vuelos/Vuelo;)Z" line="42"><counter type="INSTRUCTION" missed="0" covered="7"/><counter type="LINE" missed="0" covered="1"/><counter type="COMPLEXITY" missed="0" covered="1"/><counter type="METHOD" missed="0" covered="1"/></method><method name="lambda$Update$1" desc="(LModel/Vuelos/Vuelo;LModel/Vuelos/Vuelo;)Z" line="36"><counter type="INSTRUCTION" missed="0" covered="7"/><counter type="LINE" missed="0" covered="1"/><counter type="COMPLEXITY" missed="0" covered="1"/><counter type="METHOD" missed="0" covered="1"/></method><method name="lambda$FindByKey$0" desc="(Ljava/util/UUID;LModel/Vuelos/Vuelo;)Z" line="26"><counter type="INSTRUCTION" missed="0" covered="6"/><counter type="LINE" missed="0" covered="1"/><counter type="COMPLEXITY" missed="0" covered="1"/><counter type="METHOD" missed="0" covered="1"/></method><counter type="INSTRUCTION" missed="0" covered="58"/><counter type="LINE" missed="0" covered="11"/><counter type="COMPLEXITY" missed="0" covered="9"/><counter type="METHOD" missed="0" covered="9"/><counter type="CLASS" missed="0" covered="1"/></class><sourcefile name="VueloRepository.java"><line nr="15" mi="0" ci="2" mb="0" cb="0"/><line nr="16" mi="0" ci="4" mb="0" cb="0"/><line nr="17" mi="0" ci="1" mb="0" cb="0"/><line nr="21" mi="0" ci="4" mb="0" cb="0"/><line nr="26" mi="0" ci="13" mb="0" cb="0"/><line nr="31" mi="0" ci="4" mb="0" cb="0"/><line nr="32" mi="0" ci="1" mb="0" cb="0"/><line nr="36" mi="0" ci="13" mb="0" cb="0"/><line nr="37" mi="0" ci="2" mb="0" cb="0"/><line nr="42" mi="0" ci="12" mb="0" cb="0"/><line nr="43" mi="0" ci="2" mb="0" cb="0"/><counter type="INSTRUCTION" missed="0" covered="58"/><counter type="LINE" missed="0" covered="11"/><counter type="COMPLEXITY" missed="0" covered="9"/><counter type="METHOD" missed="0" covered="9"/><counter type="CLASS" missed="0" covered="1"/></sourcefile><sourcefile name="TripulanteRepository.java"><line nr="15" mi="0" ci="2" mb="0" cb="0"/><line nr="16" mi="0" ci="4" mb="0" cb="0"/><line nr="17" mi="0" ci="1" mb="0" cb="0"/><line nr="21" mi="0" ci="4" mb="0" cb="0"/><line nr="26" mi="0" ci="13" mb="0" cb="0"/><line nr="31" mi="0" ci="4" mb="0" cb="0"/><line nr="32" mi="0" ci="1" mb="0" cb="0"/><line nr="36" mi="0" ci="13" mb="0" cb="0"/><line nr="37" mi="0" ci="2" mb="0" cb="0"/><line nr="42" mi="0" ci="12" mb="0" cb="0"/><line nr="43" mi="0" ci="2" mb="0" cb="0"/><counter type="INSTRUCTION" missed="0" covered="58"/><counter type="LINE" missed="0" covered="11"/><counter type="COMPLEXITY" missed="0" covered="9"/><counter type="METHOD" missed="0" covered="9"/><counter type="CLASS" missed="0" covered="1"/></sourcefile><counter type="INSTRUCTION" missed="0" covered="116"/><counter type="LINE" missed="0" covered="22"/><counter type="COMPLEXITY" missed="0" covered="18"/><counter type="METHOD" missed="0" covered="18"/><counter type="CLASS" missed="0" covered="2"/></package><package name="Context/MongoDB"><class name="Context/MongoDB/WriteDbContext" sourcefilename="WriteDbContext.java"><method name="&lt;init&gt;" desc="()V" line="26"><counter type="INSTRUCTION" missed="0" covered="19"/><counter type="LINE" missed="0" covered="7"/><counter type="COMPLEXITY" missed="0" covered="1"/><counter type="METHOD" missed="0" covered="1"/></method><method name="onModelCreating" desc="(Ljava/util/List;)V" line="38"><counter type="INSTRUCTION" missed="0" covered="29"/><counter type="LINE" missed="0" covered="7"/><counter type="COMPLEXITY" missed="0" covered="1"/><counter type="METHOD" missed="0" covered="1"/></method><method name="isConnected" desc="()Z" line="52"><counter type="INSTRUCTION" missed="1" covered="6"/><counter type="BRANCH" missed="1" covered="1"/><counter type="LINE" missed="0" covered="1"/><counter type="COMPLEXITY" missed="1" covered="1"/><counter type="METHOD" missed="0" covered="1"/></method><method name="Commit" desc="()V" line="57"><counter type="INSTRUCTION" missed="0" covered="4"/><counter type="LINE" missed="0" covered="2"/><counter type="COMPLEXITY" missed="0" covered="1"/><counter type="METHOD" missed="0" covered="1"/></method><method name="Transaction" desc="()V" line="62"><counter type="INSTRUCTION" missed="0" covered="4"/><counter type="LINE" missed="0" covered="2"/><counter type="COMPLEXITY" missed="0" covered="1"/><counter type="METHOD" missed="0" covered="1"/></method><method name="Rollback" desc="()V" line="67"><counter type="INSTRUCTION" missed="0" covered="4"/><counter type="LINE" missed="0" covered="2"/><counter type="COMPLEXITY" missed="0" covered="1"/><counter type="METHOD" missed="0" covered="1"/></method><method name="Add" desc="(Ljava/lang/Object;Lfourteam/db/DbSet;)V" line="72"><counter type="INSTRUCTION" missed="0" covered="13"/><counter type="LINE" missed="0" covered="3"/><counter type="COMPLEXITY" missed="0" covered="1"/><counter type="METHOD" missed="0" covered="1"/></method><method name="Update" desc="(Ljava/lang/Object;Lfourteam/db/IDbSet$BooleanFunction;Lfourteam/db/DbSet;)V" line="78"><counter type="INSTRUCTION" missed="0" covered="14"/><counter type="LINE" missed="0" covered="2"/><counter type="COMPLEXITY" missed="0" covered="1"/><counter type="METHOD" missed="0" covered="1"/></method><method name="Delete" desc="(Lfourteam/db/IDbSet$BooleanFunction;Lfourteam/db/DbSet;)V" line="94"><counter type="INSTRUCTION" missed="0" covered="13"/><counter type="LINE" missed="0" covered="2"/><counter type="COMPLEXITY" missed="0" covered="1"/><counter type="METHOD" missed="0" covered="1"/></method><method name="Single" desc="(Lfourteam/db/IDbSet$BooleanFunction;Lfourteam/db/DbSet;)Ljava/lang/Object;" line="104"><counter type="INSTRUCTION" missed="4" covered="22"/><counter type="BRANCH" missed="1" covered="1"/><counter type="LINE" missed="1" covered="4"/><counter type="COMPLEXITY" missed="1" covered="1"/><counter type="METHOD" missed="0" covered="1"/></method><method name="All" desc="(Lfourteam/db/DbSet;)Ljava/util/List;" line="119"><counter type="INSTRUCTION" missed="0" covered="18"/><counter type="LINE" missed="0" covered="3"/><counter type="COMPLEXITY" missed="0" covered="1"/><counter type="METHOD" missed="0" covered="1"/></method><method name="Filter" desc="(Lfourteam/db/IDbSet$BooleanFunction;Lfourteam/db/DbSet;)Ljava/util/List;" line="128"><counter type="INSTRUCTION" missed="19" covered="0"/><counter type="LINE" missed="3" covered="0"/><counter type="COMPLEXITY" missed="1" covered="0"/><counter type="METHOD" missed="1" covered="0"/></method><method name="parseObject" desc="(Lfourteam/db/DbSet;Lorg/bson/Document;)Ljava/lang/Object;" line="139"><counter type="INSTRUCTION" missed="0" covered="7"/><counter type="LINE" missed="0" covered="1"/><counter type="COMPLEXITY" missed="0" covered="1"/><counter type="METHOD" missed="0" covered="1"/></method><method name="lambda$Filter$6" desc="(Lfourteam/db/DbSet;Lfourteam/db/IDbSet$BooleanFunction;Ljava/util/ArrayList;Lorg/bson/Document;)V" line="130"><counter type="INSTRUCTION" missed="14" covered="0"/><counter type="BRANCH" missed="2" covered="0"/><counter type="LINE" missed="4" covered="0"/><counter type="COMPLEXITY" missed="2" covered="0"/><counter type="METHOD" missed="1" covered="0"/></method><method name="lambda$All$5" desc="(Ljava/util/ArrayList;Lfourteam/db/DbSet;Lorg/bson/Document;)V" line="121"><counter type="INSTRUCTION" missed="0" covered="8"/><counter type="LINE" missed="0" covered="2"/><counter type="COMPLEXITY" missed="0" covered="1"/><counter type="METHOD" missed="0" covered="1"/></method><method name="lambda$Single$4" desc="(Lfourteam/db/DbSet;Lfourteam/db/IDbSet$BooleanFunction;Ljava/util/ArrayList;Lorg/bson/Document;)V" line="106"><counter type="INSTRUCTION" missed="4" covered="10"/><counter type="BRANCH" missed="1" covered="1"/><counter type="LINE" missed="1" covered="3"/><counter type="COMPLEXITY" missed="1" covered="1"/><counter type="METHOD" missed="0" covered="1"/></method><method name="lambda$Delete$3" desc="(Lfourteam/db/DbSet;Lfourteam/db/IDbSet$BooleanFunction;Lorg/bson/Document;)V" line="95"><counter type="INSTRUCTION" missed="0" covered="18"/><counter type="BRANCH" missed="0" covered="2"/><counter type="LINE" missed="0" covered="4"/><counter type="COMPLEXITY" missed="0" covered="2"/><counter type="METHOD" missed="0" covered="1"/></method><method name="lambda$Update$2" desc="(Lfourteam/db/DbSet;Lfourteam/db/IDbSet$BooleanFunction;Ljava/lang/Object;Lorg/bson/Document;)V" line="79"><counter type="INSTRUCTION" missed="0" covered="37"/><counter type="BRANCH" missed="0" covered="2"/><counter type="LINE" missed="0" covered="6"/><counter type="COMPLEXITY" missed="0" covered="2"/><counter type="METHOD" missed="0" covered="1"/></method><method name="lambda$Update$1" desc="(Lorg/bson/Document;Lorg/bson/Document;Ljava/util/Map$Entry;)V" line="83"><counter type="INSTRUCTION" missed="0" covered="17"/><counter type="BRANCH" missed="1" covered="1"/><counter type="LINE" missed="0" covered="3"/><counter type="COMPLEXITY" missed="1" covered="1"/><counter type="METHOD" missed="0" covered="1"/></method><method name="lambda$onModelCreating$0" desc="(Lfourteam/db/DbSet;)V" line="45"><counter type="INSTRUCTION" missed="0" covered="7"/><counter type="LINE" missed="0" covered="2"/><counter type="COMPLEXITY" missed="0" covered="1"/><counter type="METHOD" missed="0" covered="1"/></method><counter type="INSTRUCTION" missed="42" covered="250"/><counter type="BRANCH" missed="6" covered="8"/><counter type="LINE" missed="9" covered="56"/><counter type="COMPLEXITY" missed="7" covered="20"/><counter type="METHOD" missed="2" covered="18"/><counter type="CLASS" missed="0" covered="1"/></class><sourcefile name="WriteDbContext.java"><line nr="26" mi="0" ci="3" mb="0" cb="0"/><line nr="27" mi="0" ci="3" mb="0" cb="0"/><line nr="28" mi="0" ci="3" mb="0" cb="0"/><line nr="29" mi="0" ci="3" mb="0" cb="0"/><line nr="30" mi="0" ci="3" mb="0" cb="0"/><line nr="33" mi="0" ci="3" mb="0" cb="0"/><line nr="34" mi="0" ci="1" mb="0" cb="0"/><line nr="38" mi="0" ci="3" mb="0" cb="0"/><line nr="39" mi="0" ci="3" mb="0" cb="0"/><line nr="40" mi="0" ci="5" mb="0" cb="0"/><line nr="42" mi="0" ci="6" mb="0" cb="0"/><line nr="43" mi="0" ci="6" mb="0" cb="0"/><line nr="44" mi="0" ci="5" mb="0" cb="0"/><line nr="45" mi="0" ci="6" mb="0" cb="0"/><line nr="47" mi="0" ci="1" mb="0" cb="0"/><line nr="48" mi="0" ci="1" mb="0" cb="0"/><line nr="52" mi="1" ci="6" mb="1" cb="1"/><line nr="57" mi="0" ci="3" mb="0" cb="0"/><line nr="58" mi="0" ci="1" mb="0" cb="0"/><line nr="62" mi="0" ci="3" mb="0" cb="0"/><line nr="63" mi="0" ci="1" mb="0" cb="0"/><line nr="67" mi="0" ci="3" mb="0" cb="0"/><line nr="68" mi="0" ci="1" mb="0" cb="0"/><line nr="72" mi="0" ci="5" mb="0" cb="0"/><line nr="73" mi="0" ci="7" mb="0" cb="0"/><line nr="74" mi="0" ci="1" mb="0" cb="0"/><line nr="78" mi="0" ci="13" mb="0" cb="0"/><line nr="79" mi="0" ci="5" mb="0" cb="0"/><line nr="80" mi="0" ci="4" mb="0" cb="2"/><line nr="81" mi="0" ci="7" mb="0" cb="0"/><line nr="82" mi="0" ci="7" mb="0" cb="0"/><line nr="83" mi="0" ci="6" mb="1" cb="1"/><line nr="84" mi="0" ci="10" mb="0" cb="0"/><line nr="86" mi="0" ci="1" mb="0" cb="0"/><line nr="87" mi="0" ci="13" mb="0" cb="0"/><line nr="89" mi="0" ci="1" mb="0" cb="0"/><line nr="90" mi="0" ci="1" mb="0" cb="0"/><line nr="94" mi="0" ci="12" mb="0" cb="0"/><line nr="95" mi="0" ci="5" mb="0" cb="0"/><line nr="96" mi="0" ci="4" mb="0" cb="2"/><line nr="97" mi="0" ci="8" mb="0" cb="0"/><line nr="99" mi="0" ci="1" mb="0" cb="0"/><line nr="100" mi="0" ci="1" mb="0" cb="0"/><line nr="104" mi="0" ci="4" mb="0" cb="0"/><line nr="105" mi="0" ci="13" mb="0" cb="0"/><line nr="106" mi="0" ci="5" mb="0" cb="0"/><line nr="107" mi="0" ci="4" mb="1" cb="1"/><line nr="108" mi="4" ci="0" mb="0" cb="0"/><line nr="110" mi="0" ci="1" mb="0" cb="0"/><line nr="111" mi="0" ci="3" mb="1" cb="1"/><line nr="112" mi="4" ci="0" mb="0" cb="0"/><line nr="114" mi="0" ci="2" mb="0" cb="0"/><line nr="119" mi="0" ci="4" mb="0" cb="0"/><line nr="120" mi="0" ci="12" mb="0" cb="0"/><line nr="121" mi="0" ci="7" mb="0" cb="0"/><line nr="122" mi="0" ci="1" mb="0" cb="0"/><line nr="123" mi="0" ci="2" mb="0" cb="0"/><line nr="128" mi="4" ci="0" mb="0" cb="0"/><line nr="129" mi="13" ci="0" mb="0" cb="0"/><line nr="130" mi="5" ci="0" mb="0" cb="0"/><line nr="131" mi="4" ci="0" mb="2" cb="0"/><line nr="132" mi="4" ci="0" mb="0" cb="0"/><line nr="134" mi="1" ci="0" mb="0" cb="0"/><line nr="135" mi="2" ci="0" mb="0" cb="0"/><line nr="139" mi="0" ci="7" mb="0" cb="0"/><counter type="INSTRUCTION" missed="42" covered="250"/><counter type="BRANCH" missed="6" covered="8"/><counter type="LINE" missed="9" covered="56"/><counter type="COMPLEXITY" missed="7" covered="20"/><counter type="METHOD" missed="2" covered="18"/><counter type="CLASS" missed="0" covered="1"/></sourcefile><counter type="INSTRUCTION" missed="42" covered="250"/><counter type="BRANCH" missed="6" covered="8"/><counter type="LINE" missed="9" covered="56"/><counter type="COMPLEXITY" missed="7" covered="20"/><counter type="METHOD" missed="2" covered="18"/><counter type="CLASS" missed="0" covered="1"/></package><counter type="INSTRUCTION" missed="42" covered="423"/><counter type="BRANCH" missed="6" covered="10"/><counter type="LINE" missed="9" covered="99"/><counter type="COMPLEXITY" missed="7" covered="44"/><counter type="METHOD" missed="2" covered="41"/><counter type="CLASS" missed="0" covered="6"/></report>
<report name="Infraestructure">
  <sessioninfo id="DESKTOP-2U456GH-9b221453" start="" dump="" />
  <sessioninfo id="DESKTOP-2U456GH-973b8d31" start="" dump="" />
  <sessioninfo id="DESKTOP-2U456GH-2897d33a" start="" dump="" />
  <sessioninfo id="DESKTOP-2U456GH-5a970dfa" start="" dump="" />
  <sessioninfo id="DESKTOP-2U456GH-57f19537" start="" dump="" />
  <sessioninfo id="DESKTOP-2U456GH-317d0746" start="" dump="" />
  <sessioninfo id="DESKTOP-2U456GH-658cf4f3" start="" dump="" />
  <sessioninfo id="DESKTOP-2U456GH-854d73fc" start="" dump="" />
  <sessioninfo id="DESKTOP-2U456GH-5e2dcc94" start="" dump="" />
  <sessioninfo id="DESKTOP-2U456GH-522e9b13" start="" dump="" />
  <sessioninfo id="DESKTOP-2U456GH-91c0d1a0" start="" dump="" />
  <sessioninfo id="DESKTOP-2U456GH-b502e744" start="" dump="" />
  <sessioninfo id="DESKTOP-2U456GH-2fe2fbfe" start="" dump="" />
  <sessioninfo id="DESKTOP-2U456GH-9a090b2c" start="" dump="" />
  <sessioninfo id="DESKTOP-2U456GH-d304e489" start="" dump="" />
  <sessioninfo id="DESKTOP-2U456GH-cb64690" start="" dump="" />
  <sessioninfo id="DESKTOP-2U456GH-480e0b4e" start="" dump="" />
  <sessioninfo id="DESKTOP-2U456GH-75a27663" start="" dump="" />
  <sessioninfo id="DESKTOP-2U456GH-a88ed1d" start="" dump="" />
  <sessioninfo id="DESKTOP-2U456GH-b818bf51" start="" dump="" />
  <sessioninfo id="DESKTOP-2U456GH-529e440b" start="" dump="" />
  <sessioninfo id="DESKTOP-2U456GH-7ae899ef" start="" dump="" />
  <sessioninfo id="DESKTOP-2U456GH-64035b51" start="" dump="" />
  <sessioninfo id="DESKTOP-2U456GH-ef3244a4" start="" dump="" />
  <sessioninfo id="DESKTOP-2U456GH-bbc45db0" start="" dump="" />
  <sessioninfo id="DESKTOP-2U456GH-e83cb2e9" start="" dump="" />
  <sessioninfo id="DESKTOP-2U456GH-e9c491e1" start="" dump="" />
  <sessioninfo id="DESKTOP-2U456GH-f57a66d8" start="" dump="" />
  <sessioninfo id="DESKTOP-2U456GH-2e3924a6" start="" dump="" />
  <sessioninfo id="DESKTOP-2U456GH-f4e08daa" start="" dump="" />
  <sessioninfo id="DESKTOP-2U456GH-fc599f15" start="" dump="" />
  <sessioninfo id="DESKTOP-2U456GH-4a3cefed" start="" dump="" />
  <sessioninfo id="DESKTOP-2U456GH-cb07d6b" start="" dump="" />
  <sessioninfo id="DESKTOP-2U456GH-79ba059b" start="" dump="" />
  <sessioninfo id="DESKTOP-2U456GH-49668281" start="" dump="" />
  <sessioninfo id="DESKTOP-2U456GH-fcd6bab3" start="" dump="" />
  <sessioninfo id="DESKTOP-2U456GH-706e746f" start="" dump="" />
  <sessioninfo id="DESKTOP-2U456GH-8315385e" start="" dump="" />
  <sessioninfo id="DESKTOP-2U456GH-8add087" start="" dump="" />
  <package name="">
    <class name="UnitOfWork" sourcefilename="UnitOfWork.java">
      <method
        name="&lt;init&gt;"
        desc="(LContext/IWriteDbContext;Lfourteam/mediator/Mediator;)V"
        line=""
      >
        <counter type="INSTRUCTION" missed="" covered="" />
        <counter type="LINE" missed="" covered="" />
        <counter type="COMPLEXITY" missed="" covered="" />
        <counter type="METHOD" missed="" covered="" />
      </method>
      <method name="commit" desc="()V" line="">
        <counter type="INSTRUCTION" missed="" covered="" />
        <counter type="BRANCH" missed="" covered="" />
        <counter type="LINE" missed="" covered="" />
        <counter type="COMPLEXITY" missed="" covered="" />
        <counter type="METHOD" missed="" covered="" />
      </method>
      <counter type="INSTRUCTION" missed="" covered="" />
      <counter type="BRANCH" missed="" covered="" />
      <counter type="LINE" missed="" covered="" />
      <counter type="COMPLEXITY" missed="" covered="" />
      <counter type="METHOD" missed="" covered="" />
      <counter type="CLASS" missed="" covered="" />
    </class>
    <class name="Infraestructure" sourcefilename="Infraestructure.java">
      <method name="&lt;init&gt;" desc="()V" line="">
        <counter type="INSTRUCTION" missed="" covered="" />
        <counter type="LINE" missed="" covered="" />
        <counter type="COMPLEXITY" missed="" covered="" />
        <counter type="METHOD" missed="" covered="" />
      </method>
      <method name="AddInfraestructure" desc="()V" line="">
        <counter type="INSTRUCTION" missed="" covered="" />
        <counter type="LINE" missed="" covered="" />
        <counter type="COMPLEXITY" missed="" covered="" />
        <counter type="METHOD" missed="" covered="" />
      </method>
      <counter type="INSTRUCTION" missed="" covered="" />
      <counter type="LINE" missed="" covered="" />
      <counter type="COMPLEXITY" missed="" covered="" />
      <counter type="METHOD" missed="" covered="" />
      <counter type="CLASS" missed="" covered="" />
    </class>
    <sourcefile name="UnitOfWork.java">
      <line nr="" mi="" ci="" mb="" cb="" />
      <line nr="" mi="" ci="" mb="" cb="" />
      <line nr="" mi="" ci="" mb="" cb="" />
      <line nr="" mi="" ci="" mb="" cb="" />
      <line nr="" mi="" ci="" mb="" cb="" />
      <line nr="" mi="" ci="" mb="" cb="" />
      <line nr="" mi="" ci="" mb="" cb="" />
      <line nr="" mi="" ci="" mb="" cb="" />
      <line nr="" mi="" ci="" mb="" cb="" />
      <line nr="" mi="" ci="" mb="" cb="" />
      <line nr="" mi="" ci="" mb="" cb="" />
      <counter type="INSTRUCTION" missed="" covered="" />
      <counter type="BRANCH" missed="" covered="" />
      <counter type="LINE" missed="" covered="" />
      <counter type="COMPLEXITY" missed="" covered="" />
      <counter type="METHOD" missed="" covered="" />
      <counter type="CLASS" missed="" covered="" />
    </sourcefile>
    <sourcefile name="Infraestructure.java">
      <line nr="" mi="" ci="" mb="" cb="" />
      <line nr="" mi="" ci="" mb="" cb="" />
      <line nr="" mi="" ci="" mb="" cb="" />
      <line nr="" mi="" ci="" mb="" cb="" />
      <line nr="" mi="" ci="" mb="" cb="" />
      <line nr="" mi="" ci="" mb="" cb="" />
      <line nr="" mi="" ci="" mb="" cb="" />
      <line nr="" mi="" ci="" mb="" cb="" />
      <counter type="INSTRUCTION" missed="" covered="" />
      <counter type="LINE" missed="" covered="" />
      <counter type="COMPLEXITY" missed="" covered="" />
      <counter type="METHOD" missed="" covered="" />
      <counter type="CLASS" missed="" covered="" />
    </sourcefile>
    <counter type="INSTRUCTION" missed="" covered="" />
    <counter type="BRANCH" missed="" covered="" />
    <counter type="LINE" missed="" covered="" />
    <counter type="COMPLEXITY" missed="" covered="" />
    <counter type="METHOD" missed="" covered="" />
    <counter type="CLASS" missed="" covered="" />
  </package>
  <package name="Context">
    <class name="Context/IWriteDbContext" sourcefilename="IWriteDbContext.java">
      <method name="&lt;init&gt;" desc="(Ljava/lang/Class;)V" line="">
        <counter type="INSTRUCTION" missed="" covered="" />
        <counter type="LINE" missed="" covered="" />
        <counter type="COMPLEXITY" missed="" covered="" />
        <counter type="METHOD" missed="" covered="" />
      </method>
      <counter type="INSTRUCTION" missed="" covered="" />
      <counter type="LINE" missed="" covered="" />
      <counter type="COMPLEXITY" missed="" covered="" />
      <counter type="METHOD" missed="" covered="" />
      <counter type="CLASS" missed="" covered="" />
    </class>
    <sourcefile name="IWriteDbContext.java">
      <line nr="" mi="" ci="" mb="" cb="" />
      <line nr="" mi="" ci="" mb="" cb="" />
      <counter type="INSTRUCTION" missed="" covered="" />
      <counter type="LINE" missed="" covered="" />
      <counter type="COMPLEXITY" missed="" covered="" />
      <counter type="METHOD" missed="" covered="" />
      <counter type="CLASS" missed="" covered="" />
    </sourcefile>
    <counter type="INSTRUCTION" missed="" covered="" />
    <counter type="LINE" missed="" covered="" />
    <counter type="COMPLEXITY" missed="" covered="" />
    <counter type="METHOD" missed="" covered="" />
    <counter type="CLASS" missed="" covered="" />
  </package>
  <package name="Repository">
    <class
      name="Repository/TripulanteRepository"
      sourcefilename="TripulanteRepository.java"
    >
      <method name="&lt;init&gt;" desc="(LContext/IWriteDbContext;)V" line="">
        <counter type="INSTRUCTION" missed="" covered="" />
        <counter type="LINE" missed="" covered="" />
        <counter type="COMPLEXITY" missed="" covered="" />
        <counter type="METHOD" missed="" covered="" />
      </method>
      <method name="GetAll" desc="()Ljava/util/List;" line="">
        <counter type="INSTRUCTION" missed="" covered="" />
        <counter type="LINE" missed="" covered="" />
        <counter type="COMPLEXITY" missed="" covered="" />
        <counter type="METHOD" missed="" covered="" />
      </method>
      <method
        name="FindByKey"
        desc="(Ljava/util/UUID;)LModel/Vuelos/Tripulante;"
        line=""
      >
        <counter type="INSTRUCTION" missed="" covered="" />
        <counter type="LINE" missed="" covered="" />
        <counter type="COMPLEXITY" missed="" covered="" />
        <counter type="METHOD" missed="" covered="" />
      </method>
      <method name="Create" desc="(LModel/Vuelos/Tripulante;)V" line="">
        <counter type="INSTRUCTION" missed="" covered="" />
        <counter type="LINE" missed="" covered="" />
        <counter type="COMPLEXITY" missed="" covered="" />
        <counter type="METHOD" missed="" covered="" />
      </method>
      <method
        name="Update"
        desc="(LModel/Vuelos/Tripulante;)LModel/Vuelos/Tripulante;"
        line=""
      >
        <counter type="INSTRUCTION" missed="" covered="" />
        <counter type="LINE" missed="" covered="" />
        <counter type="COMPLEXITY" missed="" covered="" />
        <counter type="METHOD" missed="" covered="" />
      </method>
      <method
        name="Delete"
        desc="(LModel/Vuelos/Tripulante;)LModel/Vuelos/Tripulante;"
        line=""
      >
        <counter type="INSTRUCTION" missed="" covered="" />
        <counter type="LINE" missed="" covered="" />
        <counter type="COMPLEXITY" missed="" covered="" />
        <counter type="METHOD" missed="" covered="" />
      </method>
      <method
        name="lambda$Delete$2"
        desc="(LModel/Vuelos/Tripulante;LModel/Vuelos/Tripulante;)Z"
        line=""
      >
        <counter type="INSTRUCTION" missed="" covered="" />
        <counter type="LINE" missed="" covered="" />
        <counter type="COMPLEXITY" missed="" covered="" />
        <counter type="METHOD" missed="" covered="" />
      </method>
      <method
        name="lambda$Update$1"
        desc="(LModel/Vuelos/Tripulante;LModel/Vuelos/Tripulante;)Z"
        line=""
      >
        <counter type="INSTRUCTION" missed="" covered="" />
        <counter type="LINE" missed="" covered="" />
        <counter type="COMPLEXITY" missed="" covered="" />
        <counter type="METHOD" missed="" covered="" />
      </method>
      <method
        name="lambda$FindByKey$0"
        desc="(Ljava/util/UUID;LModel/Vuelos/Tripulante;)Z"
        line=""
      >
        <counter type="INSTRUCTION" missed="" covered="" />
        <counter type="LINE" missed="" covered="" />
        <counter type="COMPLEXITY" missed="" covered="" />
        <counter type="METHOD" missed="" covered="" />
      </method>
      <counter type="INSTRUCTION" missed="" covered="" />
      <counter type="LINE" missed="" covered="" />
      <counter type="COMPLEXITY" missed="" covered="" />
      <counter type="METHOD" missed="" covered="" />
      <counter type="CLASS" missed="" covered="" />
    </class>
    <class
      name="Repository/VueloRepository"
      sourcefilename="VueloRepository.java"
    >
      <method name="&lt;init&gt;" desc="(LContext/IWriteDbContext;)V" line="">
        <counter type="INSTRUCTION" missed="" covered="" />
        <counter type="LINE" missed="" covered="" />
        <counter type="COMPLEXITY" missed="" covered="" />
        <counter type="METHOD" missed="" covered="" />
      </method>
      <method name="GetAll" desc="()Ljava/util/List;" line="">
        <counter type="INSTRUCTION" missed="" covered="" />
        <counter type="LINE" missed="" covered="" />
        <counter type="COMPLEXITY" missed="" covered="" />
        <counter type="METHOD" missed="" covered="" />
      </method>
      <method
        name="FindByKey"
        desc="(Ljava/util/UUID;)LModel/Vuelos/Vuelo;"
        line=""
      >
        <counter type="INSTRUCTION" missed="" covered="" />
        <counter type="LINE" missed="" covered="" />
        <counter type="COMPLEXITY" missed="" covered="" />
        <counter type="METHOD" missed="" covered="" />
      </method>
      <method name="Create" desc="(LModel/Vuelos/Vuelo;)V" line="">
        <counter type="INSTRUCTION" missed="" covered="" />
        <counter type="LINE" missed="" covered="" />
        <counter type="COMPLEXITY" missed="" covered="" />
        <counter type="METHOD" missed="" covered="" />
      </method>
      <method
        name="Update"
        desc="(LModel/Vuelos/Vuelo;)LModel/Vuelos/Vuelo;"
        line=""
      >
        <counter type="INSTRUCTION" missed="" covered="" />
        <counter type="LINE" missed="" covered="" />
        <counter type="COMPLEXITY" missed="" covered="" />
        <counter type="METHOD" missed="" covered="" />
      </method>
      <method
        name="Delete"
        desc="(LModel/Vuelos/Vuelo;)LModel/Vuelos/Vuelo;"
        line=""
      >
        <counter type="INSTRUCTION" missed="" covered="" />
        <counter type="LINE" missed="" covered="" />
        <counter type="COMPLEXITY" missed="" covered="" />
        <counter type="METHOD" missed="" covered="" />
      </method>
      <method
        name="lambda$Delete$2"
        desc="(LModel/Vuelos/Vuelo;LModel/Vuelos/Vuelo;)Z"
        line=""
      >
        <counter type="INSTRUCTION" missed="" covered="" />
        <counter type="LINE" missed="" covered="" />
        <counter type="COMPLEXITY" missed="" covered="" />
        <counter type="METHOD" missed="" covered="" />
      </method>
      <method
        name="lambda$Update$1"
        desc="(LModel/Vuelos/Vuelo;LModel/Vuelos/Vuelo;)Z"
        line=""
      >
        <counter type="INSTRUCTION" missed="" covered="" />
        <counter type="LINE" missed="" covered="" />
        <counter type="COMPLEXITY" missed="" covered="" />
        <counter type="METHOD" missed="" covered="" />
      </method>
      <method
        name="lambda$FindByKey$0"
        desc="(Ljava/util/UUID;LModel/Vuelos/Vuelo;)Z"
        line=""
      >
        <counter type="INSTRUCTION" missed="" covered="" />
        <counter type="LINE" missed="" covered="" />
        <counter type="COMPLEXITY" missed="" covered="" />
        <counter type="METHOD" missed="" covered="" />
      </method>
      <counter type="INSTRUCTION" missed="" covered="" />
      <counter type="LINE" missed="" covered="" />
      <counter type="COMPLEXITY" missed="" covered="" />
      <counter type="METHOD" missed="" covered="" />
      <counter type="CLASS" missed="" covered="" />
    </class>
    <sourcefile name="VueloRepository.java">
      <line nr="" mi="" ci="" mb="" cb="" />
      <line nr="" mi="" ci="" mb="" cb="" />
      <line nr="" mi="" ci="" mb="" cb="" />
      <line nr="" mi="" ci="" mb="" cb="" />
      <line nr="" mi="" ci="" mb="" cb="" />
      <line nr="" mi="" ci="" mb="" cb="" />
      <line nr="" mi="" ci="" mb="" cb="" />
      <line nr="" mi="" ci="" mb="" cb="" />
      <line nr="" mi="" ci="" mb="" cb="" />
      <line nr="" mi="" ci="" mb="" cb="" />
      <line nr="" mi="" ci="" mb="" cb="" />
      <counter type="INSTRUCTION" missed="" covered="" />
      <counter type="LINE" missed="" covered="" />
      <counter type="COMPLEXITY" missed="" covered="" />
      <counter type="METHOD" missed="" covered="" />
      <counter type="CLASS" missed="" covered="" />
    </sourcefile>
    <sourcefile name="TripulanteRepository.java">
      <line nr="" mi="" ci="" mb="" cb="" />
      <line nr="" mi="" ci="" mb="" cb="" />
      <line nr="" mi="" ci="" mb="" cb="" />
      <line nr="" mi="" ci="" mb="" cb="" />
      <line nr="" mi="" ci="" mb="" cb="" />
      <line nr="" mi="" ci="" mb="" cb="" />
      <line nr="" mi="" ci="" mb="" cb="" />
      <line nr="" mi="" ci="" mb="" cb="" />
      <line nr="" mi="" ci="" mb="" cb="" />
      <line nr="" mi="" ci="" mb="" cb="" />
      <line nr="" mi="" ci="" mb="" cb="" />
      <counter type="INSTRUCTION" missed="" covered="" />
      <counter type="LINE" missed="" covered="" />
      <counter type="COMPLEXITY" missed="" covered="" />
      <counter type="METHOD" missed="" covered="" />
      <counter type="CLASS" missed="" covered="" />
    </sourcefile>
    <counter type="INSTRUCTION" missed="" covered="" />
    <counter type="LINE" missed="" covered="" />
    <counter type="COMPLEXITY" missed="" covered="" />
    <counter type="METHOD" missed="" covered="" />
    <counter type="CLASS" missed="" covered="" />
  </package>
  <package name="Context/MongoDB">
    <class
      name="Context/MongoDB/WriteDbContext"
      sourcefilename="WriteDbContext.java"
    >
      <method name="&lt;init&gt;" desc="()V" line="">
        <counter type="INSTRUCTION" missed="" covered="" />
        <counter type="LINE" missed="" covered="" />
        <counter type="COMPLEXITY" missed="" covered="" />
        <counter type="METHOD" missed="" covered="" />
      </method>
      <method name="onModelCreating" desc="(Ljava/util/List;)V" line="">
        <counter type="INSTRUCTION" missed="" covered="" />
        <counter type="LINE" missed="" covered="" />
        <counter type="COMPLEXITY" missed="" covered="" />
        <counter type="METHOD" missed="" covered="" />
      </method>
      <method name="isConnected" desc="()Z" line="">
        <counter type="INSTRUCTION" missed="" covered="" />
        <counter type="BRANCH" missed="" covered="" />
        <counter type="LINE" missed="" covered="" />
        <counter type="COMPLEXITY" missed="" covered="" />
        <counter type="METHOD" missed="" covered="" />
      </method>
      <method name="Commit" desc="()V" line="">
        <counter type="INSTRUCTION" missed="" covered="" />
        <counter type="LINE" missed="" covered="" />
        <counter type="COMPLEXITY" missed="" covered="" />
        <counter type="METHOD" missed="" covered="" />
      </method>
      <method name="Transaction" desc="()V" line="">
        <counter type="INSTRUCTION" missed="" covered="" />
        <counter type="LINE" missed="" covered="" />
        <counter type="COMPLEXITY" missed="" covered="" />
        <counter type="METHOD" missed="" covered="" />
      </method>
      <method name="Rollback" desc="()V" line="">
        <counter type="INSTRUCTION" missed="" covered="" />
        <counter type="LINE" missed="" covered="" />
        <counter type="COMPLEXITY" missed="" covered="" />
        <counter type="METHOD" missed="" covered="" />
      </method>
      <method name="Add" desc="(Ljava/lang/Object;Lfourteam/db/DbSet;)V" line=""
      >
        <counter type="INSTRUCTION" missed="" covered="" />
        <counter type="LINE" missed="" covered="" />
        <counter type="COMPLEXITY" missed="" covered="" />
        <counter type="METHOD" missed="" covered="" />
      </method>
      <method
        name="Update"
        desc="(Ljava/lang/Object;Lfourteam/db/IDbSet$BooleanFunction;Lfourteam/db/DbSet;)V"
        line=""
      >
        <counter type="INSTRUCTION" missed="" covered="" />
        <counter type="LINE" missed="" covered="" />
        <counter type="COMPLEXITY" missed="" covered="" />
        <counter type="METHOD" missed="" covered="" />
      </method>
      <method
        name="Delete"
        desc="(Lfourteam/db/IDbSet$BooleanFunction;Lfourteam/db/DbSet;)V"
        line=""
      >
        <counter type="INSTRUCTION" missed="" covered="" />
        <counter type="LINE" missed="" covered="" />
        <counter type="COMPLEXITY" missed="" covered="" />
        <counter type="METHOD" missed="" covered="" />
      </method>
      <method
        name="Single"
        desc="(Lfourteam/db/IDbSet$BooleanFunction;Lfourteam/db/DbSet;)Ljava/lang/Object;"
        line=""
      >
        <counter type="INSTRUCTION" missed="" covered="" />
        <counter type="BRANCH" missed="" covered="" />
        <counter type="LINE" missed="" covered="" />
        <counter type="COMPLEXITY" missed="" covered="" />
        <counter type="METHOD" missed="" covered="" />
      </method>
      <method name="All" desc="(Lfourteam/db/DbSet;)Ljava/util/List;" line="">
        <counter type="INSTRUCTION" missed="" covered="" />
        <counter type="LINE" missed="" covered="" />
        <counter type="COMPLEXITY" missed="" covered="" />
        <counter type="METHOD" missed="" covered="" />
      </method>
      <method
        name="Filter"
        desc="(Lfourteam/db/IDbSet$BooleanFunction;Lfourteam/db/DbSet;)Ljava/util/List;"
        line=""
      >
        <counter type="INSTRUCTION" missed="" covered="" />
        <counter type="LINE" missed="" covered="" />
        <counter type="COMPLEXITY" missed="" covered="" />
        <counter type="METHOD" missed="" covered="" />
      </method>
      <method
        name="parseObject"
        desc="(Lfourteam/db/DbSet;Lorg/bson/Document;)Ljava/lang/Object;"
        line=""
      >
        <counter type="INSTRUCTION" missed="" covered="" />
        <counter type="LINE" missed="" covered="" />
        <counter type="COMPLEXITY" missed="" covered="" />
        <counter type="METHOD" missed="" covered="" />
      </method>
      <method
        name="lambda$Filter$6"
        desc="(Lfourteam/db/DbSet;Lfourteam/db/IDbSet$BooleanFunction;Ljava/util/ArrayList;Lorg/bson/Document;)V"
        line=""
      >
        <counter type="INSTRUCTION" missed="" covered="" />
        <counter type="BRANCH" missed="" covered="" />
        <counter type="LINE" missed="" covered="" />
        <counter type="COMPLEXITY" missed="" covered="" />
        <counter type="METHOD" missed="" covered="" />
      </method>
      <method
        name="lambda$All$5"
        desc="(Ljava/util/ArrayList;Lfourteam/db/DbSet;Lorg/bson/Document;)V"
        line=""
      >
        <counter type="INSTRUCTION" missed="" covered="" />
        <counter type="LINE" missed="" covered="" />
        <counter type="COMPLEXITY" missed="" covered="" />
        <counter type="METHOD" missed="" covered="" />
      </method>
      <method
        name="lambda$Single$4"
        desc="(Lfourteam/db/DbSet;Lfourteam/db/IDbSet$BooleanFunction;Ljava/util/ArrayList;Lorg/bson/Document;)V"
        line=""
      >
        <counter type="INSTRUCTION" missed="" covered="" />
        <counter type="BRANCH" missed="" covered="" />
        <counter type="LINE" missed="" covered="" />
        <counter type="COMPLEXITY" missed="" covered="" />
        <counter type="METHOD" missed="" covered="" />
      </method>
      <method
        name="lambda$Delete$3"
        desc="(Lfourteam/db/DbSet;Lfourteam/db/IDbSet$BooleanFunction;Lorg/bson/Document;)V"
        line=""
      >
        <counter type="INSTRUCTION" missed="" covered="" />
        <counter type="BRANCH" missed="" covered="" />
        <counter type="LINE" missed="" covered="" />
        <counter type="COMPLEXITY" missed="" covered="" />
        <counter type="METHOD" missed="" covered="" />
      </method>
      <method
        name="lambda$Update$2"
        desc="(Lfourteam/db/DbSet;Lfourteam/db/IDbSet$BooleanFunction;Ljava/lang/Object;Lorg/bson/Document;)V"
        line=""
      >
        <counter type="INSTRUCTION" missed="" covered="" />
        <counter type="BRANCH" missed="" covered="" />
        <counter type="LINE" missed="" covered="" />
        <counter type="COMPLEXITY" missed="" covered="" />
        <counter type="METHOD" missed="" covered="" />
      </method>
      <method
        name="lambda$Update$1"
        desc="(Lorg/bson/Document;Lorg/bson/Document;Ljava/util/Map$Entry;)V"
        line=""
      >
        <counter type="INSTRUCTION" missed="" covered="" />
        <counter type="BRANCH" missed="" covered="" />
        <counter type="LINE" missed="" covered="" />
        <counter type="COMPLEXITY" missed="" covered="" />
        <counter type="METHOD" missed="" covered="" />
      </method>
      <method
        name="lambda$onModelCreating$0"
        desc="(Lfourteam/db/DbSet;)V"
        line=""
      >
        <counter type="INSTRUCTION" missed="" covered="" />
        <counter type="LINE" missed="" covered="" />
        <counter type="COMPLEXITY" missed="" covered="" />
        <counter type="METHOD" missed="" covered="" />
      </method>
      <counter type="INSTRUCTION" missed="" covered="" />
      <counter type="BRANCH" missed="" covered="" />
      <counter type="LINE" missed="" covered="" />
      <counter type="COMPLEXITY" missed="" covered="" />
      <counter type="METHOD" missed="" covered="" />
      <counter type="CLASS" missed="" covered="" />
    </class>
    <sourcefile name="WriteDbContext.java">
      <line nr="" mi="" ci="" mb="" cb="" />
      <line nr="" mi="" ci="" mb="" cb="" />
      <line nr="" mi="" ci="" mb="" cb="" />
      <line nr="" mi="" ci="" mb="" cb="" />
      <line nr="" mi="" ci="" mb="" cb="" />
      <line nr="" mi="" ci="" mb="" cb="" />
      <line nr="" mi="" ci="" mb="" cb="" />
      <line nr="" mi="" ci="" mb="" cb="" />
      <line nr="" mi="" ci="" mb="" cb="" />
      <line nr="" mi="" ci="" mb="" cb="" />
      <line nr="" mi="" ci="" mb="" cb="" />
      <line nr="" mi="" ci="" mb="" cb="" />
      <line nr="" mi="" ci="" mb="" cb="" />
      <line nr="" mi="" ci="" mb="" cb="" />
      <line nr="" mi="" ci="" mb="" cb="" />
      <line nr="" mi="" ci="" mb="" cb="" />
      <line nr="" mi="" ci="" mb="" cb="" />
      <line nr="" mi="" ci="" mb="" cb="" />
      <line nr="" mi="" ci="" mb="" cb="" />
      <line nr="" mi="" ci="" mb="" cb="" />
      <line nr="" mi="" ci="" mb="" cb="" />
      <line nr="" mi="" ci="" mb="" cb="" />
      <line nr="" mi="" ci="" mb="" cb="" />
      <line nr="" mi="" ci="" mb="" cb="" />
      <line nr="" mi="" ci="" mb="" cb="" />
      <line nr="" mi="" ci="" mb="" cb="" />
      <line nr="" mi="" ci="" mb="" cb="" />
      <line nr="" mi="" ci="" mb="" cb="" />
      <line nr="" mi="" ci="" mb="" cb="" />
      <line nr="" mi="" ci="" mb="" cb="" />
      <line nr="" mi="" ci="" mb="" cb="" />
      <line nr="" mi="" ci="" mb="" cb="" />
      <line nr="" mi="" ci="" mb="" cb="" />
      <line nr="" mi="" ci="" mb="" cb="" />
      <line nr="" mi="" ci="" mb="" cb="" />
      <line nr="" mi="" ci="" mb="" cb="" />
      <line nr="" mi="" ci="" mb="" cb="" />
      <line nr="" mi="" ci="" mb="" cb="" />
      <line nr="" mi="" ci="" mb="" cb="" />
      <line nr="" mi="" ci="" mb="" cb="" />
      <line nr="" mi="" ci="" mb="" cb="" />
      <line nr="" mi="" ci="" mb="" cb="" />
      <line nr="" mi="" ci="" mb="" cb="" />
      <line nr="" mi="" ci="" mb="" cb="" />
      <line nr="" mi="" ci="" mb="" cb="" />
      <line nr="" mi="" ci="" mb="" cb="" />
      <line nr="" mi="" ci="" mb="" cb="" />
      <line nr="" mi="" ci="" mb="" cb="" />
      <line nr="" mi="" ci="" mb="" cb="" />
      <line nr="" mi="" ci="" mb="" cb="" />
      <line nr="" mi="" ci="" mb="" cb="" />
      <line nr="" mi="" ci="" mb="" cb="" />
      <line nr="" mi="" ci="" mb="" cb="" />
      <line nr="" mi="" ci="" mb="" cb="" />
      <line nr="" mi="" ci="" mb="" cb="" />
      <line nr="" mi="" ci="" mb="" cb="" />
      <line nr="" mi="" ci="" mb="" cb="" />
      <line nr="" mi="" ci="" mb="" cb="" />
      <line nr="" mi="" ci="" mb="" cb="" />
      <line nr="" mi="" ci="" mb="" cb="" />
      <line nr="" mi="" ci="" mb="" cb="" />
      <line nr="" mi="" ci="" mb="" cb="" />
      <line nr="" mi="" ci="" mb="" cb="" />
      <line nr="" mi="" ci="" mb="" cb="" />
      <line nr="" mi="" ci="" mb="" cb="" />
      <counter type="INSTRUCTION" missed="" covered="" />
      <counter type="BRANCH" missed="" covered="" />
      <counter type="LINE" missed="" covered="" />
      <counter type="COMPLEXITY" missed="" covered="" />
      <counter type="METHOD" missed="" covered="" />
      <counter type="CLASS" missed="" covered="" />
    </sourcefile>
    <counter type="INSTRUCTION" missed="" covered="" />
    <counter type="BRANCH" missed="" covered="" />
    <counter type="LINE" missed="" covered="" />
    <counter type="COMPLEXITY" missed="" covered="" />
    <counter type="METHOD" missed="" covered="" />
    <counter type="CLASS" missed="" covered="" />
  </package>
  <counter type="INSTRUCTION" missed="" covered="" />
  <counter type="BRANCH" missed="" covered="" />
  <counter type="LINE" missed="" covered="" />
  <counter type="COMPLEXITY" missed="" covered="" />
  <counter type="METHOD" missed="" covered="" />
  <counter type="CLASS" missed="" covered="" />
</report>
<report name="Infraestructure">
  <sessioninfo id="DESKTOP-2U456GH-9b221453" start="" dump="" />
  <sessioninfo id="DESKTOP-2U456GH-973b8d31" start="" dump="" />
  <sessioninfo id="DESKTOP-2U456GH-2897d33a" start="" dump="" />
  <sessioninfo id="DESKTOP-2U456GH-5a970dfa" start="" dump="" />
  <sessioninfo id="DESKTOP-2U456GH-57f19537" start="" dump="" />
  <sessioninfo id="DESKTOP-2U456GH-317d0746" start="" dump="" />
  <sessioninfo id="DESKTOP-2U456GH-658cf4f3" start="" dump="" />
  <sessioninfo id="DESKTOP-2U456GH-854d73fc" start="" dump="" />
  <sessioninfo id="DESKTOP-2U456GH-5e2dcc94" start="" dump="" />
  <sessioninfo id="DESKTOP-2U456GH-522e9b13" start="" dump="" />
  <sessioninfo id="DESKTOP-2U456GH-91c0d1a0" start="" dump="" />
  <sessioninfo id="DESKTOP-2U456GH-b502e744" start="" dump="" />
  <sessioninfo id="DESKTOP-2U456GH-2fe2fbfe" start="" dump="" />
  <sessioninfo id="DESKTOP-2U456GH-9a090b2c" start="" dump="" />
  <sessioninfo id="DESKTOP-2U456GH-d304e489" start="" dump="" />
  <sessioninfo id="DESKTOP-2U456GH-cb64690" start="" dump="" />
  <sessioninfo id="DESKTOP-2U456GH-480e0b4e" start="" dump="" />
  <sessioninfo id="DESKTOP-2U456GH-75a27663" start="" dump="" />
  <sessioninfo id="DESKTOP-2U456GH-a88ed1d" start="" dump="" />
  <sessioninfo id="DESKTOP-2U456GH-b818bf51" start="" dump="" />
  <sessioninfo id="DESKTOP-2U456GH-529e440b" start="" dump="" />
  <sessioninfo id="DESKTOP-2U456GH-7ae899ef" start="" dump="" />
  <sessioninfo id="DESKTOP-2U456GH-64035b51" start="" dump="" />
  <sessioninfo id="DESKTOP-2U456GH-ef3244a4" start="" dump="" />
  <sessioninfo id="DESKTOP-2U456GH-bbc45db0" start="" dump="" />
  <sessioninfo id="DESKTOP-2U456GH-e83cb2e9" start="" dump="" />
  <sessioninfo id="DESKTOP-2U456GH-e9c491e1" start="" dump="" />
  <sessioninfo id="DESKTOP-2U456GH-f57a66d8" start="" dump="" />
  <sessioninfo id="DESKTOP-2U456GH-2e3924a6" start="" dump="" />
  <sessioninfo id="DESKTOP-2U456GH-f4e08daa" start="" dump="" />
  <sessioninfo id="DESKTOP-2U456GH-fc599f15" start="" dump="" />
  <sessioninfo id="DESKTOP-2U456GH-4a3cefed" start="" dump="" />
  <sessioninfo id="DESKTOP-2U456GH-cb07d6b" start="" dump="" />
  <sessioninfo id="DESKTOP-2U456GH-79ba059b" start="" dump="" />
  <sessioninfo id="DESKTOP-2U456GH-49668281" start="" dump="" />
  <sessioninfo id="DESKTOP-2U456GH-fcd6bab3" start="" dump="" />
  <sessioninfo id="DESKTOP-2U456GH-706e746f" start="" dump="" />
  <sessioninfo id="DESKTOP-2U456GH-8315385e" start="" dump="" />
  <sessioninfo id="DESKTOP-2U456GH-8add087" start="" dump="" />
  <package name="">
    <class name="UnitOfWork" sourcefilename="UnitOfWork.java">
      <method
        name="&lt;init&gt;"
        desc="(LContext/IWriteDbContext;Lfourteam/mediator/Mediator;)V"
        line=""
      >
        <counter type="INSTRUCTION" missed="" covered="" />
        <counter type="LINE" missed="" covered="" />
        <counter type="COMPLEXITY" missed="" covered="" />
        <counter type="METHOD" missed="" covered="" />
      </method>
      <method name="commit" desc="()V" line="">
        <counter type="INSTRUCTION" missed="" covered="" />
        <counter type="BRANCH" missed="" covered="" />
        <counter type="LINE" missed="" covered="" />
        <counter type="COMPLEXITY" missed="" covered="" />
        <counter type="METHOD" missed="" covered="" />
      </method>
      <counter type="INSTRUCTION" missed="" covered="" />
      <counter type="BRANCH" missed="" covered="" />
      <counter type="LINE" missed="" covered="" />
      <counter type="COMPLEXITY" missed="" covered="" />
      <counter type="METHOD" missed="" covered="" />
      <counter type="CLASS" missed="" covered="" />
    </class>
    <class name="Infraestructure" sourcefilename="Infraestructure.java">
      <method name="&lt;init&gt;" desc="()V" line="">
        <counter type="INSTRUCTION" missed="" covered="" />
        <counter type="LINE" missed="" covered="" />
        <counter type="COMPLEXITY" missed="" covered="" />
        <counter type="METHOD" missed="" covered="" />
      </method>
      <method name="AddInfraestructure" desc="()V" line="">
        <counter type="INSTRUCTION" missed="" covered="" />
        <counter type="LINE" missed="" covered="" />
        <counter type="COMPLEXITY" missed="" covered="" />
        <counter type="METHOD" missed="" covered="" />
      </method>
      <counter type="INSTRUCTION" missed="" covered="" />
      <counter type="LINE" missed="" covered="" />
      <counter type="COMPLEXITY" missed="" covered="" />
      <counter type="METHOD" missed="" covered="" />
      <counter type="CLASS" missed="" covered="" />
    </class>
    <sourcefile name="UnitOfWork.java">
      <line nr="" mi="" ci="" mb="" cb="" />
      <line nr="" mi="" ci="" mb="" cb="" />
      <line nr="" mi="" ci="" mb="" cb="" />
      <line nr="" mi="" ci="" mb="" cb="" />
      <line nr="" mi="" ci="" mb="" cb="" />
      <line nr="" mi="" ci="" mb="" cb="" />
      <line nr="" mi="" ci="" mb="" cb="" />
      <line nr="" mi="" ci="" mb="" cb="" />
      <line nr="" mi="" ci="" mb="" cb="" />
      <line nr="" mi="" ci="" mb="" cb="" />
      <line nr="" mi="" ci="" mb="" cb="" />
      <counter type="INSTRUCTION" missed="" covered="" />
      <counter type="BRANCH" missed="" covered="" />
      <counter type="LINE" missed="" covered="" />
      <counter type="COMPLEXITY" missed="" covered="" />
      <counter type="METHOD" missed="" covered="" />
      <counter type="CLASS" missed="" covered="" />
    </sourcefile>
    <sourcefile name="Infraestructure.java">
      <line nr="" mi="" ci="" mb="" cb="" />
      <line nr="" mi="" ci="" mb="" cb="" />
      <line nr="" mi="" ci="" mb="" cb="" />
      <line nr="" mi="" ci="" mb="" cb="" />
      <line nr="" mi="" ci="" mb="" cb="" />
      <line nr="" mi="" ci="" mb="" cb="" />
      <line nr="" mi="" ci="" mb="" cb="" />
      <line nr="" mi="" ci="" mb="" cb="" />
      <counter type="INSTRUCTION" missed="" covered="" />
      <counter type="LINE" missed="" covered="" />
      <counter type="COMPLEXITY" missed="" covered="" />
      <counter type="METHOD" missed="" covered="" />
      <counter type="CLASS" missed="" covered="" />
    </sourcefile>
    <counter type="INSTRUCTION" missed="" covered="" />
    <counter type="BRANCH" missed="" covered="" />
    <counter type="LINE" missed="" covered="" />
    <counter type="COMPLEXITY" missed="" covered="" />
    <counter type="METHOD" missed="" covered="" />
    <counter type="CLASS" missed="" covered="" />
  </package>
  <package name="Context">
    <class name="Context/IWriteDbContext" sourcefilename="IWriteDbContext.java">
      <method name="&lt;init&gt;" desc="(Ljava/lang/Class;)V" line="">
        <counter type="INSTRUCTION" missed="" covered="" />
        <counter type="LINE" missed="" covered="" />
        <counter type="COMPLEXITY" missed="" covered="" />
        <counter type="METHOD" missed="" covered="" />
      </method>
      <counter type="INSTRUCTION" missed="" covered="" />
      <counter type="LINE" missed="" covered="" />
      <counter type="COMPLEXITY" missed="" covered="" />
      <counter type="METHOD" missed="" covered="" />
      <counter type="CLASS" missed="" covered="" />
    </class>
    <sourcefile name="IWriteDbContext.java">
      <line nr="" mi="" ci="" mb="" cb="" />
      <line nr="" mi="" ci="" mb="" cb="" />
      <counter type="INSTRUCTION" missed="" covered="" />
      <counter type="LINE" missed="" covered="" />
      <counter type="COMPLEXITY" missed="" covered="" />
      <counter type="METHOD" missed="" covered="" />
      <counter type="CLASS" missed="" covered="" />
    </sourcefile>
    <counter type="INSTRUCTION" missed="" covered="" />
    <counter type="LINE" missed="" covered="" />
    <counter type="COMPLEXITY" missed="" covered="" />
    <counter type="METHOD" missed="" covered="" />
    <counter type="CLASS" missed="" covered="" />
  </package>
  <package name="Repository">
    <class
      name="Repository/TripulanteRepository"
      sourcefilename="TripulanteRepository.java"
    >
      <method name="&lt;init&gt;" desc="(LContext/IWriteDbContext;)V" line="">
        <counter type="INSTRUCTION" missed="" covered="" />
        <counter type="LINE" missed="" covered="" />
        <counter type="COMPLEXITY" missed="" covered="" />
        <counter type="METHOD" missed="" covered="" />
      </method>
      <method name="GetAll" desc="()Ljava/util/List;" line="">
        <counter type="INSTRUCTION" missed="" covered="" />
        <counter type="LINE" missed="" covered="" />
        <counter type="COMPLEXITY" missed="" covered="" />
        <counter type="METHOD" missed="" covered="" />
      </method>
      <method
        name="FindByKey"
        desc="(Ljava/util/UUID;)LModel/Vuelos/Tripulante;"
        line=""
      >
        <counter type="INSTRUCTION" missed="" covered="" />
        <counter type="LINE" missed="" covered="" />
        <counter type="COMPLEXITY" missed="" covered="" />
        <counter type="METHOD" missed="" covered="" />
      </method>
      <method name="Create" desc="(LModel/Vuelos/Tripulante;)V" line="">
        <counter type="INSTRUCTION" missed="" covered="" />
        <counter type="LINE" missed="" covered="" />
        <counter type="COMPLEXITY" missed="" covered="" />
        <counter type="METHOD" missed="" covered="" />
      </method>
      <method
        name="Update"
        desc="(LModel/Vuelos/Tripulante;)LModel/Vuelos/Tripulante;"
        line=""
      >
        <counter type="INSTRUCTION" missed="" covered="" />
        <counter type="LINE" missed="" covered="" />
        <counter type="COMPLEXITY" missed="" covered="" />
        <counter type="METHOD" missed="" covered="" />
      </method>
      <method
        name="Delete"
        desc="(LModel/Vuelos/Tripulante;)LModel/Vuelos/Tripulante;"
        line=""
      >
        <counter type="INSTRUCTION" missed="" covered="" />
        <counter type="LINE" missed="" covered="" />
        <counter type="COMPLEXITY" missed="" covered="" />
        <counter type="METHOD" missed="" covered="" />
      </method>
      <method
        name="lambda$Delete$2"
        desc="(LModel/Vuelos/Tripulante;LModel/Vuelos/Tripulante;)Z"
        line=""
      >
        <counter type="INSTRUCTION" missed="" covered="" />
        <counter type="LINE" missed="" covered="" />
        <counter type="COMPLEXITY" missed="" covered="" />
        <counter type="METHOD" missed="" covered="" />
      </method>
      <method
        name="lambda$Update$1"
        desc="(LModel/Vuelos/Tripulante;LModel/Vuelos/Tripulante;)Z"
        line=""
      >
        <counter type="INSTRUCTION" missed="" covered="" />
        <counter type="LINE" missed="" covered="" />
        <counter type="COMPLEXITY" missed="" covered="" />
        <counter type="METHOD" missed="" covered="" />
      </method>
      <method
        name="lambda$FindByKey$0"
        desc="(Ljava/util/UUID;LModel/Vuelos/Tripulante;)Z"
        line=""
      >
        <counter type="INSTRUCTION" missed="" covered="" />
        <counter type="LINE" missed="" covered="" />
        <counter type="COMPLEXITY" missed="" covered="" />
        <counter type="METHOD" missed="" covered="" />
      </method>
      <counter type="INSTRUCTION" missed="" covered="" />
      <counter type="LINE" missed="" covered="" />
      <counter type="COMPLEXITY" missed="" covered="" />
      <counter type="METHOD" missed="" covered="" />
      <counter type="CLASS" missed="" covered="" />
    </class>
    <class
      name="Repository/VueloRepository"
      sourcefilename="VueloRepository.java"
    >
      <method name="&lt;init&gt;" desc="(LContext/IWriteDbContext;)V" line="">
        <counter type="INSTRUCTION" missed="" covered="" />
        <counter type="LINE" missed="" covered="" />
        <counter type="COMPLEXITY" missed="" covered="" />
        <counter type="METHOD" missed="" covered="" />
      </method>
      <method name="GetAll" desc="()Ljava/util/List;" line="">
        <counter type="INSTRUCTION" missed="" covered="" />
        <counter type="LINE" missed="" covered="" />
        <counter type="COMPLEXITY" missed="" covered="" />
        <counter type="METHOD" missed="" covered="" />
      </method>
      <method
        name="FindByKey"
        desc="(Ljava/util/UUID;)LModel/Vuelos/Vuelo;"
        line=""
      >
        <counter type="INSTRUCTION" missed="" covered="" />
        <counter type="LINE" missed="" covered="" />
        <counter type="COMPLEXITY" missed="" covered="" />
        <counter type="METHOD" missed="" covered="" />
      </method>
      <method name="Create" desc="(LModel/Vuelos/Vuelo;)V" line="">
        <counter type="INSTRUCTION" missed="" covered="" />
        <counter type="LINE" missed="" covered="" />
        <counter type="COMPLEXITY" missed="" covered="" />
        <counter type="METHOD" missed="" covered="" />
      </method>
      <method
        name="Update"
        desc="(LModel/Vuelos/Vuelo;)LModel/Vuelos/Vuelo;"
        line=""
      >
        <counter type="INSTRUCTION" missed="" covered="" />
        <counter type="LINE" missed="" covered="" />
        <counter type="COMPLEXITY" missed="" covered="" />
        <counter type="METHOD" missed="" covered="" />
      </method>
      <method
        name="Delete"
        desc="(LModel/Vuelos/Vuelo;)LModel/Vuelos/Vuelo;"
        line=""
      >
        <counter type="INSTRUCTION" missed="" covered="" />
        <counter type="LINE" missed="" covered="" />
        <counter type="COMPLEXITY" missed="" covered="" />
        <counter type="METHOD" missed="" covered="" />
      </method>
      <method
        name="lambda$Delete$2"
        desc="(LModel/Vuelos/Vuelo;LModel/Vuelos/Vuelo;)Z"
        line=""
      >
        <counter type="INSTRUCTION" missed="" covered="" />
        <counter type="LINE" missed="" covered="" />
        <counter type="COMPLEXITY" missed="" covered="" />
        <counter type="METHOD" missed="" covered="" />
      </method>
      <method
        name="lambda$Update$1"
        desc="(LModel/Vuelos/Vuelo;LModel/Vuelos/Vuelo;)Z"
        line=""
      >
        <counter type="INSTRUCTION" missed="" covered="" />
        <counter type="LINE" missed="" covered="" />
        <counter type="COMPLEXITY" missed="" covered="" />
        <counter type="METHOD" missed="" covered="" />
      </method>
      <method
        name="lambda$FindByKey$0"
        desc="(Ljava/util/UUID;LModel/Vuelos/Vuelo;)Z"
        line=""
      >
        <counter type="INSTRUCTION" missed="" covered="" />
        <counter type="LINE" missed="" covered="" />
        <counter type="COMPLEXITY" missed="" covered="" />
        <counter type="METHOD" missed="" covered="" />
      </method>
      <counter type="INSTRUCTION" missed="" covered="" />
      <counter type="LINE" missed="" covered="" />
      <counter type="COMPLEXITY" missed="" covered="" />
      <counter type="METHOD" missed="" covered="" />
      <counter type="CLASS" missed="" covered="" />
    </class>
    <sourcefile name="VueloRepository.java">
      <line nr="" mi="" ci="" mb="" cb="" />
      <line nr="" mi="" ci="" mb="" cb="" />
      <line nr="" mi="" ci="" mb="" cb="" />
      <line nr="" mi="" ci="" mb="" cb="" />
      <line nr="" mi="" ci="" mb="" cb="" />
      <line nr="" mi="" ci="" mb="" cb="" />
      <line nr="" mi="" ci="" mb="" cb="" />
      <line nr="" mi="" ci="" mb="" cb="" />
      <line nr="" mi="" ci="" mb="" cb="" />
      <line nr="" mi="" ci="" mb="" cb="" />
      <line nr="" mi="" ci="" mb="" cb="" />
      <counter type="INSTRUCTION" missed="" covered="" />
      <counter type="LINE" missed="" covered="" />
      <counter type="COMPLEXITY" missed="" covered="" />
      <counter type="METHOD" missed="" covered="" />
      <counter type="CLASS" missed="" covered="" />
    </sourcefile>
    <sourcefile name="TripulanteRepository.java">
      <line nr="" mi="" ci="" mb="" cb="" />
      <line nr="" mi="" ci="" mb="" cb="" />
      <line nr="" mi="" ci="" mb="" cb="" />
      <line nr="" mi="" ci="" mb="" cb="" />
      <line nr="" mi="" ci="" mb="" cb="" />
      <line nr="" mi="" ci="" mb="" cb="" />
      <line nr="" mi="" ci="" mb="" cb="" />
      <line nr="" mi="" ci="" mb="" cb="" />
      <line nr="" mi="" ci="" mb="" cb="" />
      <line nr="" mi="" ci="" mb="" cb="" />
      <line nr="" mi="" ci="" mb="" cb="" />
      <counter type="INSTRUCTION" missed="" covered="" />
      <counter type="LINE" missed="" covered="" />
      <counter type="COMPLEXITY" missed="" covered="" />
      <counter type="METHOD" missed="" covered="" />
      <counter type="CLASS" missed="" covered="" />
    </sourcefile>
    <counter type="INSTRUCTION" missed="" covered="" />
    <counter type="LINE" missed="" covered="" />
    <counter type="COMPLEXITY" missed="" covered="" />
    <counter type="METHOD" missed="" covered="" />
    <counter type="CLASS" missed="" covered="" />
  </package>
  <package name="Context/MongoDB">
    <class
      name="Context/MongoDB/WriteDbContext"
      sourcefilename="WriteDbContext.java"
    >
      <method name="&lt;init&gt;" desc="()V" line="">
        <counter type="INSTRUCTION" missed="" covered="" />
        <counter type="LINE" missed="" covered="" />
        <counter type="COMPLEXITY" missed="" covered="" />
        <counter type="METHOD" missed="" covered="" />
      </method>
      <method name="onModelCreating" desc="(Ljava/util/List;)V" line="">
        <counter type="INSTRUCTION" missed="" covered="" />
        <counter type="LINE" missed="" covered="" />
        <counter type="COMPLEXITY" missed="" covered="" />
        <counter type="METHOD" missed="" covered="" />
      </method>
      <method name="isConnected" desc="()Z" line="">
        <counter type="INSTRUCTION" missed="" covered="" />
        <counter type="BRANCH" missed="" covered="" />
        <counter type="LINE" missed="" covered="" />
        <counter type="COMPLEXITY" missed="" covered="" />
        <counter type="METHOD" missed="" covered="" />
      </method>
      <method name="Commit" desc="()V" line="">
        <counter type="INSTRUCTION" missed="" covered="" />
        <counter type="LINE" missed="" covered="" />
        <counter type="COMPLEXITY" missed="" covered="" />
        <counter type="METHOD" missed="" covered="" />
      </method>
      <method name="Transaction" desc="()V" line="">
        <counter type="INSTRUCTION" missed="" covered="" />
        <counter type="LINE" missed="" covered="" />
        <counter type="COMPLEXITY" missed="" covered="" />
        <counter type="METHOD" missed="" covered="" />
      </method>
      <method name="Rollback" desc="()V" line="">
        <counter type="INSTRUCTION" missed="" covered="" />
        <counter type="LINE" missed="" covered="" />
        <counter type="COMPLEXITY" missed="" covered="" />
        <counter type="METHOD" missed="" covered="" />
      </method>
      <method name="Add" desc="(Ljava/lang/Object;Lfourteam/db/DbSet;)V" line=""
      >
        <counter type="INSTRUCTION" missed="" covered="" />
        <counter type="LINE" missed="" covered="" />
        <counter type="COMPLEXITY" missed="" covered="" />
        <counter type="METHOD" missed="" covered="" />
      </method>
      <method
        name="Update"
        desc="(Ljava/lang/Object;Lfourteam/db/IDbSet$BooleanFunction;Lfourteam/db/DbSet;)V"
        line=""
      >
        <counter type="INSTRUCTION" missed="" covered="" />
        <counter type="LINE" missed="" covered="" />
        <counter type="COMPLEXITY" missed="" covered="" />
        <counter type="METHOD" missed="" covered="" />
      </method>
      <method
        name="Delete"
        desc="(Lfourteam/db/IDbSet$BooleanFunction;Lfourteam/db/DbSet;)V"
        line=""
      >
        <counter type="INSTRUCTION" missed="" covered="" />
        <counter type="LINE" missed="" covered="" />
        <counter type="COMPLEXITY" missed="" covered="" />
        <counter type="METHOD" missed="" covered="" />
      </method>
      <method
        name="Single"
        desc="(Lfourteam/db/IDbSet$BooleanFunction;Lfourteam/db/DbSet;)Ljava/lang/Object;"
        line=""
      >
        <counter type="INSTRUCTION" missed="" covered="" />
        <counter type="BRANCH" missed="" covered="" />
        <counter type="LINE" missed="" covered="" />
        <counter type="COMPLEXITY" missed="" covered="" />
        <counter type="METHOD" missed="" covered="" />
      </method>
      <method name="All" desc="(Lfourteam/db/DbSet;)Ljava/util/List;" line="">
        <counter type="INSTRUCTION" missed="" covered="" />
        <counter type="LINE" missed="" covered="" />
        <counter type="COMPLEXITY" missed="" covered="" />
        <counter type="METHOD" missed="" covered="" />
      </method>
      <method
        name="Filter"
        desc="(Lfourteam/db/IDbSet$BooleanFunction;Lfourteam/db/DbSet;)Ljava/util/List;"
        line=""
      >
        <counter type="INSTRUCTION" missed="" covered="" />
        <counter type="LINE" missed="" covered="" />
        <counter type="COMPLEXITY" missed="" covered="" />
        <counter type="METHOD" missed="" covered="" />
      </method>
      <method
        name="parseObject"
        desc="(Lfourteam/db/DbSet;Lorg/bson/Document;)Ljava/lang/Object;"
        line=""
      >
        <counter type="INSTRUCTION" missed="" covered="" />
        <counter type="LINE" missed="" covered="" />
        <counter type="COMPLEXITY" missed="" covered="" />
        <counter type="METHOD" missed="" covered="" />
      </method>
      <method
        name="lambda$Filter$6"
        desc="(Lfourteam/db/DbSet;Lfourteam/db/IDbSet$BooleanFunction;Ljava/util/ArrayList;Lorg/bson/Document;)V"
        line=""
      >
        <counter type="INSTRUCTION" missed="" covered="" />
        <counter type="BRANCH" missed="" covered="" />
        <counter type="LINE" missed="" covered="" />
        <counter type="COMPLEXITY" missed="" covered="" />
        <counter type="METHOD" missed="" covered="" />
      </method>
      <method
        name="lambda$All$5"
        desc="(Ljava/util/ArrayList;Lfourteam/db/DbSet;Lorg/bson/Document;)V"
        line=""
      >
        <counter type="INSTRUCTION" missed="" covered="" />
        <counter type="LINE" missed="" covered="" />
        <counter type="COMPLEXITY" missed="" covered="" />
        <counter type="METHOD" missed="" covered="" />
      </method>
      <method
        name="lambda$Single$4"
        desc="(Lfourteam/db/DbSet;Lfourteam/db/IDbSet$BooleanFunction;Ljava/util/ArrayList;Lorg/bson/Document;)V"
        line=""
      >
        <counter type="INSTRUCTION" missed="" covered="" />
        <counter type="BRANCH" missed="" covered="" />
        <counter type="LINE" missed="" covered="" />
        <counter type="COMPLEXITY" missed="" covered="" />
        <counter type="METHOD" missed="" covered="" />
      </method>
      <method
        name="lambda$Delete$3"
        desc="(Lfourteam/db/DbSet;Lfourteam/db/IDbSet$BooleanFunction;Lorg/bson/Document;)V"
        line=""
      >
        <counter type="INSTRUCTION" missed="" covered="" />
        <counter type="BRANCH" missed="" covered="" />
        <counter type="LINE" missed="" covered="" />
        <counter type="COMPLEXITY" missed="" covered="" />
        <counter type="METHOD" missed="" covered="" />
      </method>
      <method
        name="lambda$Update$2"
        desc="(Lfourteam/db/DbSet;Lfourteam/db/IDbSet$BooleanFunction;Ljava/lang/Object;Lorg/bson/Document;)V"
        line=""
      >
        <counter type="INSTRUCTION" missed="" covered="" />
        <counter type="BRANCH" missed="" covered="" />
        <counter type="LINE" missed="" covered="" />
        <counter type="COMPLEXITY" missed="" covered="" />
        <counter type="METHOD" missed="" covered="" />
      </method>
      <method
        name="lambda$Update$1"
        desc="(Lorg/bson/Document;Lorg/bson/Document;Ljava/util/Map$Entry;)V"
        line=""
      >
        <counter type="INSTRUCTION" missed="" covered="" />
        <counter type="BRANCH" missed="" covered="" />
        <counter type="LINE" missed="" covered="" />
        <counter type="COMPLEXITY" missed="" covered="" />
        <counter type="METHOD" missed="" covered="" />
      </method>
      <method
        name="lambda$onModelCreating$0"
[...]
      </method>
      <method name="Create" desc="(LModel/Vuelos/Tripulante;)V" line="">
        <counter type="INSTRUCTION" missed="" covered="" />
        <counter type="LINE" missed="" covered="" />
        <counter type="COMPLEXITY" missed="" covered="" />
        <counter type="METHOD" missed="" covered="" />
      </method>
      <method
        name="Update"
        desc="(LModel/Vuelos/Tripulante;)LModel/Vuelos/Tripulante;"
        line=""
      >
        <counter type="INSTRUCTION" missed="" covered="" />
        <counter type="LINE" missed="" covered="" />
        <counter type="COMPLEXITY" missed="" covered="" />
        <counter type="METHOD" missed="" covered="" />
      </method>
      <method
        name="Delete"
        desc="(LModel/Vuelos/Tripulante;)LModel/Vuelos/Tripulante;"
        line=""
      >
        <counter type="INSTRUCTION" missed="" covered="" />
        <counter type="LINE" missed="" covered="" />
        <counter type="COMPLEXITY" missed="" covered="" />
        <counter type="METHOD" missed="" covered="" />
      </method>
      <method
        name="lambda$Delete$2"
        desc="(LModel/Vuelos/Tripulante;LModel/Vuelos/Tripulante;)Z"
        line=""
      >
        <counter type="INSTRUCTION" missed="" covered="" />
        <counter type="LINE" missed="" covered="" />
        <counter type="COMPLEXITY" missed="" covered="" />
        <counter type="METHOD" missed="" covered="" />
      </method>
      <method
        name="lambda$Update$1"
        desc="(LModel/Vuelos/Tripulante;LModel/Vuelos/Tripulante;)Z"
        line=""
      >
        <counter type="INSTRUCTION" missed="" covered="" />
        <counter type="LINE" missed="" covered="" />
        <counter type="COMPLEXITY" missed="" covered="" />
        <counter type="METHOD" missed="" covered="" />
      </method>
      <method
        name="lambda$FindByKey$0"
        desc="(Ljava/util/UUID;LModel/Vuelos/Tripulante;)Z"
        line=""
      >
        <counter type="INSTRUCTION" missed="" covered="" />
        <counter type="LINE" missed="" covered="" />
        <counter type="COMPLEXITY" missed="" covered="" />
        <counter type="METHOD" missed="" covered="" />
      </method>
      <counter type="INSTRUCTION" missed="" covered="" />
      <counter type="LINE" missed="" covered="" />
      <counter type="COMPLEXITY" missed="" covered="" />
      <counter type="METHOD" missed="" covered="" />
      <counter type="CLASS" missed="" covered="" />
    </class>
    <class
      name="Repository/VueloRepository"
      sourcefilename="VueloRepository.java"
    >
      <method name="&lt;init&gt;" desc="(LContext/IWriteDbContext;)V" line="">
        <counter type="INSTRUCTION" missed="" covered="" />
        <counter type="LINE" missed="" covered="" />
        <counter type="COMPLEXITY" missed="" covered="" />
        <counter type="METHOD" missed="" covered="" />
      </method>
      <method name="GetAll" desc="()Ljava/util/List;" line="">
        <counter type="INSTRUCTION" missed="" covered="" />
        <counter type="LINE" missed="" covered="" />
        <counter type="COMPLEXITY" missed="" covered="" />
        <counter type="METHOD" missed="" covered="" />
      </method>
      <method
        name="FindByKey"
        desc="(Ljava/util/UUID;)LModel/Vuelos/Vuelo;"
        line=""
      >
        <counter type="INSTRUCTION" missed="" covered="" />
        <counter type="LINE" missed="" covered="" />
        <counter type="COMPLEXITY" missed="" covered="" />
        <counter type="METHOD" missed="" covered="" />
      </method>
      <method name="Create" desc="(LModel/Vuelos/Vuelo;)V" line="">
        <counter type="INSTRUCTION" missed="" covered="" />
        <counter type="LINE" missed="" covered="" />
        <counter type="COMPLEXITY" missed="" covered="" />
        <counter type="METHOD" missed="" covered="" />
      </method>
      <method
        name="Update"
        desc="(LModel/Vuelos/Vuelo;)LModel/Vuelos/Vuelo;"
        line=""
      >
        <counter type="INSTRUCTION" missed="" covered="" />
        <counter type="LINE" missed="" covered="" />
        <counter type="COMPLEXITY" missed="" covered="" />
        <counter type="METHOD" missed="" covered="" />
      </method>
      <method
        name="Delete"
        desc="(LModel/Vuelos/Vuelo;)LModel/Vuelos/Vuelo;"
        line=""
      >
        <counter type="INSTRUCTION" missed="" covered="" />
        <counter type="LINE" missed="" covered="" />
        <counter type="COMPLEXITY" missed="" covered="" />
        <counter type="METHOD" missed="" covered="" />
      </method>
      <method
        name="lambda$Delete$2"
        desc="(LModel/Vuelos/Vuelo;LModel/Vuelos/Vuelo;)Z"
        line=""
      >
        <counter type="INSTRUCTION" missed="" covered="" />
        <counter type="LINE" missed="" covered="" />
        <counter type="COMPLEXITY" missed="" covered="" />
        <counter type="METHOD" missed="" covered="" />
      </method>
      <method
        name="lambda$Update$1"
        desc="(LModel/Vuelos/Vuelo;LModel/Vuelos/Vuelo;)Z"
        line=""
      >
        <counter type="INSTRUCTION" missed="" covered="" />
        <counter type="LINE" missed="" covered="" />
        <counter type="COMPLEXITY" missed="" covered="" />
        <counter type="METHOD" missed="" covered="" />
      </method>
      <method
        name="lambda$FindByKey$0"
        desc="(Ljava/util/UUID;LModel/Vuelos/Vuelo;)Z"
        line=""
      >
        <counter type="INSTRUCTION" missed="" covered="" />
        <counter type="LINE" missed="" covered="" />
        <counter type="COMPLEXITY" missed="" covered="" />
        <counter type="METHOD" missed="" covered="" />
      </method>
      <counter type="INSTRUCTION" missed="" covered="" />
      <counter type="LINE" missed="" covered="" />
      <counter type="COMPLEXITY" missed="" covered="" />
      <counter type="METHOD" missed="" covered="" />
      <counter type="CLASS" missed="" covered="" />
    </class>
    <sourcefile name="VueloRepository.java">
      <line nr="" mi="" ci="" mb="" cb="" />
      <line nr="" mi="" ci="" mb="" cb="" />
      <line nr="" mi="" ci="" mb="" cb="" />
      <line nr="" mi="" ci="" mb="" cb="" />
      <line nr="" mi="" ci="" mb="" cb="" />
      <line nr="" mi="" ci="" mb="" cb="" />
      <line nr="" mi="" ci="" mb="" cb="" />
      <line nr="" mi="" ci="" mb="" cb="" />
      <line nr="" mi="" ci="" mb="" cb="" />
      <line nr="" mi="" ci="" mb="" cb="" />
      <line nr="" mi="" ci="" mb="" cb="" />
      <counter type="INSTRUCTION" missed="" covered="" />
      <counter type="LINE" missed="" covered="" />
      <counter type="COMPLEXITY" missed="" covered="" />
      <counter type="METHOD" missed="" covered="" />
      <counter type="CLASS" missed="" covered="" />
    </sourcefile>
    <sourcefile name="TripulanteRepository.java">
      <line nr="" mi="" ci="" mb="" cb="" />
      <line nr="" mi="" ci="" mb="" cb="" />
      <line nr="" mi="" ci="" mb="" cb="" />
      <line nr="" mi="" ci="" mb="" cb="" />
      <line nr="" mi="" ci="" mb="" cb="" />
      <line nr="" mi="" ci="" mb="" cb="" />
      <line nr="" mi="" ci="" mb="" cb="" />
      <line nr="" mi="" ci="" mb="" cb="" />
      <line nr="" mi="" ci="" mb="" cb="" />
      <line nr="" mi="" ci="" mb="" cb="" />
      <line nr="" mi="" ci="" mb="" cb="" />
      <counter type="INSTRUCTION" missed="" covered="" />
      <counter type="LINE" missed="" covered="" />
      <counter type="COMPLEXITY" missed="" covered="" />
      <counter type="METHOD" missed="" covered="" />
      <counter type="CLASS" missed="" covered="" />
    </sourcefile>
    <counter type="INSTRUCTION" missed="" covered="" />
    <counter type="LINE" missed="" covered="" />
    <counter type="COMPLEXITY" missed="" covered="" />
    <counter type="METHOD" missed="" covered="" />
    <counter type="CLASS" missed="" covered="" />
  </package>
  <package name="Context/MongoDB">
    <class
      name="Context/MongoDB/WriteDbContext"
      sourcefilename="WriteDbContext.java"
    >
      <method name="&lt;init&gt;" desc="()V" line="">
        <counter type="INSTRUCTION" missed="" covered="" />
        <counter type="LINE" missed="" covered="" />
        <counter type="COMPLEXITY" missed="" covered="" />
        <counter type="METHOD" missed="" covered="" />
      </method>
      <method name="onModelCreating" desc="(Ljava/util/List;)V" line="">
        <counter type="INSTRUCTION" missed="" covered="" />
        <counter type="LINE" missed="" covered="" />
        <counter type="COMPLEXITY" missed="" covered="" />
        <counter type="METHOD" missed="" covered="" />
      </method>
      <method name="isConnected" desc="()Z" line="">
        <counter type="INSTRUCTION" missed="" covered="" />
        <counter type="BRANCH" missed="" covered="" />
        <counter type="LINE" missed="" covered="" />
        <counter type="COMPLEXITY" missed="" covered="" />
        <counter type="METHOD" missed="" covered="" />
      </method>
      <method name="Commit" desc="()V" line="">
        <counter type="INSTRUCTION" missed="" covered="" />
        <counter type="LINE" missed="" covered="" />
        <counter type="COMPLEXITY" missed="" covered="" />
        <counter type="METHOD" missed="" covered="" />
      </method>
      <method name="Transaction" desc="()V" line="">
        <counter type="INSTRUCTION" missed="" covered="" />
        <counter type="LINE" missed="" covered="" />
        <counter type="COMPLEXITY" missed="" covered="" />
        <counter type="METHOD" missed="" covered="" />
      </method>
      <method name="Rollback" desc="()V" line="">
        <counter type="INSTRUCTION" missed="" covered="" />
        <counter type="LINE" missed="" covered="" />
        <counter type="COMPLEXITY" missed="" covered="" />
        <counter type="METHOD" missed="" covered="" />
      </method>
      <method name="Add" desc="(Ljava/lang/Object;Lfourteam/db/DbSet;)V" line=""
      >
        <counter type="INSTRUCTION" missed="" covered="" />
        <counter type="LINE" missed="" covered="" />
        <counter type="COMPLEXITY" missed="" covered="" />
        <counter type="METHOD" missed="" covered="" />
      </method>
      <method
        name="Update"
        desc="(Ljava/lang/Object;Lfourteam/db/IDbSet$BooleanFunction;Lfourteam/db/DbSet;)V"
        line=""
      >
        <counter type="INSTRUCTION" missed="" covered="" />
        <counter type="LINE" missed="" covered="" />
        <counter type="COMPLEXITY" missed="" covered="" />
        <counter type="METHOD" missed="" covered="" />
      </method>
      <method
        name="Delete"
        desc="(Lfourteam/db/IDbSet$BooleanFunction;Lfourteam/db/DbSet;)V"
        line=""
      >
        <counter type="INSTRUCTION" missed="" covered="" />
        <counter type="LINE" missed="" covered="" />
        <counter type="COMPLEXITY" missed="" covered="" />
        <counter type="METHOD" missed="" covered="" />
      </method>
      <method
        name="Single"
        desc="(Lfourteam/db/IDbSet$BooleanFunction;Lfourteam/db/DbSet;)Ljava/lang/Object;"
        line=""
      >
        <counter type="INSTRUCTION" missed="" covered="" />
        <counter type="BRANCH" missed="" covered="" />
        <counter type="LINE" missed="" covered="" />
        <counter type="COMPLEXITY" missed="" covered="" />
        <counter type="METHOD" missed="" covered="" />
      </method>
      <method name="All" desc="(Lfourteam/db/DbSet;)Ljava/util/List;" line="">
        <counter type="INSTRUCTION" missed="" covered="" />
        <counter type="LINE" missed="" covered="" />
        <counter type="COMPLEXITY" missed="" covered="" />
        <counter type="METHOD" missed="" covered="" />
      </method>
      <method
        name="Filter"
        desc="(Lfourteam/db/IDbSet$BooleanFunction;Lfourteam/db/DbSet;)Ljava/util/List;"
        line=""
      >
        <counter type="INSTRUCTION" missed="" covered="" />
        <counter type="LINE" missed="" covered="" />
        <counter type="COMPLEXITY" missed="" covered="" />
        <counter type="METHOD" missed="" covered="" />
      </method>
      <method
        name="parseObject"
        desc="(Lfourteam/db/DbSet;Lorg/bson/Document;)Ljava/lang/Object;"
        line=""
      >
        <counter type="INSTRUCTION" missed="" covered="" />
        <counter type="LINE" missed="" covered="" />
        <counter type="COMPLEXITY" missed="" covered="" />
        <counter type="METHOD" missed="" covered="" />
      </method>
      <method
        name="lambda$Filter$6"
        desc="(Lfourteam/db/DbSet;Lfourteam/db/IDbSet$BooleanFunction;Ljava/util/ArrayList;Lorg/bson/Document;)V"
        line=""
      >
        <counter type="INSTRUCTION" missed="" covered="" />
        <counter type="BRANCH" missed="" covered="" />
        <counter type="LINE" missed="" covered="" />
        <counter type="COMPLEXITY" missed="" covered="" />
        <counter type="METHOD" missed="" covered="" />
      </method>
      <method
        name="lambda$All$5"
        desc="(Ljava/util/ArrayList;Lfourteam/db/DbSet;Lorg/bson/Document;)V"
        line=""
      >
        <counter type="INSTRUCTION" missed="" covered="" />
        <counter type="LINE" missed="" covered="" />
        <counter type="COMPLEXITY" missed="" covered="" />
        <counter type="METHOD" missed="" covered="" />
      </method>
      <method
        name="lambda$Single$4"
        desc="(Lfourteam/db/DbSet;Lfourteam/db/IDbSet$BooleanFunction;Ljava/util/ArrayList;Lorg/bson/Document;)V"
        line=""
      >
        <counter type="INSTRUCTION" missed="" covered="" />
        <counter type="BRANCH" missed="" covered="" />
        <counter type="LINE" missed="" covered="" />
        <counter type="COMPLEXITY" missed="" covered="" />
        <counter type="METHOD" missed="" covered="" />
      </method>
      <method
        name="lambda$Delete$3"
        desc="(Lfourteam/db/DbSet;Lfourteam/db/IDbSet$BooleanFunction;Lorg/bson/Document;)V"
        line=""
      >
        <counter type="INSTRUCTION" missed="" covered="" />
        <counter type="BRANCH" missed="" covered="" />
        <counter type="LINE" missed="" covered="" />
        <counter type="COMPLEXITY" missed="" covered="" />
        <counter type="METHOD" missed="" covered="" />
      </method>
      <method
        name="lambda$Update$2"
        desc="(Lfourteam/db/DbSet;Lfourteam/db/IDbSet$BooleanFunction;Ljava/lang/Object;Lorg/bson/Document;)V"
        line=""
      >
        <counter type="INSTRUCTION" missed="" covered="" />
        <counter type="BRANCH" missed="" covered="" />
        <counter type="LINE" missed="" covered="" />
        <counter type="COMPLEXITY" missed="" covered="" />
        <counter type="METHOD" missed="" covered="" />
      </method>
      <method
        name="lambda$Update$1"
        desc="(Lorg/bson/Document;Lorg/bson/Document;Ljava/util/Map$Entry;)V"
        line=""
      >
        <counter type="INSTRUCTION" missed="" covered="" />
        <counter type="BRANCH" missed="" covered="" />
        <counter type="LINE" missed="" covered="" />
        <counter type="COMPLEXITY" missed="" covered="" />
        <counter type="METHOD" missed="" covered="" />
      </method>
      <method
        name="lambda$onModelCreating$0"
        desc="(Lfourteam/db/DbSet;)V"
        line=""
      >
        <counter type="INSTRUCTION" missed="" covered="" />
        <counter type="LINE" missed="" covered="" />
        <counter type="COMPLEXITY" missed="" covered="" />
        <counter type="METHOD" missed="" covered="" />
      </method>
      <counter type="INSTRUCTION" missed="" covered="" />
      <counter type="BRANCH" missed="" covered="" />
      <counter type="LINE" missed="" covered="" />
      <counter type="COMPLEXITY" missed="" covered="" />
      <counter type="METHOD" missed="" covered="" />
      <counter type="CLASS" missed="" covered="" />
    </class>
    <sourcefile name="WriteDbContext.java">
      <line nr="" mi="" ci="" mb="" cb="" />
      <line nr="" mi="" ci="" mb="" cb="" />
      <line nr="" mi="" ci="" mb="" cb="" />
      <line nr="" mi="" ci="" mb="" cb="" />
      <line nr="" mi="" ci="" mb="" cb="" />
      <line nr="" mi="" ci="" mb="" cb="" />
      <line nr="" mi="" ci="" mb="" cb="" />
      <line nr="" mi="" ci="" mb="" cb="" />
      <line nr="" mi="" ci="" mb="" cb="" />
      <line nr="" mi="" ci="" mb="" cb="" />
      <line nr="" mi="" ci="" mb="" cb="" />
      <line nr="" mi="" ci="" mb="" cb="" />
      <line nr="" mi="" ci="" mb="" cb="" />
      <line nr="" mi="" ci="" mb="" cb="" />
      <line nr="" mi="" ci="" mb="" cb="" />
      <line nr="" mi="" ci="" mb="" cb="" />
      <line nr="" mi="" ci="" mb="" cb="" />
      <line nr="" mi="" ci="" mb="" cb="" />
      <line nr="" mi="" ci="" mb="" cb="" />
      <line nr="" mi="" ci="" mb="" cb="" />
      <line nr="" mi="" ci="" mb="" cb="" />
      <line nr="" mi="" ci="" mb="" cb="" />
      <line nr="" mi="" ci="" mb="" cb="" />
      <line nr="" mi="" ci="" mb="" cb="" />
      <line nr="" mi="" ci="" mb="" cb="" />
      <line nr="" mi="" ci="" mb="" cb="" />
      <line nr="" mi="" ci="" mb="" cb="" />
      <line nr="" mi="" ci="" mb="" cb="" />
      <line nr="" mi="" ci="" mb="" cb="" />
      <line nr="" mi="" ci="" mb="" cb="" />
      <line nr="" mi="" ci="" mb="" cb="" />
      <line nr="" mi="" ci="" mb="" cb="" />
      <line nr="" mi="" ci="" mb="" cb="" />
      <line nr="" mi="" ci="" mb="" cb="" />
      <line nr="" mi="" ci="" mb="" cb="" />
      <line nr="" mi="" ci="" mb="" cb="" />
      <line nr="" mi="" ci="" mb="" cb="" />
      <line nr="" mi="" ci="" mb="" cb="" />
      <line nr="" mi="" ci="" mb="" cb="" />
      <line nr="" mi="" ci="" mb="" cb="" />
      <line nr="" mi="" ci="" mb="" cb="" />
      <line nr="" mi="" ci="" mb="" cb="" />
      <line nr="" mi="" ci="" mb="" cb="" />
      <line nr="" mi="" ci="" mb="" cb="" />
      <line nr="" mi="" ci="" mb="" cb="" />
      <line nr="" mi="" ci="" mb="" cb="" />
      <line nr="" mi="" ci="" mb="" cb="" />
      <line nr="" mi="" ci="" mb="" cb="" />
      <line nr="" mi="" ci="" mb="" cb="" />
      <line nr="" mi="" ci="" mb="" cb="" />
      <line nr="" mi="" ci="" mb="" cb="" />
      <line nr="" mi="" ci="" mb="" cb="" />
      <line nr="" mi="" ci="" mb="" cb="" />
      <line nr="" mi="" ci="" mb="" cb="" />
      <line nr="" mi="" ci="" mb="" cb="" />
      <line nr="" mi="" ci="" mb="" cb="" />
      <line nr="" mi="" ci="" mb="" cb="" />
      <line nr="" mi="" ci="" mb="" cb="" />
      <line nr="" mi="" ci="" mb="" cb="" />
      <line nr="" mi="" ci="" mb="" cb="" />
      <line nr="" mi="" ci="" mb="" cb="" />
      <line nr="" mi="" ci="" mb="" cb="" />
      <line nr="" mi="" ci="" mb="" cb="" />
      <line nr="" mi="" ci="" mb="" cb="" />
      <line nr="" mi="" ci="" mb="" cb="" />
      <counter type="INSTRUCTION" missed="" covered="" />
      <counter type="BRANCH" missed="" covered="" />
      <counter type="LINE" missed="" covered="" />
      <counter type="COMPLEXITY" missed="" covered="" />
      <counter type="METHOD" missed="" covered="" />
      <counter type="CLASS" missed="" covered="" />
    </sourcefile>
    <counter type="INSTRUCTION" missed="" covered="" />
    <counter type="BRANCH" missed="" covered="" />
    <counter type="LINE" missed="" covered="" />
    <counter type="COMPLEXITY" missed="" covered="" />
    <counter type="METHOD" missed="" covered="" />
    <counter type="CLASS" missed="" covered="" />
  </package>
  <counter type="INSTRUCTION" missed="" covered="" />
  <counter type="BRANCH" missed="" covered="" />
  <counter type="LINE" missed="" covered="" />
  <counter type="COMPLEXITY" missed="" covered="" />
  <counter type="METHOD" missed="" covered="" />
  <counter type="CLASS" missed="" covered="" />
</report>
